
**** Build of configuration Debug for project msp430 ****

"D:\\learnData\\ccs\\ccs\\utils\\bin\\gmake" -k -j 20 all -O 
 
Building file: "../main.c"
Invoking: Arm Compiler
"D:/learnData/ccs/ccs/tools/compiler/ti-cgt-arm_20.2.7.LTS/bin/armcl" -mv4 --code_state=32 --include_path="C:/Users/30628/workspace_v12/msp430" --include_path="D:/learnData/ccs/ccs/tools/compiler/ti-cgt-arm_20.2.7.LTS/include" -g --diag_warning=225 --diag_wrap=off --display_error_number --preproc_with_compile --preproc_dependency="main.d_raw"  "../main.c"
Finished building: "../main.c"
 
Building target: "msp430.out"
Invoking: Arm Linker
"D:/learnData/ccs/ccs/tools/compiler/ti-cgt-arm_20.2.7.LTS/bin/armcl" -mv4 --code_state=32 -g --diag_warning=225 --diag_wrap=off --display_error_number -z -m"msp430.map" -i"D:/learnData/ccs/ccs/tools/compiler/ti-cgt-arm_20.2.7.LTS/lib" -i"D:/learnData/ccs/ccs/tools/compiler/ti-cgt-arm_20.2.7.LTS/include" --reread_libs --diag_wrap=off --display_error_number --warn_sections --xml_link_info="msp430_linkInfo.xml" --rom_model -o "msp430.out" "./main.obj"  -llibc.a 
<Linking>
warning #10366-D: automatic library build: using library "D:\learnData\ccs\ccs\tools\compiler\ti-cgt-arm_20.2.7.LTS\lib\rtsv4_A_be_eabi.lib" for the first time, so it must be built.  This may take a few minutes.
"d:/learndata/ccs/ccs/tools/compiler/ti-cgt-arm_20.2.7.lts/lib/src/libcxx/memory", line 2338: fatal error: out of memory
1 catastrophic error detected in the compilation of "libcxx/variant.cpp".
Compilation terminated.
"d:/learndata/ccs/ccs/tools/compiler/ti-cgt-arm_20.2.7.lts/lib/src/libcxx/string", line 3801: fatal error: out of memory
1 catastrophic error detected in the compilation of "libcxx/system_error.cpp".
Compilation terminated.
"d:/learndata/ccs/ccs/tools/compiler/ti-cgt-arm_20.2.7.lts/lib/src/libcxx/memory", line 1738: fatal error: out of memory
          detected during:
            instantiation of class "std::__2::allocator<_Tp> [with _Tp=char]" at line 1470
            instantiation of class "std::__2::allocator_traits<_Alloc> [with _Alloc=std::__2::allocator<char>]" at line 640 of "d:/learndata/ccs/ccs/tools/compiler/ti-cgt-arm_20.2.7.lts/lib/src/libcxx/string"
            instantiation of class "std::__2::basic_string<_Char"d:/learndata/ccs/ccs/tools/compiler/ti-cgt-arm_20.2.7.lts/lib/src/libcxx/memory", line 962: fatal error: out of memory
"d:/learndata/ccs/ccs/tools/compiler/ti-cgt-arm_20.2.7.lts/lib/src/libcxx/string", line 1957: fatal error: out of memory
"d:/learndata/ccs/ccs/tools/compiler/ti-cgt-arm_20.2.7.lts/lib/src/libcxx/chrono", line 1112: fatal error: out of memory
"libcxx\include/refstring.h", line 34: fatal error: out of memory
"d:/learndata/ccs/ccs/tools/compiler/ti-cgt-arm_20.2.7.lts/lib/src/libcxx/__bit_reference", line 1261: fatal error: out of memory
          detected during instantiation of class "std::__2::__bit_iterator<_Cp, _IsConst, <unnamed>> [with _Cp=std::__2::__bitT, _Traits, _Allocator> [with _CharT=char, _Traits=std::__2::char_traits<char>, _Allocator=std::__2::allocator<char>]" at line 4002 of "d:/learndata/ccs/ccs/tools/compiler/ti-cgt-arm_20.2.7.lts/lib/src/libcxx/string"
set<0U, 0U>, _IsConst=false, <unnamed>=0U]" at line 625 of "d:/learndata/ccs/ccs/tools/compiler/ti-cgt-arm_20.2.7.lts/lib/src/libcxx/bitset"
1 catastrophic error detected in the compilation of "libcxx/valarray.cpp".
Compilation terminated.
1 catastrophic error detected in the compilation of "libcxx/strstream.cpp".
Compilation terminated.
1 catastrophic error detected in the compilation of "libcxx/regex.cpp".
Compilation terminated.
"d:/learndata/ccs/ccs/tools/compiler/ti-cgt-arm_20.2.7.lts/lib/src/libcxx/iterator", line 667: fatal error: out of memory
          detected during:
            instantiation of "std::__2::reverse_iterator<_Iter>::reverse_iterator(_Iter) [with _Iter=std::__2::__wrap_iter<const char *>]" at line 867 of "libcxx\string"
            instantiation of "std::__2::basic_string<_CharT, _Traits, _Allocator>::const_reverse_iterator std::__2::basic_string<_CharT, _Traits, _Allocator>::rbegin() const [with _CharT=char, _Traits=std::__2::char_traits<char>, _Allocator=std::__2::allocator<char>]" at line 22 of "libcxx/string.cpp"
1 catastrophic error detected in the compilation of "libcxx/random.cpp".
Compilation terminated.
1 catastrophic error detected in the compilation of "libcxx/ios.cpp".
Compilation terminated.
1 catastrophic error detected in the compilation of "libcxx/stdexcept.cpp".
Compilation terminated.
1 catastrophic error detected in the compilation of "libcxx/string.cpp".
Compilation terminated.
"d:/learndata/ccs/ccs/tools/compiler/ti-cgt-arm_20.2.7.lts/lib/src/libcxx/string", line 1408: fatal error: out of memory
1 catastrophic error detected in the compilation of "libcxx/mutex.cpp".
Compilation terminated.
>> ERROR: cannot run d:\learndata\ccs\ccs\tools\compiler\ti-cgt-arm_20.2.7.lts\bin\armcg.exe - Invalid argument
 
>> Compilation failure
 
>> Compilation failure
 
>> Compilation failure
 
>> Compilation failure
 
>> Compilation failure
 
>> Compilation failure
 
>> Compilation failure
 
>> Compilation failure
 
>> Compilation failure
 
>> Compilation failure
 
>> Compilation failure
Makefile:1955: recipe for target 'c:/users/30628/appdata/local/temp/ti_mkl~1/obj/libcxx/exception.cpp.obj' failed
gmake.exe[2]: *** [c:/users/30628/appdata/local/temp/ti_mkl~1/obj/libcxx/exception.cpp.obj] Error 1
gmake.exe[2]: *** [c:/users/30628/appdata/local/temp/ti_mkl~1/obj/libcxx/stdexcept.cpp.obj] Error 1
gmake.exe[2]: *** [c:/users/30628/appdata/local/temp/ti_mkl~1/obj/libcxx/memory.cpp.obj] Error 1
gmake.exe[2]: *** [c:/users/30628/appdata/local/temp/ti_mkl~1/obj/libcxx/string.cpp.obj] Error 1
gmake.exe[2]: *** [c:/users/30628/appdata/local/temp/ti_mkl~1/obj/libcxx/typeinfo.cpp.obj] Error 1
Makefile:1955: recipe for target 'c:/users/30628/appdata/local/temp/ti_mkl~1/obj/libcxx/stdexcept.cpp.obj' failed
gmake.exe[2]: *** [c:/users/30628/appdata/local/temp/ti_mkl~1/obj/libcxx/ios.cpp.obj] Error 1
gmake.exe[2]: *** [c:/users/30628/appdata/local/temp/ti_mkl~1/obj/libcxx/mutex.cpp.obj] Error 1
gmake.exe[2]: *** [c:/users/30628/appdata/local/temp/ti_mkl~1/obj/libcxx/random.cpp.obj] Error 1
gmake.exe[2]: *** [c:/users/30628/appdata/local/temp/ti_mkl~1/obj/libcxx/regex.cpp.obj] Error 1
gmake.exe[2]: *** [c:/users/30628/appdata/local/temp/ti_mkl~1/obj/libcxx/system_error.cpp.obj] Error 1
Makefile:1955: recipe for target 'c:/users/30628/appdata/local/temp/ti_mkl~1/obj/libcxx/memory.cpp.obj' failed
Makefile:1955: recipe for target 'c:/users/30628/appdata/local/temp/ti_mkl~1/obj/libcxx/string.cpp.obj' failed
Makefile:1955: recipe for target 'c:/users/30628/appdata/local/temp/ti_mkl~1/obj/libcxx/typeinfo.cpp.obj' failed
Makefile:1955: recipe for target 'c:/users/30628/appdata/local/temp/ti_mkl~1/obj/libcxx/ios.cpp.obj' failed
Makefile:1955: recipe for target 'c:/users/30628/appdata/local/temp/ti_mkl~1/obj/libcxx/mutex.cpp.obj' failed
gmake.exe[2]: *** [c:/users/30628/appdata/local/temp/ti_mkl~1/obj/libcxx/valarray.cpp.obj] Error 1
gmake.exe[2]: *** [c:/users/30628/appdata/local/temp/ti_mkl~1/obj/libcxx/variant.cpp.obj] Error 1
Makefile:1955: recipe for target 'c:/users/30628/appdata/local/temp/ti_mkl~1/obj/libcxx/random.cpp.obj' failed
Makefile:1955: recipe for target 'c:/users/30628/appdata/local/temp/ti_mkl~1/obj/libcxx/regex.cpp.obj' failed
Makefile:1955: recipe for target 'c:/users/30628/appdata/local/temp/ti_mkl~1/obj/libcxx/system_error.cpp.obj' failed
Makefile:1955: recipe for target 'c:/users/30628/appdata/local/temp/ti_mkl~1/obj/libcxx/valarray.cpp.obj' failed
Makefile:1955: recipe for target 'c:/users/30628/appdata/local/temp/ti_mkl~1/obj/libcxx/variant.cpp.obj' failed
 
>> Compilation failure
Makefile:1955: recipe for target 'c:/users/30628/appdata/local/temp/ti_mkl~1/obj/libcxx/strstream.cpp.obj' failed
gmake.exe[2]: *** [c:/users/30628/appdata/local/temp/ti_mkl~1/obj/libcxx/strstream.cpp.obj] Error 1
 
>> Compilation failure
makefile:134: recipe for target 'msp430.out' failed
gmake.exe[2]: Target 'library' not remade because of errors.
>> ERROR: mklib: gmake error during rtsv4_A_be_eabi.lib build
warning #10207-D: automatic RTS selection:  resolving index library "libc.a" to "rtsv4_A_be_eabi.lib", but "rtsv4_A_be_eabi.lib" was not found
error #10198-D: no input section is linked in
warning #10062-D: entry-point symbol "_c_int00" undefined
warning #10202-D: no suitable entry-point found; setting to 0
error #10010: errors encountered during linking; "msp430.out" not built
gmake[1]: *** [msp430.out] Error 1
gmake: *** [all] Error 2
makefile:130: recipe for target 'all' failed

**** Build Finished ****

**** Build of configuration Debug for project msp430 ****

"D:\\learnData\\ccs\\ccs\\utils\\bin\\gmake" -k -j 20 all -O 
 
Building target: "msp430.out"
Invoking: Arm Linker
"D:/learnData/ccs/ccs/tools/compiler/ti-cgt-arm_20.2.7.LTS/bin/armcl" -mv4 --code_state=32 -g --diag_warning=225 --diag_wrap=off --display_error_number -z -m"msp430.map" -i"D:/learnData/ccs/ccs/tools/compiler/ti-cgt-arm_20.2.7.LTS/lib" -i"D:/learnData/ccs/ccs/tools/compiler/ti-cgt-arm_20.2.7.LTS/include" --reread_libs --diag_wrap=off --display_error_number --warn_sections --xml_link_info="msp430_linkInfo.xml" --rom_model -o "msp430.out" "./main.obj"  -llibc.a 
<Linking>
warning #10366-D: automatic library build: using library "D:\learnData\ccs\ccs\tools\compiler\ti-cgt-arm_20.2.7.LTS\lib\rtsv4_A_be_eabi.lib" for the first time, so it must be built.  This may take a few minutes.
Creating library c:/users/30628/appdata/local/temp/ti_mkl~2/rtsv4_a_be_eabi.lib
warning #10247-D: creating output section ".text" without a SECTIONS specification
warning #10210-D: creating ".stack" section with default size of 0x800; use the -stack option to change the default size
Finished building target: "msp430.out"
 

**** Build Finished ****

**** Build of configuration Debug for project msp430 ****

"D:\\learnData\\ccs\\ccs\\utils\\bin\\gmake" -k -j 20 all -O 
 
gmake[1]: 'msp430.out' is up to date.

**** Build Finished ****

**** Build of configuration Debug for project msp430 ****

"D:\\learnData\\ccs\\ccs\\utils\\bin\\gmake" -k -j 20 all -O 
 
gmake[1]: 'msp430.out' is up to date.

**** Build Finished ****

**** Build of configuration Debug for project msp430 ****

"D:\\learnData\\ccs\\ccs\\utils\\bin\\gmake" -k -j 20 all -O 
 
gmake[1]: 'msp430.out' is up to date.

**** Build Finished ****

**** Build of configuration Debug for project msp430 ****

"D:\\learnData\\ccs\\ccs\\utils\\bin\\gmake" -k -j 20 all -O 
 
Building file: "../msp430/helloOutput.c"
Invoking: Arm Compiler
"D:/learnData/ccs/ccs/tools/compiler/ti-cgt-arm_20.2.7.LTS/bin/armcl" -mv4 --code_state=32 --include_path="C:/Users/30628/workspace_v12/msp430" --include_path="D:/learnData/ccs/ccs/tools/compiler/ti-cgt-arm_20.2.7.LTS/include" -g --diag_warning=225 --diag_wrap=off --display_error_number --preproc_with_compile --preproc_dependency="msp430/helloOutput.d_raw" --obj_directory="msp430"  "../msp430/helloOutput.c"
 
>> Compilation failure
msp430/subdir_rules.mk:9: recipe for target 'msp430/helloOutput.obj' failed
"../msp430/helloOutput.c", line 1: fatal error #1965: cannot open source file "msp430.h"
1 catastrophic error detected in the compilation of "../msp430/helloOutput.c".
Compilation terminated.
gmake: *** [msp430/helloOutput.obj] Error 1
gmake: Target 'all' not remade because of errors.

**** Build Finished ****

**** Build of configuration Debug for project helloOutput ****

"D:\\learnData\\ccs\\ccs\\utils\\bin\\gmake" -k -j 20 all -O 
 
Building file: "../main.c"
Invoking: Arm Compiler
"D:/learnData/ccs/ccs/tools/compiler/ti-cgt-arm_20.2.7.LTS/bin/armcl" -mv4 --code_state=32 --include_path="C:/Users/30628/workspace_v12/helloOutput" --include_path="D:/learnData/ccs/ccs/tools/compiler/ti-cgt-arm_20.2.7.LTS/include" -g --diag_warning=225 --diag_wrap=off --display_error_number --preproc_with_compile --preproc_dependency="main.d_raw"  "../main.c"
 
>> Compilation failure
subdir_rules.mk:9: recipe for target 'main.obj' failed
"../main.c", line 1: fatal error #1965: cannot open source file "msp430.h"
1 catastrophic error detected in the compilation of "../main.c".
Compilation terminated.
gmake: *** [main.obj] Error 1
gmake: Target 'all' not remade because of errors.

**** Build Finished ****

**** Build of configuration Debug for project msp430 ****

"D:\\learnData\\ccs\\ccs\\utils\\bin\\gmake" -k -j 20 all -O 
 
Building file: "../msp430/helloOutput.c"
Invoking: Arm Compiler
"D:/learnData/ccs/ccs/tools/compiler/ti-cgt-arm_20.2.7.LTS/bin/armcl" -mv4 --code_state=32 --include_path="C:/Users/30628/workspace_v12/msp430" --include_path="D:/learnData/ccs/ccs/tools/compiler/ti-cgt-arm_20.2.7.LTS/include" -g --diag_warning=225 --diag_wrap=off --display_error_number --preproc_with_compile --preproc_dependency="msp430/helloOutput.d_raw" --obj_directory="msp430"  "../msp430/helloOutput.c"
 
>> Compilation failure
msp430/subdir_rules.mk:9: recipe for target 'msp430/helloOutput.obj' failed
"../msp430/helloOutput.c", line 1: fatal error #1965: cannot open source file "msp430.h"
1 catastrophic error detected in the compilation of "../msp430/helloOutput.c".
Compilation terminated.
gmake: *** [msp430/helloOutput.obj] Error 1
gmake: Target 'all' not remade because of errors.

**** Build Finished ****

**** Build of configuration Debug for project msp430 ****

"D:\\learnData\\ccs\\ccs\\utils\\bin\\gmake" -k -j 20 all -O 
 
Building file: "../main.c"
Invoking: Arm Compiler
"D:/learnData/ccs/ccs/tools/compiler/ti-cgt-arm_20.2.7.LTS/bin/armcl" -mv4 --code_state=32 --include_path="C:/Users/30628/workspace_v12/msp430" --include_path="D:/learnData/ccs/ccs/tools/compiler/ti-cgt-arm_20.2.7.LTS/include" -g --diag_warning=225 --diag_wrap=off --display_error_number --preproc_with_compile --preproc_dependency="main.d_raw"  "../main.c"
 
>> Compilation failure
subdir_rules.mk:9: recipe for target 'main.obj' failed
"../main.c", line 1: fatal error #1965: cannot open source file "msp430.h"
1 catastrophic error detected in the compilation of "../main.c".
Compilation terminated.
gmake: *** [main.obj] Error 1
Building file: "../msp430/helloOutput.c"
Invoking: Arm Compiler
"D:/learnData/ccs/ccs/tools/compiler/ti-cgt-arm_20.2.7.LTS/bin/armcl" -mv4 --code_state=32 --include_path="C:/Users/30628/workspace_v12/msp430" --include_path="D:/learnData/ccs/ccs/tools/compiler/ti-cgt-arm_20.2.7.LTS/include" -g --diag_warning=225 --diag_wrap=off --display_error_number --preproc_with_compile --preproc_dependency="msp430/helloOutput.d_raw" --obj_directory="msp430"  "../msp430/helloOutput.c"
 
>> Compilation failure
msp430/subdir_rules.mk:9: recipe for target 'msp430/helloOutput.obj' failed
"../msp430/helloOutput.c", line 1: fatal error #1965: cannot open source file "msp430.h"
1 catastrophic error detected in the compilation of "../msp430/helloOutput.c".
Compilation terminated.
gmake: *** [msp430/helloOutput.obj] Error 1
gmake: Target 'all' not remade because of errors.

**** Build Finished ****

**** Build of configuration Debug for project msp430 ****

"D:\\learnData\\ccs\\ccs\\utils\\bin\\gmake" -k -j 20 all -O 
 
Building file: "../main.c"
Invoking: Arm Compiler
"D:/learnData/ccs/ccs/tools/compiler/ti-cgt-arm_20.2.7.LTS/bin/armcl" -mv4 --code_state=32 --include_path="C:/Users/30628/workspace_v12/msp430" --include_path="D:/learnData/ccs/ccs/tools/compiler/ti-cgt-arm_20.2.7.LTS/include" -g --diag_warning=225 --diag_wrap=off --display_error_number --preproc_with_compile --preproc_dependency="main.d_raw"  "../main.c"
 
>> Compilation failure
subdir_rules.mk:9: recipe for target 'main.obj' failed
"../main.c", line 1: fatal error #1965: cannot open source file "msp430.h"
1 catastrophic error detected in the compilation of "../main.c".
Compilation terminated.
gmake: *** [main.obj] Error 1
Building file: "../msp430/helloOutput.c"
Invoking: Arm Compiler
"D:/learnData/ccs/ccs/tools/compiler/ti-cgt-arm_20.2.7.LTS/bin/armcl" -mv4 --code_state=32 --include_path="C:/Users/30628/workspace_v12/msp430" --include_path="D:/learnData/ccs/ccs/tools/compiler/ti-cgt-arm_20.2.7.LTS/include" -g --diag_warning=225 --diag_wrap=off --display_error_number --preproc_with_compile --preproc_dependency="msp430/helloOutput.d_raw" --obj_directory="msp430"  "../msp430/helloOutput.c"
 
>> Compilation failure
msp430/subdir_rules.mk:9: recipe for target 'msp430/helloOutput.obj' failed
"../msp430/helloOutput.c", line 1: fatal error #1965: cannot open source file "msp430.h"
1 catastrophic error detected in the compilation of "../msp430/helloOutput.c".
Compilation terminated.
gmake: *** [msp430/helloOutput.obj] Error 1
gmake: Target 'all' not remade because of errors.

**** Build Finished ****

**** Build of configuration Debug for project msp430 ****

"D:\\learnData\\ccs\\ccs\\utils\\bin\\gmake" -k -j 20 all -O 
 
Building file: "../msp430/helloOutput.c"
Invoking: Arm Compiler
"D:/learnData/ccs/ccs/tools/compiler/ti-cgt-arm_20.2.7.LTS/bin/armcl" -mv4 --code_state=32 --include_path="C:/Users/30628/workspace_v12/msp430" --include_path="D:/learnData/ccs/ccs/tools/compiler/ti-cgt-arm_20.2.7.LTS/include" -g --diag_warning=225 --diag_wrap=off --display_error_number --preproc_with_compile --preproc_dependency="msp430/helloOutput.d_raw" --obj_directory="msp430"  "../msp430/helloOutput.c"
 
>> Compilation failure
msp430/subdir_rules.mk:9: recipe for target 'msp430/helloOutput.obj' failed
"../msp430/helloOutput.c", line 1: fatal error #1965: cannot open source file "msp430.h"
1 catastrophic error detected in the compilation of "../msp430/helloOutput.c".
Compilation terminated.
gmake: *** [msp430/helloOutput.obj] Error 1
Building file: "../main.c"
Invoking: Arm Compiler
"D:/learnData/ccs/ccs/tools/compiler/ti-cgt-arm_20.2.7.LTS/bin/armcl" -mv4 --code_state=32 --include_path="C:/Users/30628/workspace_v12/msp430" --include_path="D:/learnData/ccs/ccs/tools/compiler/ti-cgt-arm_20.2.7.LTS/include" -g --diag_warning=225 --diag_wrap=off --display_error_number --preproc_with_compile --preproc_dependency="main.d_raw"  "../main.c"
Finished building: "../main.c"
 
gmake: Target 'all' not remade because of errors.

**** Build Finished ****

**** Build of configuration Debug for project msp430 ****

"D:\\learnData\\ccs\\ccs\\utils\\bin\\gmake" -k -j 20 all -O 
 
Building target: "msp430.out"
Invoking: Arm Linker
"D:/learnData/ccs/ccs/tools/compiler/ti-cgt-arm_20.2.7.LTS/bin/armcl" -mv4 --code_state=32 -g --diag_warning=225 --diag_wrap=off --display_error_number -z -m"msp430.map" -i"D:/learnData/ccs/ccs/tools/compiler/ti-cgt-arm_20.2.7.LTS/lib" -i"D:/learnData/ccs/ccs/tools/compiler/ti-cgt-arm_20.2.7.LTS/include" --reread_libs --diag_wrap=off --display_error_number --warn_sections --xml_link_info="msp430_linkInfo.xml" --rom_model -o "msp430.out" "./main.obj"  -llibc.a 
<Linking>
warning #10247-D: creating output section ".text" without a SECTIONS specification
warning #10210-D: creating ".stack" section with default size of 0x800; use the -stack option to change the default size
Finished building target: "msp430.out"
 

**** Build Finished ****

**** Build of configuration Debug for project msp430 ****

"D:\\learnData\\ccs\\ccs\\utils\\bin\\gmake" -k -j 20 all -O 
 
gmake[1]: 'msp430.out' is up to date.

**** Build Finished ****

**** Build of configuration Debug for project msp430 ****

"D:\\learnData\\ccs\\ccs\\utils\\bin\\gmake" -k -j 20 all -O 
 
gmake[1]: 'msp430.out' is up to date.

**** Build Finished ****

**** Build of configuration Debug for project msp430 ****

"D:\\learnData\\ccs\\ccs\\utils\\bin\\gmake" -k -j 20 all -O 
 
gmake[1]: 'msp430.out' is up to date.

**** Build Finished ****

**** Build of configuration Debug for project msp430 ****

"D:\\learnData\\ccs\\ccs\\utils\\bin\\gmake" -k -j 20 all -O 
 
gmake[1]: 'msp430.out' is up to date.

**** Build Finished ****

**** Build of configuration Debug for project msp430 ****

"D:\\learnData\\ccs\\ccs\\utils\\bin\\gmake" -k -j 20 all -O 
 
gmake[1]: 'msp430.out' is up to date.

**** Build Finished ****

**** Build of configuration Debug for project msp430 ****

"D:\\learnData\\ccs\\ccs\\utils\\bin\\gmake" -k -j 20 all -O 
 
gmake[1]: 'msp430.out' is up to date.

**** Build Finished ****

**** Build of configuration Debug for project msp430 ****

"D:\\learnData\\ccs\\ccs\\utils\\bin\\gmake" -k -j 20 all -O 
 
gmake[1]: 'msp430.out' is up to date.

**** Build Finished ****

**** Build of configuration Debug for project msp430 ****

"D:\\learnData\\ccs\\ccs\\utils\\bin\\gmake" -k -j 20 all -O 
 
gmake[1]: 'msp430.out' is up to date.

**** Build Finished ****

**** Build of configuration Debug for project msp430 ****

"D:\\learnData\\ccs\\ccs\\utils\\bin\\gmake" -k -j 20 all -O 
 
gmake[1]: 'msp430.out' is up to date.

**** Build Finished ****

**** Build of configuration Debug for project msp430 ****

"D:\\learnData\\ccs\\ccs\\utils\\bin\\gmake" -k -j 20 all -O 
 
gmake[1]: 'msp430.out' is up to date.

**** Build Finished ****

**** Build of configuration Debug for project msp430 ****

"D:\\learnData\\ccs\\ccs\\utils\\bin\\gmake" -k -j 20 all -O 
 
gmake[1]: 'msp430.out' is up to date.

**** Build Finished ****

**** Build of configuration Debug for project msp430 ****

"D:\\learnData\\ccs\\ccs\\utils\\bin\\gmake" -k -j 20 all -O 
 
gmake[1]: 'msp430.out' is up to date.

**** Build Finished ****

**** Build of configuration Debug for project msp430 ****

"D:\\learnData\\ccs\\ccs\\utils\\bin\\gmake" -k -j 20 all -O 
 
gmake[1]: 'msp430.out' is up to date.

**** Build Finished ****

**** Build of configuration Debug for project msp430 ****

"D:\\learnData\\ccs\\ccs\\utils\\bin\\gmake" -k -j 20 all -O 
 
gmake[1]: 'msp430.out' is up to date.

**** Build Finished ****

**** Build of configuration Debug for project msp430 ****

"D:\\learnData\\ccs\\ccs\\utils\\bin\\gmake" -k -j 20 all -O 
 
gmake[1]: 'msp430.out' is up to date.

**** Build Finished ****

**** Build of configuration Debug for project msp430 ****

"D:\\learnData\\ccs\\ccs\\utils\\bin\\gmake" -k -j 20 all -O 
 
gmake[1]: 'msp430.out' is up to date.

**** Build Finished ****

**** Build of configuration Debug for project msp430 ****

"D:\\learnData\\ccs\\ccs\\utils\\bin\\gmake" -k -j 20 all -O 
 
gmake[1]: 'msp430.out' is up to date.

**** Build Finished ****

**** Build of configuration Debug for project msp430 ****

"D:\\learnData\\ccs\\ccs\\utils\\bin\\gmake" -k -j 20 all -O 
 
gmake[1]: 'msp430.out' is up to date.

**** Build Finished ****

**** Build of configuration Debug for project msp430 ****

"D:\\learnData\\ccs\\ccs\\utils\\bin\\gmake" -k -j 20 all -O 
 
gmake[1]: 'msp430.out' is up to date.

**** Build Finished ****

**** Build of configuration Debug for project msp430 ****

"D:\\learnData\\ccs\\ccs\\utils\\bin\\gmake" -k -j 20 all -O 
 
gmake[1]: 'msp430.out' is up to date.

**** Build Finished ****

**** Build of configuration Debug for project msp430 ****

"D:\\learnData\\ccs\\ccs\\utils\\bin\\gmake" -k -j 20 all -O 
 
gmake[1]: 'msp430.out' is up to date.

**** Build Finished ****

**** Build of configuration Debug for project msp430 ****

"D:\\learnData\\ccs\\ccs\\utils\\bin\\gmake" -k -j 20 all -O 
 
gmake[1]: 'msp430.out' is up to date.

**** Build Finished ****

**** Build of configuration Debug for project msp430 ****

"D:\\learnData\\ccs\\ccs\\utils\\bin\\gmake" -k -j 20 all -O 
 
gmake[1]: 'msp430.out' is up to date.

**** Build Finished ****

**** Build of configuration Debug for project msp430 ****

"D:\\learnData\\ccs\\ccs\\utils\\bin\\gmake" -k -j 20 all -O 
 
gmake[1]: 'msp430.out' is up to date.

**** Build Finished ****

**** Build of configuration Debug for project msp430 ****

"D:\\learnData\\ccs\\ccs\\utils\\bin\\gmake" -k -j 20 all -O 
 
gmake[1]: 'msp430.out' is up to date.

**** Build Finished ****

**** Build of configuration Debug for project msp430 ****

"D:\\learnData\\ccs\\ccs\\utils\\bin\\gmake" -k -j 20 all -O 
 
gmake[1]: 'msp430.out' is up to date.

**** Build Finished ****

**** Build of configuration Debug for project msp430 ****

"D:\\learnData\\ccs\\ccs\\utils\\bin\\gmake" -k -j 20 all -O 
 
gmake[1]: 'msp430.out' is up to date.

**** Build Finished ****

**** Build of configuration Debug for project msp430 ****

"D:\\learnData\\ccs\\ccs\\utils\\bin\\gmake" -k -j 20 all -O 
 
gmake[1]: 'msp430.out' is up to date.

**** Build Finished ****

**** Build of configuration Debug for project msp430 ****

"D:\\learnData\\ccs\\ccs\\utils\\bin\\gmake" -k -j 20 all -O 
 
gmake[1]: 'msp430.out' is up to date.

**** Build Finished ****

**** Build of configuration Debug for project msp430 ****

"D:\\learnData\\ccs\\ccs\\utils\\bin\\gmake" -k -j 20 all -O 
 
Building file: "../main.c"
Invoking: Arm Compiler
"D:/learnData/ccs/ccs/tools/compiler/ti-cgt-arm_20.2.7.LTS/bin/armcl" -mv4 --code_state=32 --include_path="C:/Users/30628/workspace_v12/msp430" --include_path="D:/learnData/ccs/ccs/tools/compiler/ti-cgt-arm_20.2.7.LTS/include" -g --diag_warning=225 --diag_wrap=off --display_error_number --preproc_with_compile --preproc_dependency="main.d_raw"  "../main.c"
 
>> Compilation failure
subdir_rules.mk:9: recipe for target 'main.obj' failed
"../main.c", line 7: error #20: identifier "WDTCTL" is undefined
"../main.c", line 7: error #20: identifier "WDTPW" is undefined
"../main.c", line 7: error #20: identifier "WDTHOLD" is undefined
"../main.c", line 8: error #20: identifier "BCSCTL1" is undefined
"../main.c", line 8: error #20: identifier "CALBC1_1MHZ" is undefined
"../main.c", line 9: error #20: identifier "DCOCTL" is undefined
"../main.c", line 9: error #20: identifier "CALDCO_1MHZ" is undefined
"../main.c", line 10: error #20: identifier "P1DIR" is undefined
"../main.c", line 10: error #20: identifier "BIT6" is undefined
"../main.c", line 11: error #20: identifier "P1SEL" is undefined
"../main.c", line 12: error #20: identifier "TACCR0" is undefined
"../main.c", line 13: error #20: identifier "TACCTL1" is undefined
"../main.c", line 13: error #20: identifier "OUTMOD_7" is undefined
"../main.c", line 14: error #20: identifier "TACTL" is undefined
"../main.c", line 14: error #20: identifier "TASSEL_2" is undefined
"../main.c", line 14: error #20: identifier "MC_1" is undefined
"../main.c", line 18: error #20: identifier "CCR1" is undefined
"../main.c", line 24: warning #225-D: function "delay_nms" declared implicitly
"../main.c", line 31: warning #225-D: function "delay_nms" declared implicitly
17 errors detected in the compilation of "../main.c".
gmake: *** [main.obj] Error 1
gmake: Target 'all' not remade because of errors.

**** Build Finished ****

**** Build of configuration Debug for project msp430 ****

"D:\\learnData\\ccs\\ccs\\utils\\bin\\gmake" -k -j 20 all -O 
 
Building file: "../main.c"
Invoking: Arm Compiler
"D:/learnData/ccs/ccs/tools/compiler/ti-cgt-arm_20.2.7.LTS/bin/armcl" -mv4 --code_state=32 --include_path="C:/Users/30628/workspace_v12/msp430" --include_path="D:/learnData/ccs/ccs/tools/compiler/ti-cgt-arm_20.2.7.LTS/include" -g --diag_warning=225 --diag_wrap=off --display_error_number --preproc_with_compile --preproc_dependency="main.d_raw"  "../main.c"
Finished building: "../main.c"
 
gmake: *** No rule to make target 'msp430/闪灯程序.obj', needed by 'all'.
 
gmake: Target 'all' not remade because of errors.

**** Build Finished ****

**** Build of configuration Debug for project msp430 ****

"D:\\learnData\\ccs\\ccs\\utils\\bin\\gmake" -k -j 20 all -O 
 
Building file: "../msp430/light.c"
Invoking: Arm Compiler
"D:/learnData/ccs/ccs/tools/compiler/ti-cgt-arm_20.2.7.LTS/bin/armcl" -mv4 --code_state=32 --include_path="C:/Users/30628/workspace_v12/msp430" --include_path="D:/learnData/ccs/ccs/tools/compiler/ti-cgt-arm_20.2.7.LTS/include" -g --diag_warning=225 --diag_wrap=off --display_error_number --preproc_with_compile --preproc_dependency="msp430/light.d_raw" --obj_directory="msp430"  "../msp430/light.c"
 
>> Compilation failure
msp430/subdir_rules.mk:9: recipe for target 'msp430/light.obj' failed
"../msp430/light.c", line 7: error #20: identifier "WDTCTL" is undefined
"../msp430/light.c", line 7: error #20: identifier "WDTPW" is undefined
"../msp430/light.c", line 7: error #20: identifier "WDTHOLD" is undefined
"../msp430/light.c", line 8: error #20: identifier "BCSCTL1" is undefined
"../msp430/light.c", line 8: error #20: identifier "CALBC1_1MHZ" is undefined
"../msp430/light.c", line 9: error #20: identifier "DCOCTL" is undefined
"../msp430/light.c", line 9: error #20: identifier "CALDCO_1MHZ" is undefined
"../msp430/light.c", line 10: error #20: identifier "P1DIR" is undefined
"../msp430/light.c", line 10: error #20: identifier "BIT6" is undefined
"../msp430/light.c", line 11: error #20: identifier "P1SEL" is undefined
"../msp430/light.c", line 12: error #20: identifier "TACCR0" is undefined
"../msp430/light.c", line 13: error #20: identifier "TACCTL1" is undefined
"../msp430/light.c", line 13: error #20: identifier "OUTMOD_7" is undefined
"../msp430/light.c", line 14: error #20: identifier "TACTL" is undefined
"../msp430/light.c", line 14: error #20: identifier "TASSEL_2" is undefined
"../msp430/light.c", line 14: error #20: identifier "MC_1" is undefined
"../msp430/light.c", line 18: error #20: identifier "CCR1" is undefined
"../msp430/light.c", line 24: warning #225-D: function "delay_nms" declared implicitly
"../msp430/light.c", line 31: warning #225-D: function "delay_nms" declared implicitly
"../msp430/light.c", line 36: warning #1-D: last line of file ends without a newline
17 errors detected in the compilation of "../msp430/light.c".
gmake: *** [msp430/light.obj] Error 1
gmake: Target 'all' not remade because of errors.

**** Build Finished ****

**** Build of configuration Debug for project msp430 ****

"D:\\learnData\\ccs\\ccs\\utils\\bin\\gmake" -k -j 20 all -O 
 
Building file: "../msp430/light.c"
Invoking: Arm Compiler
"D:/learnData/ccs/ccs/tools/compiler/ti-cgt-arm_20.2.7.LTS/bin/armcl" -mv4 --code_state=32 --include_path="C:/Users/30628/workspace_v12/msp430" --include_path="D:/learnData/ccs/ccs/tools/compiler/ti-cgt-arm_20.2.7.LTS/include" -g --diag_warning=225 --diag_wrap=off --display_error_number --preproc_with_compile --preproc_dependency="msp430/light.d_raw" --obj_directory="msp430"  "../msp430/light.c"
 
>> Compilation failure
msp430/subdir_rules.mk:9: recipe for target 'msp430/light.obj' failed
"../msp430/light.c", line 2: fatal error #1965: cannot open source file "msp430.h"
1 catastrophic error detected in the compilation of "../msp430/light.c".
Compilation terminated.
gmake: *** [msp430/light.obj] Error 1
gmake: Target 'all' not remade because of errors.

**** Build Finished ****

**** Build of configuration Debug for project msp430 ****

"D:\\learnData\\ccs\\ccs\\utils\\bin\\gmake" -k -j 20 all -O 
 
Building file: "../msp430/light.c"
Invoking: Arm Compiler
"D:/learnData/ccs/ccs/tools/compiler/ti-cgt-arm_20.2.7.LTS/bin/armcl" -mv4 --code_state=32 --include_path="C:/Users/30628/workspace_v12/msp430" --include_path="D:/learnData/ccs/ccs/tools/compiler/ti-cgt-arm_20.2.7.LTS/include" -g --diag_warning=225 --diag_wrap=off --display_error_number --preproc_with_compile --preproc_dependency="msp430/light.d_raw" --obj_directory="msp430"  "../msp430/light.c"
 
>> Compilation failure
msp430/subdir_rules.mk:9: recipe for target 'msp430/light.obj' failed
"../msp430/light.c", line 1: fatal error #1965: cannot open source file "msp430.h"
1 catastrophic error detected in the compilation of "../msp430/light.c".
Compilation terminated.
gmake: *** [msp430/light.obj] Error 1
gmake: Target 'all' not remade because of errors.

**** Build Finished ****

**** Build of configuration Debug for project msp430 ****

"D:\\learnData\\ccs\\ccs\\utils\\bin\\gmake" -k -j 20 all -O 
 
Building target: "msp430.out"
Invoking: Arm Linker
"D:/learnData/ccs/ccs/tools/compiler/ti-cgt-arm_20.2.7.LTS/bin/armcl" -mv4 --code_state=32 -g --diag_warning=225 --diag_wrap=off --display_error_number -z -m"msp430.map" -i"D:/learnData/ccs/ccs/tools/compiler/ti-cgt-arm_20.2.7.LTS/lib" -i"D:/learnData/ccs/ccs/tools/compiler/ti-cgt-arm_20.2.7.LTS/include" --reread_libs --diag_wrap=off --display_error_number --warn_sections --xml_link_info="msp430_linkInfo.xml" --rom_model -o "msp430.out" "./main.obj"  -llibc.a 
<Linking>
warning #10247-D: creating output section ".text" without a SECTIONS specification
warning #10210-D: creating ".stack" section with default size of 0x800; use the -stack option to change the default size
Finished building target: "msp430.out"
 

**** Build Finished ****

**** Build of configuration Debug for project msp430 ****

"D:\\learnData\\ccs\\ccs\\utils\\bin\\gmake" -k -j 20 all -O 
 
Building file: "../msp430-examples-master/msp430-examples-master/02-alternateBlink/main.c"
Invoking: Arm Compiler
"D:/learnData/ccs/ccs/tools/compiler/ti-cgt-arm_20.2.7.LTS/bin/armcl" -mv4 --code_state=32 --include_path="C:/Users/30628/workspace_v12/msp430" --include_path="D:/learnData/ccs/ccs/tools/compiler/ti-cgt-arm_20.2.7.LTS/include" -g --diag_warning=225 --diag_wrap=off --display_error_number --preproc_with_compile --preproc_dependency="msp430-examples-master/msp430-examples-master/02-alternateBlink/main.d_raw" --obj_directory="msp430-examples-master/msp430-examples-master/02-alternateBlink"  "../msp430-examples-master/msp430-examples-master/02-alternateBlink/main.c"
 
>> Compilation failure
msp430-examples-master/msp430-examples-master/02-alternateBlink/subdir_rules.mk:9: recipe for target 'msp430-examples-master/msp430-examples-master/02-alternateBlink/main.obj' failed
"../msp430-examples-master/msp430-examples-master/02-alternateBlink/main.c", line 1: fatal error #1965: cannot open source file "msp430.h"
1 catastrophic error detected in the compilation of "../msp430-examples-master/msp430-examples-master/02-alternateBlink/main.c".
Compilation terminated.
gmake: *** [msp430-examples-master/msp430-examples-master/02-alternateBlink/main.obj] Error 1
Building file: "../msp430-examples-master/msp430-examples-master/00-blink/blink.c"
Invoking: Arm Compiler
"D:/learnData/ccs/ccs/tools/compiler/ti-cgt-arm_20.2.7.LTS/bin/armcl" -mv4 --code_state=32 --include_path="C:/Users/30628/workspace_v12/msp430" --include_path="D:/learnData/ccs/ccs/tools/compiler/ti-cgt-arm_20.2.7.LTS/include" -g --diag_warning=225 --diag_wrap=off --display_error_number --preproc_with_compile --preproc_dependency="msp430-examples-master/msp430-examples-master/00-blink/blink.d_raw" --obj_directory="msp430-examples-master/msp430-examples-master/00-blink"  "../msp430-examples-master/msp430-examples-master/00-blink/blink.c"
 
>> Compilation failure
msp430-examples-master/msp430-examples-master/00-blink/subdir_rules.mk:9: recipe for target 'msp430-examples-master/msp430-examples-master/00-blink/blink.obj' failed
"../msp430-examples-master/msp430-examples-master/00-blink/blink.c", line 21: fatal error #1965: cannot open source file "msp430.h"
1 catastrophic error detected in the compilation of "../msp430-examples-master/msp430-examples-master/00-blink/blink.c".
Compilation terminated.
gmake: *** [msp430-examples-master/msp430-examples-master/00-blink/blink.obj] Error 1
Building file: "../msp430-examples-master/msp430-examples-master/01-testProject/main.c"
Invoking: Arm Compiler
"D:/learnData/ccs/ccs/tools/compiler/ti-cgt-arm_20.2.7.LTS/bin/armcl" -mv4 --code_state=32 --include_path="C:/Users/30628/workspace_v12/msp430" --include_path="D:/learnData/ccs/ccs/tools/compiler/ti-cgt-arm_20.2.7.LTS/include" -g --diag_warning=225 --diag_wrap=off --display_error_number --preproc_with_compile --preproc_dependency="msp430-examples-master/msp430-examples-master/01-testProject/main.d_raw" --obj_directory="msp430-examples-master/msp430-examples-master/01-testProject"  "../msp430-examples-master/msp430-examples-master/01-testProject/main.c"
 
>> Compilation failure
msp430-examples-master/msp430-examples-master/01-testProject/subdir_rules.mk:9: recipe for target 'msp430-examples-master/msp430-examples-master/01-testProject/main.obj' failed
"../msp430-examples-master/msp430-examples-master/01-testProject/main.c", line 1: fatal error #1965: cannot open source file "msp430.h"
1 catastrophic error detected in the compilation of "../msp430-examples-master/msp430-examples-master/01-testProject/main.c".
Compilation terminated.
gmake: *** [msp430-examples-master/msp430-examples-master/01-testProject/main.obj] Error 1
Building file: "../msp430-examples-master/msp430-examples-master/03-testSwitch/main.c"
Invoking: Arm Compiler
"D:/learnData/ccs/ccs/tools/compiler/ti-cgt-arm_20.2.7.LTS/bin/armcl" -mv4 --code_state=32 --include_path="C:/Users/30628/workspace_v12/msp430" --include_path="D:/learnData/ccs/ccs/tools/compiler/ti-cgt-arm_20.2.7.LTS/include" -g --diag_warning=225 --diag_wrap=off --display_error_number --preproc_with_compile --preproc_dependency="msp430-examples-master/msp430-examples-master/03-testSwitch/main.d_raw" --obj_directory="msp430-examples-master/msp430-examples-master/03-testSwitch"  "../msp430-examples-master/msp430-examples-master/03-testSwitch/main.c"
 
>> Compilation failure
msp430-examples-master/msp430-examples-master/03-testSwitch/subdir_rules.mk:9: recipe for target 'msp430-examples-master/msp430-examples-master/03-testSwitch/main.obj' failed
"../msp430-examples-master/msp430-examples-master/03-testSwitch/main.c", line 1: fatal error #1965: cannot open source file "msp430.h"
1 catastrophic error detected in the compilation of "../msp430-examples-master/msp430-examples-master/03-testSwitch/main.c".
Compilation terminated.
gmake: *** [msp430-examples-master/msp430-examples-master/03-testSwitch/main.obj] Error 1
Building file: "../msp430-examples-master/msp430-examples-master/04-switchToggle/main.c"
Invoking: Arm Compiler
"D:/learnData/ccs/ccs/tools/compiler/ti-cgt-arm_20.2.7.LTS/bin/armcl" -mv4 --code_state=32 --include_path="C:/Users/30628/workspace_v12/msp430" --include_path="D:/learnData/ccs/ccs/tools/compiler/ti-cgt-arm_20.2.7.LTS/include" -g --diag_warning=225 --diag_wrap=off --display_error_number --preproc_with_compile --preproc_dependency="msp430-examples-master/msp430-examples-master/04-switchToggle/main.d_raw" --obj_directory="msp430-examples-master/msp430-examples-master/04-switchToggle"  "../msp430-examples-master/msp430-examples-master/04-switchToggle/main.c"
 
>> Compilation failure
msp430-examples-master/msp430-examples-master/04-switchToggle/subdir_rules.mk:9: recipe for target 'msp430-examples-master/msp430-examples-master/04-switchToggle/main.obj' failed
"../msp430-examples-master/msp430-examples-master/04-switchToggle/main.c", line 1: fatal error #1965: cannot open source file "msp430.h"
1 catastrophic error detected in the compilation of "../msp430-examples-master/msp430-examples-master/04-switchToggle/main.c".
Compilation terminated.
gmake: *** [msp430-examples-master/msp430-examples-master/04-switchToggle/main.obj] Error 1
Building file: "../msp430-examples-master/msp430-examples-master/05-switchAlternate/main.c"
Invoking: Arm Compiler
"D:/learnData/ccs/ccs/tools/compiler/ti-cgt-arm_20.2.7.LTS/bin/armcl" -mv4 --code_state=32 --include_path="C:/Users/30628/workspace_v12/msp430" --include_path="D:/learnData/ccs/ccs/tools/compiler/ti-cgt-arm_20.2.7.LTS/include" -g --diag_warning=225 --diag_wrap=off --display_error_number --preproc_with_compile --preproc_dependency="msp430-examples-master/msp430-examples-master/05-switchAlternate/main.d_raw" --obj_directory="msp430-examples-master/msp430-examples-master/05-switchAlternate"  "../msp430-examples-master/msp430-examples-master/05-switchAlternate/main.c"
 
>> Compilation failure
msp430-examples-master/msp430-examples-master/05-switchAlternate/subdir_rules.mk:9: recipe for target 'msp430-examples-master/msp430-examples-master/05-switchAlternate/main.obj' failed
"../msp430-examples-master/msp430-examples-master/05-switchAlternate/main.c", line 1: fatal error #1965: cannot open source file "msp430.h"
1 catastrophic error detected in the compilation of "../msp430-examples-master/msp430-examples-master/05-switchAlternate/main.c".
Compilation terminated.
gmake: *** [msp430-examples-master/msp430-examples-master/05-switchAlternate/main.obj] Error 1
Building file: "../msp430-examples-master/msp430-examples-master/06-switchInterrupt/main.c"
Invoking: Arm Compiler
"D:/learnData/ccs/ccs/tools/compiler/ti-cgt-arm_20.2.7.LTS/bin/armcl" -mv4 --code_state=32 --include_path="C:/Users/30628/workspace_v12/msp430" --include_path="D:/learnData/ccs/ccs/tools/compiler/ti-cgt-arm_20.2.7.LTS/include" -g --diag_warning=225 --diag_wrap=off --display_error_number --preproc_with_compile --preproc_dependency="msp430-examples-master/msp430-examples-master/06-switchInterrupt/main.d_raw" --obj_directory="msp430-examples-master/msp430-examples-master/06-switchInterrupt"  "../msp430-examples-master/msp430-examples-master/06-switchInterrupt/main.c"
 
>> Compilation failure
msp430-examples-master/msp430-examples-master/06-switchInterrupt/subdir_rules.mk:9: recipe for target 'msp430-examples-master/msp430-examples-master/06-switchInterrupt/main.obj' failed
"../msp430-examples-master/msp430-examples-master/06-switchInterrupt/main.c", line 1: fatal error #1965: cannot open source file "msp430.h"
1 catastrophic error detected in the compilation of "../msp430-examples-master/msp430-examples-master/06-switchInterrupt/main.c".
Compilation terminated.
gmake: *** [msp430-examples-master/msp430-examples-master/06-switchInterrupt/main.obj] Error 1
Building file: "../msp430-examples-master/msp430-examples-master/07-blinkWatchdog/main.c"
Invoking: Arm Compiler
"D:/learnData/ccs/ccs/tools/compiler/ti-cgt-arm_20.2.7.LTS/bin/armcl" -mv4 --code_state=32 --include_path="C:/Users/30628/workspace_v12/msp430" --include_path="D:/learnData/ccs/ccs/tools/compiler/ti-cgt-arm_20.2.7.LTS/include" -g --diag_warning=225 --diag_wrap=off --display_error_number --preproc_with_compile --preproc_dependency="msp430-examples-master/msp430-examples-master/07-blinkWatchdog/main.d_raw" --obj_directory="msp430-examples-master/msp430-examples-master/07-blinkWatchdog"  "../msp430-examples-master/msp430-examples-master/07-blinkWatchdog/main.c"
 
>> Compilation failure
msp430-examples-master/msp430-examples-master/07-blinkWatchdog/subdir_rules.mk:9: recipe for target 'msp430-examples-master/msp430-examples-master/07-blinkWatchdog/main.obj' failed
"../msp430-examples-master/msp430-examples-master/07-blinkWatchdog/main.c", line 1: fatal error #1965: cannot open source file "msp430.h"
1 catastrophic error detected in the compilation of "../msp430-examples-master/msp430-examples-master/07-blinkWatchdog/main.c".
Compilation terminated.
gmake: *** [msp430-examples-master/msp430-examples-master/07-blinkWatchdog/main.obj] Error 1
Building file: "../msp430-examples-master/msp430-examples-master/08-charlieplexing/main.c"
Invoking: Arm Compiler
"D:/learnData/ccs/ccs/tools/compiler/ti-cgt-arm_20.2.7.LTS/bin/armcl" -mv4 --code_state=32 --include_path="C:/Users/30628/workspace_v12/msp430" --include_path="D:/learnData/ccs/ccs/tools/compiler/ti-cgt-arm_20.2.7.LTS/include" -g --diag_warning=225 --diag_wrap=off --display_error_number --preproc_with_compile --preproc_dependency="msp430-examples-master/msp430-examples-master/08-charlieplexing/main.d_raw" --obj_directory="msp430-examples-master/msp430-examples-master/08-charlieplexing"  "../msp430-examples-master/msp430-examples-master/08-charlieplexing/main.c"
 
>> Compilation failure
msp430-examples-master/msp430-examples-master/08-charlieplexing/subdir_rules.mk:9: recipe for target 'msp430-examples-master/msp430-examples-master/08-charlieplexing/main.obj' failed
"../msp430-examples-master/msp430-examples-master/08-charlieplexing/main.c", line 1: fatal error #1965: cannot open source file "msp430.h"
1 catastrophic error detected in the compilation of "../msp430-examples-master/msp430-examples-master/08-charlieplexing/main.c".
Compilation terminated.
gmake: *** [msp430-examples-master/msp430-examples-master/08-charlieplexing/main.obj] Error 1
Building file: "../msp430-examples-master/msp430-examples-master/09-charlieSwitch/main.c"
Invoking: Arm Compiler
"D:/learnData/ccs/ccs/tools/compiler/ti-cgt-arm_20.2.7.LTS/bin/armcl" -mv4 --code_state=32 --include_path="C:/Users/30628/workspace_v12/msp430" --include_path="D:/learnData/ccs/ccs/tools/compiler/ti-cgt-arm_20.2.7.LTS/include" -g --diag_warning=225 --diag_wrap=off --display_error_number --preproc_with_compile --preproc_dependency="msp430-examples-master/msp430-examples-master/09-charlieSwitch/main.d_raw" --obj_directory="msp430-examples-master/msp430-examples-master/09-charlieSwitch"  "../msp430-examples-master/msp430-examples-master/09-charlieSwitch/main.c"
 
>> Compilation failure
msp430-examples-master/msp430-examples-master/09-charlieSwitch/subdir_rules.mk:9: recipe for target 'msp430-examples-master/msp430-examples-master/09-charlieSwitch/main.obj' failed
"../msp430-examples-master/msp430-examples-master/09-charlieSwitch/main.c", line 1: fatal error #1965: cannot open source file "msp430.h"
1 catastrophic error detected in the compilation of "../msp430-examples-master/msp430-examples-master/09-charlieSwitch/main.c".
Compilation terminated.
gmake: *** [msp430-examples-master/msp430-examples-master/09-charlieSwitch/main.obj] Error 1
Building file: "../msp430-examples-master/msp430-examples-master/10-timerBlink/main.c"
Invoking: Arm Compiler
"D:/learnData/ccs/ccs/tools/compiler/ti-cgt-arm_20.2.7.LTS/bin/armcl" -mv4 --code_state=32 --include_path="C:/Users/30628/workspace_v12/msp430" --include_path="D:/learnData/ccs/ccs/tools/compiler/ti-cgt-arm_20.2.7.LTS/include" -g --diag_warning=225 --diag_wrap=off --display_error_number --preproc_with_compile --preproc_dependency="msp430-examples-master/msp430-examples-master/10-timerBlink/main.d_raw" --obj_directory="msp430-examples-master/msp430-examples-master/10-timerBlink"  "../msp430-examples-master/msp430-examples-master/10-timerBlink/main.c"
 
>> Compilation failure
msp430-examples-master/msp430-examples-master/10-timerBlink/subdir_rules.mk:9: recipe for target 'msp430-examples-master/msp430-examples-master/10-timerBlink/main.obj' failed
"../msp430-examples-master/msp430-examples-master/10-timerBlink/main.c", line 1: fatal error #1965: cannot open source file "msp430.h"
1 catastrophic error detected in the compilation of "../msp430-examples-master/msp430-examples-master/10-timerBlink/main.c".
Compilation terminated.
gmake: *** [msp430-examples-master/msp430-examples-master/10-timerBlink/main.obj] Error 1
Building file: "../msp430-examples-master/msp430-examples-master/11-sevenSegment/main.c"
Invoking: Arm Compiler
"D:/learnData/ccs/ccs/tools/compiler/ti-cgt-arm_20.2.7.LTS/bin/armcl" -mv4 --code_state=32 --include_path="C:/Users/30628/workspace_v12/msp430" --include_path="D:/learnData/ccs/ccs/tools/compiler/ti-cgt-arm_20.2.7.LTS/include" -g --diag_warning=225 --diag_wrap=off --display_error_number --preproc_with_compile --preproc_dependency="msp430-examples-master/msp430-examples-master/11-sevenSegment/main.d_raw" --obj_directory="msp430-examples-master/msp430-examples-master/11-sevenSegment"  "../msp430-examples-master/msp430-examples-master/11-sevenSegment/main.c"
 
>> Compilation failure
msp430-examples-master/msp430-examples-master/11-sevenSegment/subdir_rules.mk:9: recipe for target 'msp430-examples-master/msp430-examples-master/11-sevenSegment/main.obj' failed
"../msp430-examples-master/msp430-examples-master/11-sevenSegment/main.c", line 1: fatal error #1965: cannot open source file "msp430.h"
1 catastrophic error detected in the compilation of "../msp430-examples-master/msp430-examples-master/11-sevenSegment/main.c".
Compilation terminated.
gmake: *** [msp430-examples-master/msp430-examples-master/11-sevenSegment/main.obj] Error 1
Building file: "../msp430-examples-master/msp430-examples-master/12-sevenSegCounter/main.c"
Invoking: Arm Compiler
"D:/learnData/ccs/ccs/tools/compiler/ti-cgt-arm_20.2.7.LTS/bin/armcl" -mv4 --code_state=32 --include_path="C:/Users/30628/workspace_v12/msp430" --include_path="D:/learnData/ccs/ccs/tools/compiler/ti-cgt-arm_20.2.7.LTS/include" -g --diag_warning=225 --diag_wrap=off --display_error_number --preproc_with_compile --preproc_dependency="msp430-examples-master/msp430-examples-master/12-sevenSegCounter/main.d_raw" --obj_directory="msp430-examples-master/msp430-examples-master/12-sevenSegCounter"  "../msp430-examples-master/msp430-examples-master/12-sevenSegCounter/main.c"
 
>> Compilation failure
msp430-examples-master/msp430-examples-master/12-sevenSegCounter/subdir_rules.mk:9: recipe for target 'msp430-examples-master/msp430-examples-master/12-sevenSegCounter/main.obj' failed
"../msp430-examples-master/msp430-examples-master/12-sevenSegCounter/main.c", line 1: fatal error #1965: cannot open source file "msp430.h"
1 catastrophic error detected in the compilation of "../msp430-examples-master/msp430-examples-master/12-sevenSegCounter/main.c".
Compilation terminated.
gmake: *** [msp430-examples-master/msp430-examples-master/12-sevenSegCounter/main.obj] Error 1
Building file: "../msp430-examples-master/msp430-examples-master/13-pwmTest/main.c"
Invoking: Arm Compiler
"D:/learnData/ccs/ccs/tools/compiler/ti-cgt-arm_20.2.7.LTS/bin/armcl" -mv4 --code_state=32 --include_path="C:/Users/30628/workspace_v12/msp430" --include_path="D:/learnData/ccs/ccs/tools/compiler/ti-cgt-arm_20.2.7.LTS/include" -g --diag_warning=225 --diag_wrap=off --display_error_number --preproc_with_compile --preproc_dependency="msp430-examples-master/msp430-examples-master/13-pwmTest/main.d_raw" --obj_directory="msp430-examples-master/msp430-examples-master/13-pwmTest"  "../msp430-examples-master/msp430-examples-master/13-pwmTest/main.c"
 
>> Compilation failure
msp430-examples-master/msp430-examples-master/13-pwmTest/subdir_rules.mk:9: recipe for target 'msp430-examples-master/msp430-examples-master/13-pwmTest/main.obj' failed
"../msp430-examples-master/msp430-examples-master/13-pwmTest/main.c", line 1: fatal error #1965: cannot open source file "msp430.h"
1 catastrophic error detected in the compilation of "../msp430-examples-master/msp430-examples-master/13-pwmTest/main.c".
Compilation terminated.
gmake: *** [msp430-examples-master/msp430-examples-master/13-pwmTest/main.obj] Error 1
Building file: "../msp430-examples-master/msp430-examples-master/14-softwarePWM/main.c"
Invoking: Arm Compiler
"D:/learnData/ccs/ccs/tools/compiler/ti-cgt-arm_20.2.7.LTS/bin/armcl" -mv4 --code_state=32 --include_path="C:/Users/30628/workspace_v12/msp430" --include_path="D:/learnData/ccs/ccs/tools/compiler/ti-cgt-arm_20.2.7.LTS/include" -g --diag_warning=225 --diag_wrap=off --display_error_number --preproc_with_compile --preproc_dependency="msp430-examples-master/msp430-examples-master/14-softwarePWM/main.d_raw" --obj_directory="msp430-examples-master/msp430-examples-master/14-softwarePWM"  "../msp430-examples-master/msp430-examples-master/14-softwarePWM/main.c"
 
>> Compilation failure
msp430-examples-master/msp430-examples-master/14-softwarePWM/subdir_rules.mk:9: recipe for target 'msp430-examples-master/msp430-examples-master/14-softwarePWM/main.obj' failed
"../msp430-examples-master/msp430-examples-master/14-softwarePWM/main.c", line 1: fatal error #1965: cannot open source file "msp430.h"
1 catastrophic error detected in the compilation of "../msp430-examples-master/msp430-examples-master/14-softwarePWM/main.c".
Compilation terminated.
gmake: *** [msp430-examples-master/msp430-examples-master/14-softwarePWM/main.obj] Error 1
Building file: "../msp430-examples-master/msp430-examples-master/15-timerCapture/main.c"
Invoking: Arm Compiler
"D:/learnData/ccs/ccs/tools/compiler/ti-cgt-arm_20.2.7.LTS/bin/armcl" -mv4 --code_state=32 --include_path="C:/Users/30628/workspace_v12/msp430" --include_path="D:/learnData/ccs/ccs/tools/compiler/ti-cgt-arm_20.2.7.LTS/include" -g --diag_warning=225 --diag_wrap=off --display_error_number --preproc_with_compile --preproc_dependency="msp430-examples-master/msp430-examples-master/15-timerCapture/main.d_raw" --obj_directory="msp430-examples-master/msp430-examples-master/15-timerCapture"  "../msp430-examples-master/msp430-examples-master/15-timerCapture/main.c"
 
>> Compilation failure
msp430-examples-master/msp430-examples-master/15-timerCapture/subdir_rules.mk:9: recipe for target 'msp430-examples-master/msp430-examples-master/15-timerCapture/main.obj' failed
"../msp430-examples-master/msp430-examples-master/15-timerCapture/main.c", line 1: fatal error #1965: cannot open source file "msp430.h"
1 catastrophic error detected in the compilation of "../msp430-examples-master/msp430-examples-master/15-timerCapture/main.c".
Compilation terminated.
gmake: *** [msp430-examples-master/msp430-examples-master/15-timerCapture/main.obj] Error 1
Building file: "../msp430-examples-master/msp430-examples-master/16-adcTest/main.c"
Invoking: Arm Compiler
"D:/learnData/ccs/ccs/tools/compiler/ti-cgt-arm_20.2.7.LTS/bin/armcl" -mv4 --code_state=32 --include_path="C:/Users/30628/workspace_v12/msp430" --include_path="D:/learnData/ccs/ccs/tools/compiler/ti-cgt-arm_20.2.7.LTS/include" -g --diag_warning=225 --diag_wrap=off --display_error_number --preproc_with_compile --preproc_dependency="msp430-examples-master/msp430-examples-master/16-adcTest/main.d_raw" --obj_directory="msp430-examples-master/msp430-examples-master/16-adcTest"  "../msp430-examples-master/msp430-examples-master/16-adcTest/main.c"
 
>> Compilation failure
msp430-examples-master/msp430-examples-master/16-adcTest/subdir_rules.mk:9: recipe for target 'msp430-examples-master/msp430-examples-master/16-adcTest/main.obj' failed
"../msp430-examples-master/msp430-examples-master/16-adcTest/main.c", line 1: fatal error #1965: cannot open source file "msp430.h"
1 catastrophic error detected in the compilation of "../msp430-examples-master/msp430-examples-master/16-adcTest/main.c".
Compilation terminated.
gmake: *** [msp430-examples-master/msp430-examples-master/16-adcTest/main.obj] Error 1
Building file: "../msp430-examples-master/msp430-examples-master/17-dcoTest/main.c"
Invoking: Arm Compiler
"D:/learnData/ccs/ccs/tools/compiler/ti-cgt-arm_20.2.7.LTS/bin/armcl" -mv4 --code_state=32 --include_path="C:/Users/30628/workspace_v12/msp430" --include_path="D:/learnData/ccs/ccs/tools/compiler/ti-cgt-arm_20.2.7.LTS/include" -g --diag_warning=225 --diag_wrap=off --display_error_number --preproc_with_compile --preproc_dependency="msp430-examples-master/msp430-examples-master/17-dcoTest/main.d_raw" --obj_directory="msp430-examples-master/msp430-examples-master/17-dcoTest"  "../msp430-examples-master/msp430-examples-master/17-dcoTest/main.c"
 
>> Compilation failure
msp430-examples-master/msp430-examples-master/17-dcoTest/subdir_rules.mk:9: recipe for target 'msp430-examples-master/msp430-examples-master/17-dcoTest/main.obj' failed
"../msp430-examples-master/msp430-examples-master/17-dcoTest/main.c", line 1: fatal error #1965: cannot open source file "msp430.h"
1 catastrophic error detected in the compilation of "../msp430-examples-master/msp430-examples-master/17-dcoTest/main.c".
Compilation terminated.
gmake: *** [msp430-examples-master/msp430-examples-master/17-dcoTest/main.obj] Error 1
Building file: "../msp430-examples-master/msp430-examples-master/18-adcPWM/main.c"
Invoking: Arm Compiler
"D:/learnData/ccs/ccs/tools/compiler/ti-cgt-arm_20.2.7.LTS/bin/armcl" -mv4 --code_state=32 --include_path="C:/Users/30628/workspace_v12/msp430" --include_path="D:/learnData/ccs/ccs/tools/compiler/ti-cgt-arm_20.2.7.LTS/include" -g --diag_warning=225 --diag_wrap=off --display_error_number --preproc_with_compile --preproc_dependency="msp430-examples-master/msp430-examples-master/18-adcPWM/main.d_raw" --obj_directory="msp430-examples-master/msp430-examples-master/18-adcPWM"  "../msp430-examples-master/msp430-examples-master/18-adcPWM/main.c"
 
>> Compilation failure
msp430-examples-master/msp430-examples-master/18-adcPWM/subdir_rules.mk:9: recipe for target 'msp430-examples-master/msp430-examples-master/18-adcPWM/main.obj' failed
"../msp430-examples-master/msp430-examples-master/18-adcPWM/main.c", line 1: fatal error #1965: cannot open source file "msp430.h"
1 catastrophic error detected in the compilation of "../msp430-examples-master/msp430-examples-master/18-adcPWM/main.c".
Compilation terminated.
gmake: *** [msp430-examples-master/msp430-examples-master/18-adcPWM/main.obj] Error 1
Building file: "../msp430-examples-master/msp430-examples-master/19-adcPWM-lpm/main.c"
Invoking: Arm Compiler
"D:/learnData/ccs/ccs/tools/compiler/ti-cgt-arm_20.2.7.LTS/bin/armcl" -mv4 --code_state=32 --include_path="C:/Users/30628/workspace_v12/msp430" --include_path="D:/learnData/ccs/ccs/tools/compiler/ti-cgt-arm_20.2.7.LTS/include" -g --diag_warning=225 --diag_wrap=off --display_error_number --preproc_with_compile --preproc_dependency="msp430-examples-master/msp430-examples-master/19-adcPWM-lpm/main.d_raw" --obj_directory="msp430-examples-master/msp430-examples-master/19-adcPWM-lpm"  "../msp430-examples-master/msp430-examples-master/19-adcPWM-lpm/main.c"
 
>> Compilation failure
msp430-examples-master/msp430-examples-master/19-adcPWM-lpm/subdir_rules.mk:9: recipe for target 'msp430-examples-master/msp430-examples-master/19-adcPWM-lpm/main.obj' failed
"../msp430-examples-master/msp430-examples-master/19-adcPWM-lpm/main.c", line 1: fatal error #1965: cannot open source file "msp430.h"
1 catastrophic error detected in the compilation of "../msp430-examples-master/msp430-examples-master/19-adcPWM-lpm/main.c".
Compilation terminated.
gmake: *** [msp430-examples-master/msp430-examples-master/19-adcPWM-lpm/main.obj] Error 1
Building file: "../msp430-examples-master/msp430-examples-master/20-uartEcho/main.c"
Invoking: Arm Compiler
"D:/learnData/ccs/ccs/tools/compiler/ti-cgt-arm_20.2.7.LTS/bin/armcl" -mv4 --code_state=32 --include_path="C:/Users/30628/workspace_v12/msp430" --include_path="D:/learnData/ccs/ccs/tools/compiler/ti-cgt-arm_20.2.7.LTS/include" -g --diag_warning=225 --diag_wrap=off --display_error_number --preproc_with_compile --preproc_dependency="msp430-examples-master/msp430-examples-master/20-uartEcho/main.d_raw" --obj_directory="msp430-examples-master/msp430-examples-master/20-uartEcho"  "../msp430-examples-master/msp430-examples-master/20-uartEcho/main.c"
 
>> Compilation failure
msp430-examples-master/msp430-examples-master/20-uartEcho/subdir_rules.mk:9: recipe for target 'msp430-examples-master/msp430-examples-master/20-uartEcho/main.obj' failed
"../msp430-examples-master/msp430-examples-master/20-uartEcho/main.c", line 1: fatal error #1965: cannot open source file "msp430.h"
1 catastrophic error detected in the compilation of "../msp430-examples-master/msp430-examples-master/20-uartEcho/main.c".
Compilation terminated.
gmake: *** [msp430-examples-master/msp430-examples-master/20-uartEcho/main.obj] Error 1
Building file: "../msp430-examples-master/msp430-examples-master/21-helloWorld/main.c"
Invoking: Arm Compiler
"D:/learnData/ccs/ccs/tools/compiler/ti-cgt-arm_20.2.7.LTS/bin/armcl" -mv4 --code_state=32 --include_path="C:/Users/30628/workspace_v12/msp430" --include_path="D:/learnData/ccs/ccs/tools/compiler/ti-cgt-arm_20.2.7.LTS/include" -g --diag_warning=225 --diag_wrap=off --display_error_number --preproc_with_compile --preproc_dependency="msp430-examples-master/msp430-examples-master/21-helloWorld/main.d_raw" --obj_directory="msp430-examples-master/msp430-examples-master/21-helloWorld"  "../msp430-examples-master/msp430-examples-master/21-helloWorld/main.c"
 
>> Compilation failure
msp430-examples-master/msp430-examples-master/21-helloWorld/subdir_rules.mk:9: recipe for target 'msp430-examples-master/msp430-examples-master/21-helloWorld/main.obj' failed
"../msp430-examples-master/msp430-examples-master/21-helloWorld/main.c", line 1: fatal error #1965: cannot open source file "msp430.h"
1 catastrophic error detected in the compilation of "../msp430-examples-master/msp430-examples-master/21-helloWorld/main.c".
Compilation terminated.
gmake: *** [msp430-examples-master/msp430-examples-master/21-helloWorld/main.obj] Error 1
Building file: "../msp430-examples-master/msp430-examples-master/22-uartPrintNum/main.c"
Invoking: Arm Compiler
"D:/learnData/ccs/ccs/tools/compiler/ti-cgt-arm_20.2.7.LTS/bin/armcl" -mv4 --code_state=32 --include_path="C:/Users/30628/workspace_v12/msp430" --include_path="D:/learnData/ccs/ccs/tools/compiler/ti-cgt-arm_20.2.7.LTS/include" -g --diag_warning=225 --diag_wrap=off --display_error_number --preproc_with_compile --preproc_dependency="msp430-examples-master/msp430-examples-master/22-uartPrintNum/main.d_raw" --obj_directory="msp430-examples-master/msp430-examples-master/22-uartPrintNum"  "../msp430-examples-master/msp430-examples-master/22-uartPrintNum/main.c"
 
>> Compilation failure
msp430-examples-master/msp430-examples-master/22-uartPrintNum/subdir_rules.mk:9: recipe for target 'msp430-examples-master/msp430-examples-master/22-uartPrintNum/main.obj' failed
"../msp430-examples-master/msp430-examples-master/22-uartPrintNum/main.c", line 1: fatal error #1965: cannot open source file "msp430.h"
1 catastrophic error detected in the compilation of "../msp430-examples-master/msp430-examples-master/22-uartPrintNum/main.c".
Compilation terminated.
gmake: *** [msp430-examples-master/msp430-examples-master/22-uartPrintNum/main.obj] Error 1
Building file: "../msp430-examples-master/msp430-examples-master/23-uartADC/main.c"
Invoking: Arm Compiler
"D:/learnData/ccs/ccs/tools/compiler/ti-cgt-arm_20.2.7.LTS/bin/armcl" -mv4 --code_state=32 --include_path="C:/Users/30628/workspace_v12/msp430" --include_path="D:/learnData/ccs/ccs/tools/compiler/ti-cgt-arm_20.2.7.LTS/include" -g --diag_warning=225 --diag_wrap=off --display_error_number --preproc_with_compile --preproc_dependency="msp430-examples-master/msp430-examples-master/23-uartADC/main.d_raw" --obj_directory="msp430-examples-master/msp430-examples-master/23-uartADC"  "../msp430-examples-master/msp430-examples-master/23-uartADC/main.c"
 
>> Compilation failure
msp430-examples-master/msp430-examples-master/23-uartADC/subdir_rules.mk:9: recipe for target 'msp430-examples-master/msp430-examples-master/23-uartADC/main.obj' failed
"../msp430-examples-master/msp430-examples-master/23-uartADC/main.c", line 1: fatal error #1965: cannot open source file "msp430.h"
1 catastrophic error detected in the compilation of "../msp430-examples-master/msp430-examples-master/23-uartADC/main.c".
Compilation terminated.
gmake: *** [msp430-examples-master/msp430-examples-master/23-uartADC/main.obj] Error 1
Building file: "../msp430-examples-master/msp430-examples-master/24-spiShift/main.c"
Invoking: Arm Compiler
"D:/learnData/ccs/ccs/tools/compiler/ti-cgt-arm_20.2.7.LTS/bin/armcl" -mv4 --code_state=32 --include_path="C:/Users/30628/workspace_v12/msp430" --include_path="D:/learnData/ccs/ccs/tools/compiler/ti-cgt-arm_20.2.7.LTS/include" -g --diag_warning=225 --diag_wrap=off --display_error_number --preproc_with_compile --preproc_dependency="msp430-examples-master/msp430-examples-master/24-spiShift/main.d_raw" --obj_directory="msp430-examples-master/msp430-examples-master/24-spiShift"  "../msp430-examples-master/msp430-examples-master/24-spiShift/main.c"
 
>> Compilation failure
msp430-examples-master/msp430-examples-master/24-spiShift/subdir_rules.mk:9: recipe for target 'msp430-examples-master/msp430-examples-master/24-spiShift/main.obj' failed
"../msp430-examples-master/msp430-examples-master/24-spiShift/main.c", line 1: fatal error #1965: cannot open source file "msp430.h"
1 catastrophic error detected in the compilation of "../msp430-examples-master/msp430-examples-master/24-spiShift/main.c".
Compilation terminated.
gmake: *** [msp430-examples-master/msp430-examples-master/24-spiShift/main.obj] Error 1
Building file: "../msp430-examples-master/msp430-examples-master/25-i2cTempSensor/main.c"
Invoking: Arm Compiler
"D:/learnData/ccs/ccs/tools/compiler/ti-cgt-arm_20.2.7.LTS/bin/armcl" -mv4 --code_state=32 --include_path="C:/Users/30628/workspace_v12/msp430" --include_path="D:/learnData/ccs/ccs/tools/compiler/ti-cgt-arm_20.2.7.LTS/include" -g --diag_warning=225 --diag_wrap=off --display_error_number --preproc_with_compile --preproc_dependency="msp430-examples-master/msp430-examples-master/25-i2cTempSensor/main.d_raw" --obj_directory="msp430-examples-master/msp430-examples-master/25-i2cTempSensor"  "../msp430-examples-master/msp430-examples-master/25-i2cTempSensor/main.c"
 
>> Compilation failure
msp430-examples-master/msp430-examples-master/25-i2cTempSensor/subdir_rules.mk:9: recipe for target 'msp430-examples-master/msp430-examples-master/25-i2cTempSensor/main.obj' failed
"../msp430-examples-master/msp430-examples-master/25-i2cTempSensor/main.c", line 1: fatal error #1965: cannot open source file "msp430.h"
1 catastrophic error detected in the compilation of "../msp430-examples-master/msp430-examples-master/25-i2cTempSensor/main.c".
Compilation terminated.
gmake: *** [msp430-examples-master/msp430-examples-master/25-i2cTempSensor/main.obj] Error 1
Building file: "../msp430-examples-master/msp430-examples-master/26-bitBangShift/main.c"
Invoking: Arm Compiler
"D:/learnData/ccs/ccs/tools/compiler/ti-cgt-arm_20.2.7.LTS/bin/armcl" -mv4 --code_state=32 --include_path="C:/Users/30628/workspace_v12/msp430" --include_path="D:/learnData/ccs/ccs/tools/compiler/ti-cgt-arm_20.2.7.LTS/include" -g --diag_warning=225 --diag_wrap=off --display_error_number --preproc_with_compile --preproc_dependency="msp430-examples-master/msp430-examples-master/26-bitBangShift/main.d_raw" --obj_directory="msp430-examples-master/msp430-examples-master/26-bitBangShift"  "../msp430-examples-master/msp430-examples-master/26-bitBangShift/main.c"
 
>> Compilation failure
msp430-examples-master/msp430-examples-master/26-bitBangShift/subdir_rules.mk:9: recipe for target 'msp430-examples-master/msp430-examples-master/26-bitBangShift/main.obj' failed
"../msp430-examples-master/msp430-examples-master/26-bitBangShift/main.c", line 1: fatal error #1965: cannot open source file "msp430.h"
1 catastrophic error detected in the compilation of "../msp430-examples-master/msp430-examples-master/26-bitBangShift/main.c".
Compilation terminated.
gmake: *** [msp430-examples-master/msp430-examples-master/26-bitBangShift/main.obj] Error 1
Building file: "../msp430-examples-master/msp430-examples-master/27-helloLCD/lcd.c"
Invoking: Arm Compiler
"D:/learnData/ccs/ccs/tools/compiler/ti-cgt-arm_20.2.7.LTS/bin/armcl" -mv4 --code_state=32 --include_path="C:/Users/30628/workspace_v12/msp430" --include_path="D:/learnData/ccs/ccs/tools/compiler/ti-cgt-arm_20.2.7.LTS/include" -g --diag_warning=225 --diag_wrap=off --display_error_number --preproc_with_compile --preproc_dependency="msp430-examples-master/msp430-examples-master/27-helloLCD/lcd.d_raw" --obj_directory="msp430-examples-master/msp430-examples-master/27-helloLCD"  "../msp430-examples-master/msp430-examples-master/27-helloLCD/lcd.c"
 
>> Compilation failure
msp430-examples-master/msp430-examples-master/27-helloLCD/subdir_rules.mk:9: recipe for target 'msp430-examples-master/msp430-examples-master/27-helloLCD/lcd.obj' failed
"../msp430-examples-master/msp430-examples-master/27-helloLCD/lcd.c", line 1: fatal error #1965: cannot open source file "msp430.h"
1 catastrophic error detected in the compilation of "../msp430-examples-master/msp430-examples-master/27-helloLCD/lcd.c".
Compilation terminated.
gmake: *** [msp430-examples-master/msp430-examples-master/27-helloLCD/lcd.obj] Error 1
Building file: "../msp430-examples-master/msp430-examples-master/27-helloLCD/main.c"
Invoking: Arm Compiler
"D:/learnData/ccs/ccs/tools/compiler/ti-cgt-arm_20.2.7.LTS/bin/armcl" -mv4 --code_state=32 --include_path="C:/Users/30628/workspace_v12/msp430" --include_path="D:/learnData/ccs/ccs/tools/compiler/ti-cgt-arm_20.2.7.LTS/include" -g --diag_warning=225 --diag_wrap=off --display_error_number --preproc_with_compile --preproc_dependency="msp430-examples-master/msp430-examples-master/27-helloLCD/main.d_raw" --obj_directory="msp430-examples-master/msp430-examples-master/27-helloLCD"  "../msp430-examples-master/msp430-examples-master/27-helloLCD/main.c"
 
>> Compilation failure
msp430-examples-master/msp430-examples-master/27-helloLCD/subdir_rules.mk:9: recipe for target 'msp430-examples-master/msp430-examples-master/27-helloLCD/main.obj' failed
"../msp430-examples-master/msp430-examples-master/27-helloLCD/main.c", line 1: fatal error #1965: cannot open source file "msp430.h"
1 catastrophic error detected in the compilation of "../msp430-examples-master/msp430-examples-master/27-helloLCD/main.c".
Compilation terminated.
gmake: *** [msp430-examples-master/msp430-examples-master/27-helloLCD/main.obj] Error 1
Building file: "../msp430-examples-master/msp430-examples-master/28-simpleLCD/main.c"
Invoking: Arm Compiler
"D:/learnData/ccs/ccs/tools/compiler/ti-cgt-arm_20.2.7.LTS/bin/armcl" -mv4 --code_state=32 --include_path="C:/Users/30628/workspace_v12/msp430" --include_path="D:/learnData/ccs/ccs/tools/compiler/ti-cgt-arm_20.2.7.LTS/include" -g --diag_warning=225 --diag_wrap=off --display_error_number --preproc_with_compile --preproc_dependency="msp430-examples-master/msp430-examples-master/28-simpleLCD/main.d_raw" --obj_directory="msp430-examples-master/msp430-examples-master/28-simpleLCD"  "../msp430-examples-master/msp430-examples-master/28-simpleLCD/main.c"
 
>> Compilation failure
msp430-examples-master/msp430-examples-master/28-simpleLCD/subdir_rules.mk:9: recipe for target 'msp430-examples-master/msp430-examples-master/28-simpleLCD/main.obj' failed
"../msp430-examples-master/msp430-examples-master/28-simpleLCD/main.c", line 1: fatal error #1965: cannot open source file "msp430.h"
1 catastrophic error detected in the compilation of "../msp430-examples-master/msp430-examples-master/28-simpleLCD/main.c".
Compilation terminated.
gmake: *** [msp430-examples-master/msp430-examples-master/28-simpleLCD/main.obj] Error 1
Building file: "../msp430-examples-master/msp430-examples-master/29-capTouch/Application/main.c"
Invoking: Arm Compiler
"D:/learnData/ccs/ccs/tools/compiler/ti-cgt-arm_20.2.7.LTS/bin/armcl" -mv4 --code_state=32 --include_path="C:/Users/30628/workspace_v12/msp430" --include_path="D:/learnData/ccs/ccs/tools/compiler/ti-cgt-arm_20.2.7.LTS/include" -g --diag_warning=225 --diag_wrap=off --display_error_number --preproc_with_compile --preproc_dependency="msp430-examples-master/msp430-examples-master/29-capTouch/Application/main.d_raw" --obj_directory="msp430-examples-master/msp430-examples-master/29-capTouch/Application"  "../msp430-examples-master/msp430-examples-master/29-capTouch/Application/main.c"
 
>> Compilation failure
msp430-examples-master/msp430-examples-master/29-capTouch/Application/subdir_rules.mk:9: recipe for target 'msp430-examples-master/msp430-examples-master/29-capTouch/Application/main.obj' failed
"../msp430-examples-master/msp430-examples-master/29-capTouch/Application/main.c", line 1: fatal error #1965: cannot open source file "CTS_Layer.h"
1 catastrophic error detected in the compilation of "../msp430-examples-master/msp430-examples-master/29-capTouch/Application/main.c".
Compilation terminated.
gmake: *** [msp430-examples-master/msp430-examples-master/29-capTouch/Application/main.obj] Error 1
Building file: "../msp430-examples-master/msp430-examples-master/29-capTouch/Application/structure.c"
Invoking: Arm Compiler
"D:/learnData/ccs/ccs/tools/compiler/ti-cgt-arm_20.2.7.LTS/bin/armcl" -mv4 --code_state=32 --include_path="C:/Users/30628/workspace_v12/msp430" --include_path="D:/learnData/ccs/ccs/tools/compiler/ti-cgt-arm_20.2.7.LTS/include" -g --diag_warning=225 --diag_wrap=off --display_error_number --preproc_with_compile --preproc_dependency="msp430-examples-master/msp430-examples-master/29-capTouch/Application/structure.d_raw" --obj_directory="msp430-examples-master/msp430-examples-master/29-capTouch/Application"  "../msp430-examples-master/msp430-examples-master/29-capTouch/Application/structure.c"
 
>> Compilation failure
msp430-examples-master/msp430-examples-master/29-capTouch/Application/subdir_rules.mk:9: recipe for target 'msp430-examples-master/msp430-examples-master/29-capTouch/Application/structure.obj' failed
"..\msp430-examples-master\msp430-examples-master\29-capTouch\Application\structure.h", line 49: fatal error #1965: cannot open source file "msp430.h"
1 catastrophic error detected in the compilation of "../msp430-examples-master/msp430-examples-master/29-capTouch/Application/structure.c".
Compilation terminated.
gmake: *** [msp430-examples-master/msp430-examples-master/29-capTouch/Application/structure.obj] Error 1
Building file: "../msp430-examples-master/msp430-examples-master/29-capTouch/Library/CTS_HAL.c"
Invoking: Arm Compiler
"D:/learnData/ccs/ccs/tools/compiler/ti-cgt-arm_20.2.7.LTS/bin/armcl" -mv4 --code_state=32 --include_path="C:/Users/30628/workspace_v12/msp430" --include_path="D:/learnData/ccs/ccs/tools/compiler/ti-cgt-arm_20.2.7.LTS/include" -g --diag_warning=225 --diag_wrap=off --display_error_number --preproc_with_compile --preproc_dependency="msp430-examples-master/msp430-examples-master/29-capTouch/Library/CTS_HAL.d_raw" --obj_directory="msp430-examples-master/msp430-examples-master/29-capTouch/Library"  "../msp430-examples-master/msp430-examples-master/29-capTouch/Library/CTS_HAL.c"
 
>> Compilation failure
msp430-examples-master/msp430-examples-master/29-capTouch/Library/subdir_rules.mk:9: recipe for target 'msp430-examples-master/msp430-examples-master/29-capTouch/Library/CTS_HAL.obj' failed
"..\msp430-examples-master\msp430-examples-master\29-capTouch\Library\CTS_HAL.h", line 90: fatal error #1965: cannot open source file "structure.h"
1 catastrophic error detected in the compilation of "../msp430-examples-master/msp430-examples-master/29-capTouch/Library/CTS_HAL.c".
Compilation terminated.
gmake: *** [msp430-examples-master/msp430-examples-master/29-capTouch/Library/CTS_HAL.obj] Error 1
Building file: "../msp430-examples-master/msp430-examples-master/29-capTouch/Library/CTS_Layer.c"
Invoking: Arm Compiler
"D:/learnData/ccs/ccs/tools/compiler/ti-cgt-arm_20.2.7.LTS/bin/armcl" -mv4 --code_state=32 --include_path="C:/Users/30628/workspace_v12/msp430" --include_path="D:/learnData/ccs/ccs/tools/compiler/ti-cgt-arm_20.2.7.LTS/include" -g --diag_warning=225 --diag_wrap=off --display_error_number --preproc_with_compile --preproc_dependency="msp430-examples-master/msp430-examples-master/29-capTouch/Library/CTS_Layer.d_raw" --obj_directory="msp430-examples-master/msp430-examples-master/29-capTouch/Library"  "../msp430-examples-master/msp430-examples-master/29-capTouch/Library/CTS_Layer.c"
 
>> Compilation failure
msp430-examples-master/msp430-examples-master/29-capTouch/Library/subdir_rules.mk:9: recipe for target 'msp430-examples-master/msp430-examples-master/29-capTouch/Library/CTS_Layer.obj' failed
"..\msp430-examples-master\msp430-examples-master\29-capTouch\Library\CTS_HAL.h", line 90: fatal error #1965: cannot open source file "structure.h"
1 catastrophic error detected in the compilation of "../msp430-examples-master/msp430-examples-master/29-capTouch/Library/CTS_Layer.c".
Compilation terminated.
gmake: *** [msp430-examples-master/msp430-examples-master/29-capTouch/Library/CTS_Layer.obj] Error 1
Building file: "../msp430-examples-master/msp430-examples-master/30-melodyBuzzer/main.c"
Invoking: Arm Compiler
"D:/learnData/ccs/ccs/tools/compiler/ti-cgt-arm_20.2.7.LTS/bin/armcl" -mv4 --code_state=32 --include_path="C:/Users/30628/workspace_v12/msp430" --include_path="D:/learnData/ccs/ccs/tools/compiler/ti-cgt-arm_20.2.7.LTS/include" -g --diag_warning=225 --diag_wrap=off --display_error_number --preproc_with_compile --preproc_dependency="msp430-examples-master/msp430-examples-master/30-melodyBuzzer/main.d_raw" --obj_directory="msp430-examples-master/msp430-examples-master/30-melodyBuzzer"  "../msp430-examples-master/msp430-examples-master/30-melodyBuzzer/main.c"
 
>> Compilation failure
msp430-examples-master/msp430-examples-master/30-melodyBuzzer/subdir_rules.mk:9: recipe for target 'msp430-examples-master/msp430-examples-master/30-melodyBuzzer/main.obj' failed
"../msp430-examples-master/msp430-examples-master/30-melodyBuzzer/main.c", line 1: fatal error #1965: cannot open source file "msp430.h"
1 catastrophic error detected in the compilation of "../msp430-examples-master/msp430-examples-master/30-melodyBuzzer/main.c".
Compilation terminated.
gmake: *** [msp430-examples-master/msp430-examples-master/30-melodyBuzzer/main.obj] Error 1
gmake: Target 'all' not remade because of errors.

**** Build Finished ****

**** Build of configuration Debug for project 00-blink ****

"D:\\learnData\\ccs\\ccs\\utils\\bin\\gmake" -k all 
 
Building file: "../blink.c"
Invoking: MSP430 Compiler
"D:/learnData/ccs/ccs/tools/compiler/ti-cgt-msp430_21.6.1.LTS/bin/cl430" -vmsp --abi=eabi --use_hw_mpy=none --include_path="D:/learnData/ccs/ccs/ccs_base/msp430/include" --include_path="D:/learnData/ccs/ccs/tools/compiler/ti-cgt-msp430_21.6.1.LTS/include" --advice:power=all -g --define=__MSP430G2553__ --display_error_number --diag_warning=225 --diag_wrap=off --printf_support=minimal --preproc_with_compile --preproc_dependency="blink.d_raw"  "../blink.c"
"../blink.c", line 37: warning #112-D: statement is unreachable
Finished building: "../blink.c"
 
Building target: "00-blink.out"
Invoking: MSP430 Linker
"D:/learnData/ccs/ccs/tools/compiler/ti-cgt-msp430_21.6.1.LTS/bin/cl430" -vmsp --abi=eabi --use_hw_mpy=none --advice:power=all -g --define=__MSP430G2553__ --display_error_number --diag_warning=225 --diag_wrap=off --printf_support=minimal -z -m"00-blink.map" --stack_size=80 --heap_size=80 -i"D:/learnData/ccs/ccs/ccs_base/msp430/include" -i"D:/learnData/ccs/ccs/tools/compiler/ti-cgt-msp430_21.6.1.LTS/lib" -i"D:/learnData/ccs/ccs/tools/compiler/ti-cgt-msp430_21.6.1.LTS/include" --reread_libs --warn_sections --diag_wrap=off --display_error_number --xml_link_info="00-blink_linkInfo.xml" --use_hw_mpy=none --rom_model -o "00-blink.out" "./blink.obj" "../lnk_msp430g2553.cmd"  -llibc.a 
<Linking>
remark #10371-D: (ULP 1.1) Detected no uses of low power mode state changing instructions
remark #10372-D: (ULP 4.1) Detected uninitialized Port 2 in this project. Recommend initializing all unused ports to eliminate wasted current consumption on unused pins.
remark #10372-D: (ULP 4.1) Detected uninitialized Port 3 in this project. Recommend initializing all unused ports to eliminate wasted current consumption on unused pins.
Finished building target: "00-blink.out"
 

**** Build Finished ****

**** Build of configuration Debug for project 01-testProject ****

"D:\\learnData\\ccs\\ccs\\utils\\bin\\gmake" -k all 
 
Building file: "../main.c"
Invoking: MSP430 Compiler
"D:/learnData/ccs/ccs/tools/compiler/ti-cgt-msp430_21.6.1.LTS/bin/cl430" -vmsp --abi=eabi --use_hw_mpy=none --include_path="D:/learnData/ccs/ccs/ccs_base/msp430/include" --include_path="D:/learnData/ccs/ccs/tools/compiler/ti-cgt-msp430_21.6.1.LTS/include" --advice:power=all -g --define=__MSP430G2553__ --display_error_number --diag_warning=225 --diag_wrap=off --printf_support=minimal --preproc_with_compile --preproc_dependency="main.d_raw"  "../main.c"
"../main.c", line 16: remark #1544-D: (ULP 13.1) Detected loop counting up. Recommend loops count down as detecting zeros is easier
"../main.c", line 16: remark #1527-D: (ULP 2.1) Detected SW delay loop using empty loop. Recommend using a timer module instead
"../main.c", line 16: remark #1544-D: (ULP 13.1) Detected loop counting up. Recommend loops count down as detecting zeros is easier
"../main.c", line 16: remark #1527-D: (ULP 2.1) Detected SW delay loop using empty loop. Recommend using a timer module instead
Finished building: "../main.c"
 
Building target: "01-testProject.out"
Invoking: MSP430 Linker
"D:/learnData/ccs/ccs/tools/compiler/ti-cgt-msp430_21.6.1.LTS/bin/cl430" -vmsp --abi=eabi --use_hw_mpy=none --advice:power=all -g --define=__MSP430G2553__ --display_error_number --diag_warning=225 --diag_wrap=off --printf_support=minimal -z -m"01-testProject.map" --stack_size=80 --heap_size=80 -i"D:/learnData/ccs/ccs/ccs_base/msp430/include" -i"D:/learnData/ccs/ccs/tools/compiler/ti-cgt-msp430_21.6.1.LTS/lib" -i"D:/learnData/ccs/ccs/tools/compiler/ti-cgt-msp430_21.6.1.LTS/include" --reread_libs --warn_sections --diag_wrap=off --display_error_number --xml_link_info="01-testProject_linkInfo.xml" --use_hw_mpy=none --rom_model -o "01-testProject.out" "./main.obj" "../lnk_msp430g2553.cmd"  -llibc.a 
<Linking>
remark #10371-D: (ULP 1.1) Detected no uses of low power mode state changing instructions
remark #10372-D: (ULP 4.1) Detected uninitialized Port 2 in this project. Recommend initializing all unused ports to eliminate wasted current consumption on unused pins.
remark #10372-D: (ULP 4.1) Detected uninitialized Port 3 in this project. Recommend initializing all unused ports to eliminate wasted current consumption on unused pins.
Finished building target: "01-testProject.out"
 

**** Build Finished ****

**** Build of configuration Debug for project 02-alternateBlink ****

"D:\\learnData\\ccs\\ccs\\utils\\bin\\gmake" -k all 
 
Building file: "../main.c"
Invoking: MSP430 Compiler
"D:/learnData/ccs/ccs/tools/compiler/ti-cgt-msp430_21.6.1.LTS/bin/cl430" -vmsp --abi=eabi --use_hw_mpy=none --include_path="D:/learnData/ccs/ccs/ccs_base/msp430/include" --include_path="D:/learnData/ccs/ccs/tools/compiler/ti-cgt-msp430_21.6.1.LTS/include" --advice:power=all -g --define=__MSP430G2553__ --display_error_number --diag_warning=225 --diag_wrap=off --printf_support=minimal --preproc_with_compile --preproc_dependency="main.d_raw"  "../main.c"
"../main.c", line 15: remark #1544-D: (ULP 13.1) Detected loop counting up. Recommend loops count down as detecting zeros is easier
"../main.c", line 15: remark #1527-D: (ULP 2.1) Detected SW delay loop using empty loop. Recommend using a timer module instead
"../main.c", line 20: remark #1544-D: (ULP 13.1) Detected loop counting up. Recommend loops count down as detecting zeros is easier
"../main.c", line 20: remark #1527-D: (ULP 2.1) Detected SW delay loop using empty loop. Recommend using a timer module instead
"../main.c", line 15: remark #1544-D: (ULP 13.1) Detected loop counting up. Recommend loops count down as detecting zeros is easier
"../main.c", line 15: remark #1527-D: (ULP 2.1) Detected SW delay loop using empty loop. Recommend using a timer module instead
"../main.c", line 20: remark #1544-D: (ULP 13.1) Detected loop counting up. Recommend loops count down as detecting zeros is easier
"../main.c", line 20: remark #1527-D: (ULP 2.1) Detected SW delay loop using empty loop. Recommend using a timer module instead
Finished building: "../main.c"
 
Building target: "02-alternateBlink.out"
Invoking: MSP430 Linker
"D:/learnData/ccs/ccs/tools/compiler/ti-cgt-msp430_21.6.1.LTS/bin/cl430" -vmsp --abi=eabi --use_hw_mpy=none --advice:power=all -g --define=__MSP430G2553__ --display_error_number --diag_warning=225 --diag_wrap=off --printf_support=minimal -z -m"02-alternateBlink.map" --stack_size=80 --heap_size=80 -i"D:/learnData/ccs/ccs/ccs_base/msp430/include" -i"D:/learnData/ccs/ccs/tools/compiler/ti-cgt-msp430_21.6.1.LTS/lib" -i"D:/learnData/ccs/ccs/tools/compiler/ti-cgt-msp430_21.6.1.LTS/include" --reread_libs --warn_sections --diag_wrap=off --display_error_number --xml_link_info="02-alternateBlink_linkInfo.xml" --use_hw_mpy=none --rom_model -o "02-alternateBlink.out" "./main.obj" "../lnk_msp430g2553.cmd"  -llibc.a 
<Linking>
remark #10371-D: (ULP 1.1) Detected no uses of low power mode state changing instructions
remark #10372-D: (ULP 4.1) Detected uninitialized Port 2 in this project. Recommend initializing all unused ports to eliminate wasted current consumption on unused pins.
remark #10372-D: (ULP 4.1) Detected uninitialized Port 3 in this project. Recommend initializing all unused ports to eliminate wasted current consumption on unused pins.
Finished building target: "02-alternateBlink.out"
 

**** Build Finished ****

**** Build of configuration Debug for project 03-testSwitch ****

"D:\\learnData\\ccs\\ccs\\utils\\bin\\gmake" -k all 
 
Building file: "../main.c"
Invoking: MSP430 Compiler
"D:/learnData/ccs/ccs/tools/compiler/ti-cgt-msp430_21.6.1.LTS/bin/cl430" -vmsp --abi=eabi --use_hw_mpy=none --include_path="D:/learnData/ccs/ccs/ccs_base/msp430/include" --include_path="D:/learnData/ccs/ccs/tools/compiler/ti-cgt-msp430_21.6.1.LTS/include" --advice:power=all -g --define=__MSP430G2553__ --display_error_number --diag_warning=225 --diag_wrap=off --printf_support=minimal --preproc_with_compile --preproc_dependency="main.d_raw"  "../main.c"
Finished building: "../main.c"
 
Building target: "03-testSwitch.out"
Invoking: MSP430 Linker
"D:/learnData/ccs/ccs/tools/compiler/ti-cgt-msp430_21.6.1.LTS/bin/cl430" -vmsp --abi=eabi --use_hw_mpy=none --advice:power=all -g --define=__MSP430G2553__ --display_error_number --diag_warning=225 --diag_wrap=off --printf_support=minimal -z -m"03-testSwitch.map" --stack_size=80 --heap_size=80 -i"D:/learnData/ccs/ccs/ccs_base/msp430/include" -i"D:/learnData/ccs/ccs/tools/compiler/ti-cgt-msp430_21.6.1.LTS/lib" -i"D:/learnData/ccs/ccs/tools/compiler/ti-cgt-msp430_21.6.1.LTS/include" --reread_libs --warn_sections --diag_wrap=off --display_error_number --xml_link_info="03-testSwitch_linkInfo.xml" --use_hw_mpy=none --rom_model -o "03-testSwitch.out" "./main.obj" "../lnk_msp430g2553.cmd"  -llibc.a 
<Linking>
remark #10371-D: (ULP 1.1) Detected no uses of low power mode state changing instructions
remark #10372-D: (ULP 4.1) Detected uninitialized Port 2 in this project. Recommend initializing all unused ports to eliminate wasted current consumption on unused pins.
remark #10372-D: (ULP 4.1) Detected uninitialized Port 3 in this project. Recommend initializing all unused ports to eliminate wasted current consumption on unused pins.
Finished building target: "03-testSwitch.out"
 

**** Build Finished ****

**** Build of configuration Debug for project 04-switchToggle ****

"D:\\learnData\\ccs\\ccs\\utils\\bin\\gmake" -k all 
 
Building file: "../main.c"
Invoking: MSP430 Compiler
"D:/learnData/ccs/ccs/tools/compiler/ti-cgt-msp430_21.6.1.LTS/bin/cl430" -vmsp --abi=eabi --use_hw_mpy=none --include_path="D:/learnData/ccs/ccs/ccs_base/msp430/include" --include_path="D:/learnData/ccs/ccs/tools/compiler/ti-cgt-msp430_21.6.1.LTS/include" --advice:power=all -g --define=__MSP430G2553__ --display_error_number --diag_warning=225 --diag_wrap=off --printf_support=minimal --preproc_with_compile --preproc_dependency="main.d_raw"  "../main.c"
"../main.c", line 18: remark #1527-D: (ULP 2.1) Detected SW delay loop using __delay_cycles. Recommend using a timer module instead
"../main.c", line 19: remark #1527-D: (ULP 2.1) Detected SW delay loop using empty loop. Recommend using a timer module instead
Finished building: "../main.c"
 
Building target: "04-switchToggle.out"
Invoking: MSP430 Linker
"D:/learnData/ccs/ccs/tools/compiler/ti-cgt-msp430_21.6.1.LTS/bin/cl430" -vmsp --abi=eabi --use_hw_mpy=none --advice:power=all -g --define=__MSP430G2553__ --display_error_number --diag_warning=225 --diag_wrap=off --printf_support=minimal -z -m"04-switchToggle.map" --stack_size=80 --heap_size=80 -i"D:/learnData/ccs/ccs/ccs_base/msp430/include" -i"D:/learnData/ccs/ccs/tools/compiler/ti-cgt-msp430_21.6.1.LTS/lib" -i"D:/learnData/ccs/ccs/tools/compiler/ti-cgt-msp430_21.6.1.LTS/include" --reread_libs --warn_sections --diag_wrap=off --display_error_number --xml_link_info="04-switchToggle_linkInfo.xml" --use_hw_mpy=none --rom_model -o "04-switchToggle.out" "./main.obj" "../lnk_msp430g2553.cmd"  -llibc.a 
<Linking>
remark #10371-D: (ULP 1.1) Detected no uses of low power mode state changing instructions
remark #10372-D: (ULP 4.1) Detected uninitialized Port 2 in this project. Recommend initializing all unused ports to eliminate wasted current consumption on unused pins.
remark #10372-D: (ULP 4.1) Detected uninitialized Port 3 in this project. Recommend initializing all unused ports to eliminate wasted current consumption on unused pins.
Finished building target: "04-switchToggle.out"
 

**** Build Finished ****

**** Build of configuration Debug for project 05-switchAlternate ****

"D:\\learnData\\ccs\\ccs\\utils\\bin\\gmake" -k all 
 
Building file: "../main.c"
Invoking: MSP430 Compiler
"D:/learnData/ccs/ccs/tools/compiler/ti-cgt-msp430_21.6.1.LTS/bin/cl430" -vmsp --abi=eabi --use_hw_mpy=none --include_path="D:/learnData/ccs/ccs/ccs_base/msp430/include" --include_path="D:/learnData/ccs/ccs/tools/compiler/ti-cgt-msp430_21.6.1.LTS/include" --advice:power=all -g --define=__MSP430G2553__ --display_error_number --diag_warning=225 --diag_wrap=off --printf_support=minimal --preproc_with_compile --preproc_dependency="main.d_raw"  "../main.c"
"../main.c", line 20: remark #1527-D: (ULP 2.1) Detected SW delay loop using __delay_cycles. Recommend using a timer module instead
"../main.c", line 23: remark #1527-D: (ULP 2.1) Detected SW delay loop using empty loop. Recommend using a timer module instead
Finished building: "../main.c"
 
Building target: "05-switchAlternate.out"
Invoking: MSP430 Linker
"D:/learnData/ccs/ccs/tools/compiler/ti-cgt-msp430_21.6.1.LTS/bin/cl430" -vmsp --abi=eabi --use_hw_mpy=none --advice:power=all -g --define=__MSP430G2553__ --display_error_number --diag_warning=225 --diag_wrap=off --printf_support=minimal -z -m"05-switchAlternate.map" --stack_size=80 --heap_size=80 -i"D:/learnData/ccs/ccs/ccs_base/msp430/include" -i"D:/learnData/ccs/ccs/tools/compiler/ti-cgt-msp430_21.6.1.LTS/lib" -i"D:/learnData/ccs/ccs/tools/compiler/ti-cgt-msp430_21.6.1.LTS/include" --reread_libs --warn_sections --diag_wrap=off --display_error_number --xml_link_info="05-switchAlternate_linkInfo.xml" --use_hw_mpy=none --rom_model -o "05-switchAlternate.out" "./main.obj" "../lnk_msp430g2553.cmd"  -llibc.a 
<Linking>
remark #10371-D: (ULP 1.1) Detected no uses of low power mode state changing instructions
remark #10372-D: (ULP 4.1) Detected uninitialized Port 2 in this project. Recommend initializing all unused ports to eliminate wasted current consumption on unused pins.
remark #10372-D: (ULP 4.1) Detected uninitialized Port 3 in this project. Recommend initializing all unused ports to eliminate wasted current consumption on unused pins.
Finished building target: "05-switchAlternate.out"
 

**** Build Finished ****

**** Build of configuration Debug for project 06-switchInterrupt ****

"D:\\learnData\\ccs\\ccs\\utils\\bin\\gmake" -k all 
 
Building file: "../main.c"
Invoking: MSP430 Compiler
"D:/learnData/ccs/ccs/tools/compiler/ti-cgt-msp430_21.6.1.LTS/bin/cl430" -vmsp --abi=eabi --use_hw_mpy=none --include_path="D:/learnData/ccs/ccs/ccs_base/msp430/include" --include_path="D:/learnData/ccs/ccs/tools/compiler/ti-cgt-msp430_21.6.1.LTS/include" --advice:power=all -g --define=__MSP430G2553__ --display_error_number --diag_warning=225 --diag_wrap=off --printf_support=minimal --preproc_with_compile --preproc_dependency="main.d_raw"  "../main.c"
Finished building: "../main.c"
 
Building target: "06-switchInterrupt.out"
Invoking: MSP430 Linker
"D:/learnData/ccs/ccs/tools/compiler/ti-cgt-msp430_21.6.1.LTS/bin/cl430" -vmsp --abi=eabi --use_hw_mpy=none --advice:power=all -g --define=__MSP430G2553__ --display_error_number --diag_warning=225 --diag_wrap=off --printf_support=minimal -z -m"06-switchInterrupt.map" --stack_size=80 --heap_size=80 -i"D:/learnData/ccs/ccs/ccs_base/msp430/include" -i"D:/learnData/ccs/ccs/tools/compiler/ti-cgt-msp430_21.6.1.LTS/lib" -i"D:/learnData/ccs/ccs/tools/compiler/ti-cgt-msp430_21.6.1.LTS/include" --reread_libs --warn_sections --diag_wrap=off --display_error_number --xml_link_info="06-switchInterrupt_linkInfo.xml" --use_hw_mpy=none --rom_model -o "06-switchInterrupt.out" "./main.obj" "../lnk_msp430g2553.cmd"  -llibc.a 
<Linking>
remark #10372-D: (ULP 4.1) Detected uninitialized Port 2 in this project. Recommend initializing all unused ports to eliminate wasted current consumption on unused pins.
remark #10372-D: (ULP 4.1) Detected uninitialized Port 3 in this project. Recommend initializing all unused ports to eliminate wasted current consumption on unused pins.
Finished building target: "06-switchInterrupt.out"
 

**** Build Finished ****

**** Build of configuration Debug for project 07-blinkWatchdog ****

"D:\\learnData\\ccs\\ccs\\utils\\bin\\gmake" -k all 
 
Building file: "../main.c"
Invoking: MSP430 Compiler
"D:/learnData/ccs/ccs/tools/compiler/ti-cgt-msp430_21.6.1.LTS/bin/cl430" -vmsp --abi=eabi --use_hw_mpy=none --include_path="D:/learnData/ccs/ccs/ccs_base/msp430/include" --include_path="D:/learnData/ccs/ccs/tools/compiler/ti-cgt-msp430_21.6.1.LTS/include" --advice:power=all -g --define=__MSP430G2553__ --display_error_number --diag_warning=225 --diag_wrap=off --printf_support=minimal --preproc_with_compile --preproc_dependency="main.d_raw"  "../main.c"
"../main.c", line 7: remark #1527-D: (ULP 2.1) Detected SW delay loop using empty loop. Recommend using a timer module instead
Finished building: "../main.c"
 
Building target: "07-blinkWatchdog.out"
Invoking: MSP430 Linker
"D:/learnData/ccs/ccs/tools/compiler/ti-cgt-msp430_21.6.1.LTS/bin/cl430" -vmsp --abi=eabi --use_hw_mpy=none --advice:power=all -g --define=__MSP430G2553__ --display_error_number --diag_warning=225 --diag_wrap=off --printf_support=minimal -z -m"07-blinkWatchdog.map" --stack_size=80 --heap_size=80 -i"D:/learnData/ccs/ccs/ccs_base/msp430/include" -i"D:/learnData/ccs/ccs/tools/compiler/ti-cgt-msp430_21.6.1.LTS/lib" -i"D:/learnData/ccs/ccs/tools/compiler/ti-cgt-msp430_21.6.1.LTS/include" --reread_libs --warn_sections --diag_wrap=off --display_error_number --xml_link_info="07-blinkWatchdog_linkInfo.xml" --use_hw_mpy=none --rom_model -o "07-blinkWatchdog.out" "./main.obj" "../lnk_msp430g2553.cmd"  -llibc.a 
<Linking>
remark #10371-D: (ULP 1.1) Detected no uses of low power mode state changing instructions
remark #10372-D: (ULP 4.1) Detected uninitialized Port 2 in this project. Recommend initializing all unused ports to eliminate wasted current consumption on unused pins.
remark #10372-D: (ULP 4.1) Detected uninitialized Port 3 in this project. Recommend initializing all unused ports to eliminate wasted current consumption on unused pins.
Finished building target: "07-blinkWatchdog.out"
 

**** Build Finished ****

**** Build of configuration Debug for project 08-charlieplexing ****

"D:\\learnData\\ccs\\ccs\\utils\\bin\\gmake" -k all 
 
Building file: "../main.c"
Invoking: MSP430 Compiler
"D:/learnData/ccs/ccs/tools/compiler/ti-cgt-msp430_21.6.1.LTS/bin/cl430" -vmsp --abi=eabi --use_hw_mpy=none --include_path="D:/learnData/ccs/ccs/ccs_base/msp430/include" --include_path="D:/learnData/ccs/ccs/tools/compiler/ti-cgt-msp430_21.6.1.LTS/include" --advice:power=all -g --define=__MSP430G2553__ --display_error_number --diag_warning=225 --diag_wrap=off --printf_support=minimal --preproc_with_compile --preproc_dependency="main.d_raw"  "../main.c"
"../main.c", line 30: remark #1544-D: (ULP 13.1) Detected loop counting up. Recommend loops count down as detecting zeros is easier
"../main.c", line 33: remark #1527-D: (ULP 2.1) Detected SW delay loop using __delay_cycles. Recommend using a timer module instead
"../main.c", line 30: remark #1544-D: (ULP 13.1) Detected loop counting up. Recommend loops count down as detecting zeros is easier
"../main.c", line 33: remark #1527-D: (ULP 2.1) Detected SW delay loop using __delay_cycles. Recommend using a timer module instead
Finished building: "../main.c"
 
Building target: "08-charlieplexing.out"
Invoking: MSP430 Linker
"D:/learnData/ccs/ccs/tools/compiler/ti-cgt-msp430_21.6.1.LTS/bin/cl430" -vmsp --abi=eabi --use_hw_mpy=none --advice:power=all -g --define=__MSP430G2553__ --display_error_number --diag_warning=225 --diag_wrap=off --printf_support=minimal -z -m"08-charlieplexing.map" --stack_size=80 --heap_size=80 -i"D:/learnData/ccs/ccs/ccs_base/msp430/include" -i"D:/learnData/ccs/ccs/tools/compiler/ti-cgt-msp430_21.6.1.LTS/lib" -i"D:/learnData/ccs/ccs/tools/compiler/ti-cgt-msp430_21.6.1.LTS/include" --reread_libs --warn_sections --diag_wrap=off --display_error_number --xml_link_info="08-charlieplexing_linkInfo.xml" --use_hw_mpy=none --rom_model -o "08-charlieplexing.out" "./main.obj" "../lnk_msp430g2553.cmd"  -llibc.a 
<Linking>
remark #10371-D: (ULP 1.1) Detected no uses of low power mode state changing instructions
remark #10372-D: (ULP 4.1) Detected uninitialized Port 1 in this project. Recommend initializing all unused ports to eliminate wasted current consumption on unused pins.
remark #10372-D: (ULP 4.1) Detected uninitialized Port 3 in this project. Recommend initializing all unused ports to eliminate wasted current consumption on unused pins.
Finished building target: "08-charlieplexing.out"
 

**** Build Finished ****

**** Build of configuration Debug for project 09-charlieSwitch ****

"D:\\learnData\\ccs\\ccs\\utils\\bin\\gmake" -k all 
 
Building file: "../main.c"
Invoking: MSP430 Compiler
"D:/learnData/ccs/ccs/tools/compiler/ti-cgt-msp430_21.6.1.LTS/bin/cl430" -vmsp --abi=eabi --use_hw_mpy=none --include_path="D:/learnData/ccs/ccs/ccs_base/msp430/include" --include_path="D:/learnData/ccs/ccs/tools/compiler/ti-cgt-msp430_21.6.1.LTS/include" --advice:power=all -g --define=__MSP430G2553__ --display_error_number --diag_warning=225 --diag_wrap=off --printf_support=minimal --preproc_with_compile --preproc_dependency="main.d_raw"  "../main.c"
"../main.c", line 47: remark #1544-D: (ULP 13.1) Detected loop counting up. Recommend loops count down as detecting zeros is easier
"../main.c", line 51: remark #1527-D: (ULP 2.1) Detected SW delay loop using __delay_cycles. Recommend using a timer module instead
"../main.c", line 47: remark #1544-D: (ULP 13.1) Detected loop counting up. Recommend loops count down as detecting zeros is easier
"../main.c", line 51: remark #1527-D: (ULP 2.1) Detected SW delay loop using __delay_cycles. Recommend using a timer module instead
"../main.c", line 59: remark #1527-D: (ULP 2.1) Detected SW delay loop using __delay_cycles. Recommend using a timer module instead
"../main.c", line 62: remark #2553-D: (ULP 14.1) Array index (involving "count") of type "int". Recommend using "unsigned int"
Finished building: "../main.c"
 
Building target: "09-charlieSwitch.out"
Invoking: MSP430 Linker
"D:/learnData/ccs/ccs/tools/compiler/ti-cgt-msp430_21.6.1.LTS/bin/cl430" -vmsp --abi=eabi --use_hw_mpy=none --advice:power=all -g --define=__MSP430G2553__ --display_error_number --diag_warning=225 --diag_wrap=off --printf_support=minimal -z -m"09-charlieSwitch.map" --stack_size=80 --heap_size=80 -i"D:/learnData/ccs/ccs/ccs_base/msp430/include" -i"D:/learnData/ccs/ccs/tools/compiler/ti-cgt-msp430_21.6.1.LTS/lib" -i"D:/learnData/ccs/ccs/tools/compiler/ti-cgt-msp430_21.6.1.LTS/include" --reread_libs --warn_sections --diag_wrap=off --display_error_number --xml_link_info="09-charlieSwitch_linkInfo.xml" --use_hw_mpy=none --rom_model -o "09-charlieSwitch.out" "./main.obj" "../lnk_msp430g2553.cmd"  -llibc.a 
<Linking>
remark #10371-D: (ULP 1.1) Detected no uses of low power mode state changing instructions
remark #10372-D: (ULP 4.1) Detected uninitialized Port 3 in this project. Recommend initializing all unused ports to eliminate wasted current consumption on unused pins.
Finished building target: "09-charlieSwitch.out"
 

**** Build Finished ****

**** Build of configuration Debug for project 10-timerBlink ****

"D:\\learnData\\ccs\\ccs\\utils\\bin\\gmake" -k all 
 
Building file: "../main.c"
Invoking: MSP430 Compiler
"D:/learnData/ccs/ccs/tools/compiler/ti-cgt-msp430_21.6.1.LTS/bin/cl430" -vmsp --abi=eabi --use_hw_mpy=none --include_path="D:/learnData/ccs/ccs/ccs_base/msp430/include" --include_path="D:/learnData/ccs/ccs/tools/compiler/ti-cgt-msp430_21.6.1.LTS/include" --advice:power=all -g --define=__MSP430G2553__ --display_error_number --diag_warning=225 --diag_wrap=off --printf_support=minimal --preproc_with_compile --preproc_dependency="main.d_raw"  "../main.c"
Finished building: "../main.c"
 
Building target: "10-timerBlink.out"
Invoking: MSP430 Linker
"D:/learnData/ccs/ccs/tools/compiler/ti-cgt-msp430_21.6.1.LTS/bin/cl430" -vmsp --abi=eabi --use_hw_mpy=none --advice:power=all -g --define=__MSP430G2553__ --display_error_number --diag_warning=225 --diag_wrap=off --printf_support=minimal -z -m"10-timerBlink.map" --stack_size=80 --heap_size=80 -i"D:/learnData/ccs/ccs/ccs_base/msp430/include" -i"D:/learnData/ccs/ccs/tools/compiler/ti-cgt-msp430_21.6.1.LTS/lib" -i"D:/learnData/ccs/ccs/tools/compiler/ti-cgt-msp430_21.6.1.LTS/include" --reread_libs --warn_sections --diag_wrap=off --display_error_number --xml_link_info="10-timerBlink_linkInfo.xml" --use_hw_mpy=none --rom_model -o "10-timerBlink.out" "./main.obj" "../lnk_msp430g2553.cmd"  -llibc.a 
<Linking>
remark #10372-D: (ULP 4.1) Detected uninitialized Port 2 in this project. Recommend initializing all unused ports to eliminate wasted current consumption on unused pins.
remark #10372-D: (ULP 4.1) Detected uninitialized Port 3 in this project. Recommend initializing all unused ports to eliminate wasted current consumption on unused pins.
Finished building target: "10-timerBlink.out"
 

**** Build Finished ****

**** Build of configuration Debug for project 11-sevenSegment ****

"D:\\learnData\\ccs\\ccs\\utils\\bin\\gmake" -k all 
 
Building file: "../main.c"
Invoking: MSP430 Compiler
"D:/learnData/ccs/ccs/tools/compiler/ti-cgt-msp430_21.6.1.LTS/bin/cl430" -vmsp --abi=eabi --use_hw_mpy=none --include_path="D:/learnData/ccs/ccs/ccs_base/msp430/include" --include_path="D:/learnData/ccs/ccs/tools/compiler/ti-cgt-msp430_21.6.1.LTS/include" --advice:power=all -g --define=__MSP430G2553__ --display_error_number --diag_warning=225 --diag_wrap=off --printf_support=minimal --preproc_with_compile --preproc_dependency="main.d_raw"  "../main.c"
"../main.c", line 44: remark #1544-D: (ULP 13.1) Detected loop counting up. Recommend loops count down as detecting zeros is easier
"../main.c", line 47: remark #1540-D: (ULP 11.2) Assignment of higher bits (constants) to "P2OUT" within a loop. Recommend using lower 4 bits to allow use of constant generators
"../main.c", line 48: remark #1527-D: (ULP 2.1) Detected SW delay loop using __delay_cycles. Recommend using a timer module instead
"../main.c", line 44: remark #1544-D: (ULP 13.1) Detected loop counting up. Recommend loops count down as detecting zeros is easier
"../main.c", line 47: remark #1540-D: (ULP 11.2) Assignment of higher bits (constants) to "P2OUT" within a loop. Recommend using lower 4 bits to allow use of constant generators
"../main.c", line 48: remark #1527-D: (ULP 2.1) Detected SW delay loop using __delay_cycles. Recommend using a timer module instead
Finished building: "../main.c"
 
Building target: "11-sevenSegment.out"
Invoking: MSP430 Linker
"D:/learnData/ccs/ccs/tools/compiler/ti-cgt-msp430_21.6.1.LTS/bin/cl430" -vmsp --abi=eabi --use_hw_mpy=none --advice:power=all -g --define=__MSP430G2553__ --display_error_number --diag_warning=225 --diag_wrap=off --printf_support=minimal -z -m"11-sevenSegment.map" --stack_size=80 --heap_size=80 -i"D:/learnData/ccs/ccs/ccs_base/msp430/include" -i"D:/learnData/ccs/ccs/tools/compiler/ti-cgt-msp430_21.6.1.LTS/lib" -i"D:/learnData/ccs/ccs/tools/compiler/ti-cgt-msp430_21.6.1.LTS/include" --reread_libs --warn_sections --diag_wrap=off --display_error_number --xml_link_info="11-sevenSegment_linkInfo.xml" --use_hw_mpy=none --rom_model -o "11-sevenSegment.out" "./main.obj" "../lnk_msp430g2553.cmd"  -llibc.a 
<Linking>
remark #10371-D: (ULP 1.1) Detected no uses of low power mode state changing instructions
remark #10372-D: (ULP 4.1) Detected uninitialized Port 1 in this project. Recommend initializing all unused ports to eliminate wasted current consumption on unused pins.
remark #10372-D: (ULP 4.1) Detected uninitialized Port 3 in this project. Recommend initializing all unused ports to eliminate wasted current consumption on unused pins.
Finished building target: "11-sevenSegment.out"
 

**** Build Finished ****

**** Build of configuration Debug for project 12-sevenSegCounter ****

"D:\\learnData\\ccs\\ccs\\utils\\bin\\gmake" -k all 
 
Building file: "../main.c"
Invoking: MSP430 Compiler
"D:/learnData/ccs/ccs/tools/compiler/ti-cgt-msp430_21.6.1.LTS/bin/cl430" -vmsp --abi=eabi --use_hw_mpy=none --include_path="D:/learnData/ccs/ccs/ccs_base/msp430/include" --include_path="D:/learnData/ccs/ccs/tools/compiler/ti-cgt-msp430_21.6.1.LTS/include" --advice:power=all -g --define=__MSP430G2553__ --display_error_number --diag_warning=225 --diag_wrap=off --printf_support=minimal --preproc_with_compile --preproc_dependency="main.d_raw"  "../main.c"
"../main.c", line 53: remark #1527-D: (ULP 2.1) Detected SW delay loop using __delay_cycles. Recommend using a timer module instead
"../main.c", line 56: remark #1527-D: (ULP 2.1) Detected SW delay loop using empty loop. Recommend using a timer module instead
Finished building: "../main.c"
 
Building target: "12-sevenSegCounter.out"
Invoking: MSP430 Linker
"D:/learnData/ccs/ccs/tools/compiler/ti-cgt-msp430_21.6.1.LTS/bin/cl430" -vmsp --abi=eabi --use_hw_mpy=none --advice:power=all -g --define=__MSP430G2553__ --display_error_number --diag_warning=225 --diag_wrap=off --printf_support=minimal -z -m"12-sevenSegCounter.map" --stack_size=80 --heap_size=80 -i"D:/learnData/ccs/ccs/ccs_base/msp430/include" -i"D:/learnData/ccs/ccs/tools/compiler/ti-cgt-msp430_21.6.1.LTS/lib" -i"D:/learnData/ccs/ccs/tools/compiler/ti-cgt-msp430_21.6.1.LTS/include" --reread_libs --warn_sections --diag_wrap=off --display_error_number --xml_link_info="12-sevenSegCounter_linkInfo.xml" --use_hw_mpy=none --rom_model -o "12-sevenSegCounter.out" "./main.obj" "../lnk_msp430g2553.cmd"  -llibc.a 
<Linking>
remark #10371-D: (ULP 1.1) Detected no uses of low power mode state changing instructions
remark #10372-D: (ULP 4.1) Detected uninitialized Port 3 in this project. Recommend initializing all unused ports to eliminate wasted current consumption on unused pins.
Finished building target: "12-sevenSegCounter.out"
 

**** Build Finished ****

**** Build of configuration Debug for project 13-pwmTest ****

"D:\\learnData\\ccs\\ccs\\utils\\bin\\gmake" -k all 
 
Building file: "../main.c"
Invoking: MSP430 Compiler
"D:/learnData/ccs/ccs/tools/compiler/ti-cgt-msp430_21.6.1.LTS/bin/cl430" -vmsp --abi=eabi --use_hw_mpy=none --include_path="D:/learnData/ccs/ccs/ccs_base/msp430/include" --include_path="D:/learnData/ccs/ccs/tools/compiler/ti-cgt-msp430_21.6.1.LTS/include" --advice:power=all -g --define=__MSP430G2553__ --display_error_number --diag_warning=225 --diag_wrap=off --printf_support=minimal --preproc_with_compile --preproc_dependency="main.d_raw"  "../main.c"
"../main.c", line 19: remark #1544-D: (ULP 13.1) Detected loop counting up. Recommend loops count down as detecting zeros is easier
"../main.c", line 22: remark #1527-D: (ULP 2.1) Detected SW delay loop using __delay_cycles. Recommend using a timer module instead
"../main.c", line 27: remark #1527-D: (ULP 2.1) Detected SW delay loop using __delay_cycles. Recommend using a timer module instead
"../main.c", line 19: remark #1544-D: (ULP 13.1) Detected loop counting up. Recommend loops count down as detecting zeros is easier
"../main.c", line 22: remark #1527-D: (ULP 2.1) Detected SW delay loop using __delay_cycles. Recommend using a timer module instead
"../main.c", line 27: remark #1527-D: (ULP 2.1) Detected SW delay loop using __delay_cycles. Recommend using a timer module instead
Finished building: "../main.c"
 
Building target: "13-pwmTest.out"
Invoking: MSP430 Linker
"D:/learnData/ccs/ccs/tools/compiler/ti-cgt-msp430_21.6.1.LTS/bin/cl430" -vmsp --abi=eabi --use_hw_mpy=none --advice:power=all -g --define=__MSP430G2553__ --display_error_number --diag_warning=225 --diag_wrap=off --printf_support=minimal -z -m"13-pwmTest.map" --stack_size=80 --heap_size=80 -i"D:/learnData/ccs/ccs/ccs_base/msp430/include" -i"D:/learnData/ccs/ccs/tools/compiler/ti-cgt-msp430_21.6.1.LTS/lib" -i"D:/learnData/ccs/ccs/tools/compiler/ti-cgt-msp430_21.6.1.LTS/include" --reread_libs --warn_sections --diag_wrap=off --display_error_number --xml_link_info="13-pwmTest_linkInfo.xml" --use_hw_mpy=none --rom_model -o "13-pwmTest.out" "./main.obj" "../lnk_msp430g2553.cmd"  -llibc.a 
<Linking>
remark #10371-D: (ULP 1.1) Detected no uses of low power mode state changing instructions
remark #10372-D: (ULP 4.1) Detected uninitialized Port 2 in this project. Recommend initializing all unused ports to eliminate wasted current consumption on unused pins.
remark #10372-D: (ULP 4.1) Detected uninitialized Port 3 in this project. Recommend initializing all unused ports to eliminate wasted current consumption on unused pins.
Finished building target: "13-pwmTest.out"
 

**** Build Finished ****

**** Build of configuration Debug for project 14-softwarePWM ****

"D:\\learnData\\ccs\\ccs\\utils\\bin\\gmake" -k all 
 
Building file: "../main.c"
Invoking: MSP430 Compiler
"D:/learnData/ccs/ccs/tools/compiler/ti-cgt-msp430_21.6.1.LTS/bin/cl430" -vmsp --abi=eabi --use_hw_mpy=none --include_path="D:/learnData/ccs/ccs/ccs_base/msp430/include" --include_path="D:/learnData/ccs/ccs/tools/compiler/ti-cgt-msp430_21.6.1.LTS/include" --advice:power=all -g --define=__MSP430G2553__ --display_error_number --diag_warning=225 --diag_wrap=off --printf_support=minimal --preproc_with_compile --preproc_dependency="main.d_raw"  "../main.c"
"../main.c", line 20: remark #1544-D: (ULP 13.1) Detected loop counting up. Recommend loops count down as detecting zeros is easier
"../main.c", line 22: remark #1540-D: (ULP 11.2) Assignment of higher bits (constants) to "P1OUT" within a loop. Recommend using lower 4 bits to allow use of constant generators
"../main.c", line 29: remark #1540-D: (ULP 11.2) Assignment of higher bits (constants) to "P1OUT" within a loop. Recommend using lower 4 bits to allow use of constant generators
"../main.c", line 20: remark #1544-D: (ULP 13.1) Detected loop counting up. Recommend loops count down as detecting zeros is easier
"../main.c", line 22: remark #1540-D: (ULP 11.2) Assignment of higher bits (constants) to "P1OUT" within a loop. Recommend using lower 4 bits to allow use of constant generators
"../main.c", line 29: remark #1540-D: (ULP 11.2) Assignment of higher bits (constants) to "P1OUT" within a loop. Recommend using lower 4 bits to allow use of constant generators
Finished building: "../main.c"
 
Building target: "14-softwarePWM.out"
Invoking: MSP430 Linker
"D:/learnData/ccs/ccs/tools/compiler/ti-cgt-msp430_21.6.1.LTS/bin/cl430" -vmsp --abi=eabi --use_hw_mpy=none --advice:power=all -g --define=__MSP430G2553__ --display_error_number --diag_warning=225 --diag_wrap=off --printf_support=minimal -z -m"14-softwarePWM.map" --stack_size=80 --heap_size=80 -i"D:/learnData/ccs/ccs/ccs_base/msp430/include" -i"D:/learnData/ccs/ccs/tools/compiler/ti-cgt-msp430_21.6.1.LTS/lib" -i"D:/learnData/ccs/ccs/tools/compiler/ti-cgt-msp430_21.6.1.LTS/include" --reread_libs --warn_sections --diag_wrap=off --display_error_number --xml_link_info="14-softwarePWM_linkInfo.xml" --use_hw_mpy=none --rom_model -o "14-softwarePWM.out" "./main.obj" "../lnk_msp430g2553.cmd"  -llibc.a 
<Linking>
remark #10371-D: (ULP 1.1) Detected no uses of low power mode state changing instructions
remark #10372-D: (ULP 4.1) Detected uninitialized Port 2 in this project. Recommend initializing all unused ports to eliminate wasted current consumption on unused pins.
remark #10372-D: (ULP 4.1) Detected uninitialized Port 3 in this project. Recommend initializing all unused ports to eliminate wasted current consumption on unused pins.
Finished building target: "14-softwarePWM.out"
 

**** Build Finished ****

**** Build of configuration Debug for project 15-timerCapture ****

"D:\\learnData\\ccs\\ccs\\utils\\bin\\gmake" -k all 
 
Building file: "../main.c"
Invoking: MSP430 Compiler
"D:/learnData/ccs/ccs/tools/compiler/ti-cgt-msp430_21.6.1.LTS/bin/cl430" -vmsp --abi=eabi --use_hw_mpy=none --include_path="D:/learnData/ccs/ccs/ccs_base/msp430/include" --include_path="D:/learnData/ccs/ccs/tools/compiler/ti-cgt-msp430_21.6.1.LTS/include" --advice:power=all -g --define=__MSP430G2553__ --display_error_number --diag_warning=225 --diag_wrap=off --printf_support=minimal --preproc_with_compile --preproc_dependency="main.d_raw"  "../main.c"
"../main.c", line 12: remark #1527-D: (ULP 2.1) Detected SW delay loop using empty loop. Recommend using a timer module instead
"../main.c", line 36: remark #1530-D: (ULP 5.1) Detected divide operation(s). Recommend moving them to RAM during run time or not using as these are processing/power intensive
Finished building: "../main.c"
 
Building target: "15-timerCapture.out"
Invoking: MSP430 Linker
"D:/learnData/ccs/ccs/tools/compiler/ti-cgt-msp430_21.6.1.LTS/bin/cl430" -vmsp --abi=eabi --use_hw_mpy=none --advice:power=all -g --define=__MSP430G2553__ --display_error_number --diag_warning=225 --diag_wrap=off --printf_support=minimal -z -m"15-timerCapture.map" --stack_size=80 --heap_size=80 -i"D:/learnData/ccs/ccs/ccs_base/msp430/include" -i"D:/learnData/ccs/ccs/tools/compiler/ti-cgt-msp430_21.6.1.LTS/lib" -i"D:/learnData/ccs/ccs/tools/compiler/ti-cgt-msp430_21.6.1.LTS/include" --reread_libs --warn_sections --diag_wrap=off --display_error_number --xml_link_info="15-timerCapture_linkInfo.xml" --use_hw_mpy=none --rom_model -o "15-timerCapture.out" "./main.obj" "../lnk_msp430g2553.cmd"  -llibc.a 
<Linking>
remark #10372-D: (ULP 4.1) Detected uninitialized Port 2 in this project. Recommend initializing all unused ports to eliminate wasted current consumption on unused pins.
remark #10372-D: (ULP 4.1) Detected uninitialized Port 3 in this project. Recommend initializing all unused ports to eliminate wasted current consumption on unused pins.
Finished building target: "15-timerCapture.out"
 

**** Build Finished ****

**** Build of configuration Debug for project 16-adcTest ****

"D:\\learnData\\ccs\\ccs\\utils\\bin\\gmake" -k all 
 
Building file: "../main.c"
Invoking: MSP430 Compiler
"D:/learnData/ccs/ccs/tools/compiler/ti-cgt-msp430_21.6.1.LTS/bin/cl430" -vmsp --abi=eabi --use_hw_mpy=none --include_path="D:/learnData/ccs/ccs/ccs_base/msp430/include" --include_path="D:/learnData/ccs/ccs/tools/compiler/ti-cgt-msp430_21.6.1.LTS/include" --advice:power=all -g --define=__MSP430G2553__ --display_error_number --diag_warning=225 --diag_wrap=off --printf_support=minimal --preproc_with_compile --preproc_dependency="main.d_raw"  "../main.c"
"../main.c", line 20: remark #1530-D: (ULP 5.1) Detected divide operation(s). Recommend moving them to RAM during run time or not using as these are processing/power intensive
"../main.c", line 20: remark #1533-D: (ULP 6.1) Detected use of multiplication on a device that has no hardware multiplier
Finished building: "../main.c"
 
Building target: "16-adcTest.out"
Invoking: MSP430 Linker
"D:/learnData/ccs/ccs/tools/compiler/ti-cgt-msp430_21.6.1.LTS/bin/cl430" -vmsp --abi=eabi --use_hw_mpy=none --advice:power=all -g --define=__MSP430G2553__ --display_error_number --diag_warning=225 --diag_wrap=off --printf_support=minimal -z -m"16-adcTest.map" --stack_size=80 --heap_size=80 -i"D:/learnData/ccs/ccs/ccs_base/msp430/include" -i"D:/learnData/ccs/ccs/tools/compiler/ti-cgt-msp430_21.6.1.LTS/lib" -i"D:/learnData/ccs/ccs/tools/compiler/ti-cgt-msp430_21.6.1.LTS/include" --reread_libs --warn_sections --diag_wrap=off --display_error_number --xml_link_info="16-adcTest_linkInfo.xml" --use_hw_mpy=none --rom_model -o "16-adcTest.out" "./main.obj" "../lnk_msp430g2553.cmd"  -llibc.a 
<Linking>
remark #10372-D: (ULP 4.1) Detected uninitialized Port 1 in this project. Recommend initializing all unused ports to eliminate wasted current consumption on unused pins.
remark #10372-D: (ULP 4.1) Detected uninitialized Port 2 in this project. Recommend initializing all unused ports to eliminate wasted current consumption on unused pins.
remark #10372-D: (ULP 4.1) Detected uninitialized Port 3 in this project. Recommend initializing all unused ports to eliminate wasted current consumption on unused pins.
Finished building target: "16-adcTest.out"
 

**** Build Finished ****

**** Build of configuration Debug for project 17-dcoTest ****

"D:\\learnData\\ccs\\ccs\\utils\\bin\\gmake" -k all 
 
Building file: "../main.c"
Invoking: MSP430 Compiler
"D:/learnData/ccs/ccs/tools/compiler/ti-cgt-msp430_21.6.1.LTS/bin/cl430" -vmsp --abi=eabi --use_hw_mpy=none --include_path="D:/learnData/ccs/ccs/ccs_base/msp430/include" --include_path="D:/learnData/ccs/ccs/tools/compiler/ti-cgt-msp430_21.6.1.LTS/include" --advice:power=all -g --define=__MSP430G2553__ --display_error_number --diag_warning=225 --diag_wrap=off --printf_support=minimal --preproc_with_compile --preproc_dependency="main.d_raw"  "../main.c"
"../main.c", line 13: remark #1527-D: (ULP 2.1) Detected SW delay loop using empty loop. Recommend using a timer module instead
Finished building: "../main.c"
 
Building target: "17-dcoTest.out"
Invoking: MSP430 Linker
"D:/learnData/ccs/ccs/tools/compiler/ti-cgt-msp430_21.6.1.LTS/bin/cl430" -vmsp --abi=eabi --use_hw_mpy=none --advice:power=all -g --define=__MSP430G2553__ --display_error_number --diag_warning=225 --diag_wrap=off --printf_support=minimal -z -m"17-dcoTest.map" --stack_size=80 --heap_size=80 -i"D:/learnData/ccs/ccs/ccs_base/msp430/include" -i"D:/learnData/ccs/ccs/tools/compiler/ti-cgt-msp430_21.6.1.LTS/lib" -i"D:/learnData/ccs/ccs/tools/compiler/ti-cgt-msp430_21.6.1.LTS/include" --reread_libs --warn_sections --diag_wrap=off --display_error_number --xml_link_info="17-dcoTest_linkInfo.xml" --use_hw_mpy=none --rom_model -o "17-dcoTest.out" "./main.obj" "../lnk_msp430g2553.cmd"  -llibc.a 
<Linking>
remark #10372-D: (ULP 4.1) Detected uninitialized Port 2 in this project. Recommend initializing all unused ports to eliminate wasted current consumption on unused pins.
remark #10372-D: (ULP 4.1) Detected uninitialized Port 3 in this project. Recommend initializing all unused ports to eliminate wasted current consumption on unused pins.
Finished building target: "17-dcoTest.out"
 

**** Build Finished ****

**** Build of configuration Debug for project 18-adcPWM ****

"D:\\learnData\\ccs\\ccs\\utils\\bin\\gmake" -k all 
 
Building file: "../main.c"
Invoking: MSP430 Compiler
"D:/learnData/ccs/ccs/tools/compiler/ti-cgt-msp430_21.6.1.LTS/bin/cl430" -vmsp --abi=eabi --use_hw_mpy=none --include_path="D:/learnData/ccs/ccs/ccs_base/msp430/include" --include_path="D:/learnData/ccs/ccs/tools/compiler/ti-cgt-msp430_21.6.1.LTS/include" --advice:power=all -g --define=__MSP430G2553__ --display_error_number --diag_warning=225 --diag_wrap=off --printf_support=minimal --preproc_with_compile --preproc_dependency="main.d_raw"  "../main.c"
"../main.c", line 26: remark #1528-D: (ULP 3.1) Detected flag polling using ADC10BUSY. Recommend using an interrupt combined with enter LPMx and ISR
Finished building: "../main.c"
 
Building target: "18-adcPWM.out"
Invoking: MSP430 Linker
"D:/learnData/ccs/ccs/tools/compiler/ti-cgt-msp430_21.6.1.LTS/bin/cl430" -vmsp --abi=eabi --use_hw_mpy=none --advice:power=all -g --define=__MSP430G2553__ --display_error_number --diag_warning=225 --diag_wrap=off --printf_support=minimal -z -m"18-adcPWM.map" --stack_size=80 --heap_size=80 -i"D:/learnData/ccs/ccs/ccs_base/msp430/include" -i"D:/learnData/ccs/ccs/tools/compiler/ti-cgt-msp430_21.6.1.LTS/lib" -i"D:/learnData/ccs/ccs/tools/compiler/ti-cgt-msp430_21.6.1.LTS/include" --reread_libs --warn_sections --diag_wrap=off --display_error_number --xml_link_info="18-adcPWM_linkInfo.xml" --use_hw_mpy=none --rom_model -o "18-adcPWM.out" "./main.obj" "../lnk_msp430g2553.cmd"  -llibc.a 
<Linking>
remark #10371-D: (ULP 1.1) Detected no uses of low power mode state changing instructions
remark #10372-D: (ULP 4.1) Detected uninitialized Port 2 in this project. Recommend initializing all unused ports to eliminate wasted current consumption on unused pins.
remark #10372-D: (ULP 4.1) Detected uninitialized Port 3 in this project. Recommend initializing all unused ports to eliminate wasted current consumption on unused pins.
Finished building target: "18-adcPWM.out"
 

**** Build Finished ****

**** Build of configuration Debug for project 19-adcPWM-lpm ****

"D:\\learnData\\ccs\\ccs\\utils\\bin\\gmake" -k all 
 
Building file: "../main.c"
Invoking: MSP430 Compiler
"D:/learnData/ccs/ccs/tools/compiler/ti-cgt-msp430_21.6.1.LTS/bin/cl430" -vmsp --abi=eabi --use_hw_mpy=none --include_path="D:/learnData/ccs/ccs/ccs_base/msp430/include" --include_path="D:/learnData/ccs/ccs/tools/compiler/ti-cgt-msp430_21.6.1.LTS/include" --advice:power=all -g --define=__MSP430G2553__ --display_error_number --diag_warning=225 --diag_wrap=off --printf_support=minimal --preproc_with_compile --preproc_dependency="main.d_raw"  "../main.c"
Finished building: "../main.c"
 
Building target: "19-adcPWM-lpm.out"
Invoking: MSP430 Linker
"D:/learnData/ccs/ccs/tools/compiler/ti-cgt-msp430_21.6.1.LTS/bin/cl430" -vmsp --abi=eabi --use_hw_mpy=none --advice:power=all -g --define=__MSP430G2553__ --display_error_number --diag_warning=225 --diag_wrap=off --printf_support=minimal -z -m"19-adcPWM-lpm.map" --stack_size=80 --heap_size=80 -i"D:/learnData/ccs/ccs/ccs_base/msp430/include" -i"D:/learnData/ccs/ccs/tools/compiler/ti-cgt-msp430_21.6.1.LTS/lib" -i"D:/learnData/ccs/ccs/tools/compiler/ti-cgt-msp430_21.6.1.LTS/include" --reread_libs --warn_sections --diag_wrap=off --display_error_number --xml_link_info="19-adcPWM-lpm_linkInfo.xml" --use_hw_mpy=none --rom_model -o "19-adcPWM-lpm.out" "./main.obj" "../lnk_msp430g2553.cmd"  -llibc.a 
<Linking>
remark #10372-D: (ULP 4.1) Detected uninitialized Port 2 in this project. Recommend initializing all unused ports to eliminate wasted current consumption on unused pins.
remark #10372-D: (ULP 4.1) Detected uninitialized Port 3 in this project. Recommend initializing all unused ports to eliminate wasted current consumption on unused pins.
Finished building target: "19-adcPWM-lpm.out"
 

**** Build Finished ****

**** Build of configuration Debug for project 20-uartEcho ****

"D:\\learnData\\ccs\\ccs\\utils\\bin\\gmake" -k all 
 
Building file: "../main.c"
Invoking: MSP430 Compiler
"D:/learnData/ccs/ccs/tools/compiler/ti-cgt-msp430_21.6.1.LTS/bin/cl430" -vmsp --abi=eabi --use_hw_mpy=none --include_path="D:/learnData/ccs/ccs/ccs_base/msp430/include" --include_path="D:/learnData/ccs/ccs/tools/compiler/ti-cgt-msp430_21.6.1.LTS/include" --advice:power=all -g --define=__MSP430G2553__ --display_error_number --diag_warning=225 --diag_wrap=off --printf_support=minimal --preproc_with_compile --preproc_dependency="main.d_raw"  "../main.c"
"../main.c", line 8: remark #1527-D: (ULP 2.1) Detected SW delay loop using empty loop. Recommend using a timer module instead
"../main.c", line 30: remark #1528-D: (ULP 3.1) Detected flag polling using IFG2. Recommend using an interrupt combined with enter LPMx and ISR
Finished building: "../main.c"
 
Building target: "20-uartEcho.out"
Invoking: MSP430 Linker
"D:/learnData/ccs/ccs/tools/compiler/ti-cgt-msp430_21.6.1.LTS/bin/cl430" -vmsp --abi=eabi --use_hw_mpy=none --advice:power=all -g --define=__MSP430G2553__ --display_error_number --diag_warning=225 --diag_wrap=off --printf_support=minimal -z -m"20-uartEcho.map" --stack_size=80 --heap_size=80 -i"D:/learnData/ccs/ccs/ccs_base/msp430/include" -i"D:/learnData/ccs/ccs/tools/compiler/ti-cgt-msp430_21.6.1.LTS/lib" -i"D:/learnData/ccs/ccs/tools/compiler/ti-cgt-msp430_21.6.1.LTS/include" --reread_libs --warn_sections --diag_wrap=off --display_error_number --xml_link_info="20-uartEcho_linkInfo.xml" --use_hw_mpy=none --rom_model -o "20-uartEcho.out" "./main.obj" "../lnk_msp430g2553.cmd"  -llibc.a 
<Linking>
remark #10372-D: (ULP 4.1) Detected uninitialized Port 2 in this project. Recommend initializing all unused ports to eliminate wasted current consumption on unused pins.
remark #10372-D: (ULP 4.1) Detected uninitialized Port 3 in this project. Recommend initializing all unused ports to eliminate wasted current consumption on unused pins.
Finished building target: "20-uartEcho.out"
 

**** Build Finished ****

**** Build of configuration Debug for project 21-helloWorld ****

"D:\\learnData\\ccs\\ccs\\utils\\bin\\gmake" -k all 
 
Building file: "../main.c"
Invoking: MSP430 Compiler
"D:/learnData/ccs/ccs/tools/compiler/ti-cgt-msp430_21.6.1.LTS/bin/cl430" -vmsp --abi=eabi --use_hw_mpy=none --include_path="D:/learnData/ccs/ccs/ccs_base/msp430/include" --include_path="D:/learnData/ccs/ccs/tools/compiler/ti-cgt-msp430_21.6.1.LTS/include" --advice:power=all -g --define=__MSP430G2553__ --display_error_number --diag_warning=225 --diag_wrap=off --printf_support=minimal --preproc_with_compile --preproc_dependency="main.d_raw"  "../main.c"
"../main.c", line 10: remark #1528-D: (ULP 3.1) Detected flag polling using IFG2. Recommend using an interrupt combined with enter LPMx and ISR
"../main.c", line 21: remark #1527-D: (ULP 2.1) Detected SW delay loop using empty loop. Recommend using a timer module instead
"../main.c", line 39: remark #1527-D: (ULP 2.1) Detected SW delay loop using __delay_cycles. Recommend using a timer module instead
Finished building: "../main.c"
 
Building target: "21-helloWorld.out"
Invoking: MSP430 Linker
"D:/learnData/ccs/ccs/tools/compiler/ti-cgt-msp430_21.6.1.LTS/bin/cl430" -vmsp --abi=eabi --use_hw_mpy=none --advice:power=all -g --define=__MSP430G2553__ --display_error_number --diag_warning=225 --diag_wrap=off --printf_support=minimal -z -m"21-helloWorld.map" --stack_size=80 --heap_size=80 -i"D:/learnData/ccs/ccs/ccs_base/msp430/include" -i"D:/learnData/ccs/ccs/tools/compiler/ti-cgt-msp430_21.6.1.LTS/lib" -i"D:/learnData/ccs/ccs/tools/compiler/ti-cgt-msp430_21.6.1.LTS/include" --reread_libs --warn_sections --diag_wrap=off --display_error_number --xml_link_info="21-helloWorld_linkInfo.xml" --use_hw_mpy=none --rom_model -o "21-helloWorld.out" "./main.obj" "../lnk_msp430g2553.cmd"  -llibc.a 
<Linking>
remark #10371-D: (ULP 1.1) Detected no uses of low power mode state changing instructions
remark #10372-D: (ULP 4.1) Detected uninitialized Port 2 in this project. Recommend initializing all unused ports to eliminate wasted current consumption on unused pins.
remark #10372-D: (ULP 4.1) Detected uninitialized Port 3 in this project. Recommend initializing all unused ports to eliminate wasted current consumption on unused pins.
Finished building target: "21-helloWorld.out"
 

**** Build Finished ****

**** Build of configuration Debug for project 22-uartPrintNum ****

"D:\\learnData\\ccs\\ccs\\utils\\bin\\gmake" -k all 
 
Building file: "../main.c"
Invoking: MSP430 Compiler
"D:/learnData/ccs/ccs/tools/compiler/ti-cgt-msp430_21.6.1.LTS/bin/cl430" -vmsp --abi=eabi --use_hw_mpy=none --include_path="D:/learnData/ccs/ccs/ccs_base/msp430/include" --include_path="D:/learnData/ccs/ccs/tools/compiler/ti-cgt-msp430_21.6.1.LTS/include" --advice:power=all -g --define=__MSP430G2553__ --display_error_number --diag_warning=225 --diag_wrap=off --printf_support=minimal --preproc_with_compile --preproc_dependency="main.d_raw"  "../main.c"
"../main.c", line 8: remark #1528-D: (ULP 3.1) Detected flag polling using IFG2. Recommend using an interrupt combined with enter LPMx and ISR
"../main.c", line 24: remark #1530-D: (ULP 5.1) Detected divide operation(s). Recommend moving them to RAM during run time or not using as these are processing/power intensive
"../main.c", line 25: remark #1533-D: (ULP 6.1) Detected use of multiplication on a device that has no hardware multiplier
"../main.c", line 37: remark #1527-D: (ULP 2.1) Detected SW delay loop using empty loop. Recommend using a timer module instead
"../main.c", line 58: remark #1527-D: (ULP 2.1) Detected SW delay loop using __delay_cycles. Recommend using a timer module instead
Finished building: "../main.c"
 
Building target: "22-uartPrintNum.out"
Invoking: MSP430 Linker
"D:/learnData/ccs/ccs/tools/compiler/ti-cgt-msp430_21.6.1.LTS/bin/cl430" -vmsp --abi=eabi --use_hw_mpy=none --advice:power=all -g --define=__MSP430G2553__ --display_error_number --diag_warning=225 --diag_wrap=off --printf_support=minimal -z -m"22-uartPrintNum.map" --stack_size=80 --heap_size=80 -i"D:/learnData/ccs/ccs/ccs_base/msp430/include" -i"D:/learnData/ccs/ccs/tools/compiler/ti-cgt-msp430_21.6.1.LTS/lib" -i"D:/learnData/ccs/ccs/tools/compiler/ti-cgt-msp430_21.6.1.LTS/include" --reread_libs --warn_sections --diag_wrap=off --display_error_number --xml_link_info="22-uartPrintNum_linkInfo.xml" --use_hw_mpy=none --rom_model -o "22-uartPrintNum.out" "./main.obj" "../lnk_msp430g2553.cmd"  -llibc.a 
<Linking>
remark #10371-D: (ULP 1.1) Detected no uses of low power mode state changing instructions
remark #10372-D: (ULP 4.1) Detected uninitialized Port 2 in this project. Recommend initializing all unused ports to eliminate wasted current consumption on unused pins.
remark #10372-D: (ULP 4.1) Detected uninitialized Port 3 in this project. Recommend initializing all unused ports to eliminate wasted current consumption on unused pins.
Finished building target: "22-uartPrintNum.out"
 

**** Build Finished ****

**** Build of configuration Debug for project 23-uartADC ****

"D:\\learnData\\ccs\\ccs\\utils\\bin\\gmake" -k all 
 
Building file: "../main.c"
Invoking: MSP430 Compiler
"D:/learnData/ccs/ccs/tools/compiler/ti-cgt-msp430_21.6.1.LTS/bin/cl430" -vmsp --abi=eabi --use_hw_mpy=none --include_path="D:/learnData/ccs/ccs/ccs_base/msp430/include" --include_path="D:/learnData/ccs/ccs/tools/compiler/ti-cgt-msp430_21.6.1.LTS/include" --advice:power=all -g --define=__MSP430G2553__ --display_error_number --diag_warning=225 --diag_wrap=off --printf_support=minimal --preproc_with_compile --preproc_dependency="main.d_raw"  "../main.c"
"../main.c", line 8: remark #1528-D: (ULP 3.1) Detected flag polling using IFG2. Recommend using an interrupt combined with enter LPMx and ISR
"../main.c", line 24: remark #1530-D: (ULP 5.1) Detected divide operation(s). Recommend moving them to RAM during run time or not using as these are processing/power intensive
"../main.c", line 25: remark #1533-D: (ULP 6.1) Detected use of multiplication on a device that has no hardware multiplier
"../main.c", line 59: remark #1528-D: (ULP 3.1) Detected flag polling using ADC10BUSY. Recommend using an interrupt combined with enter LPMx and ISR
"../main.c", line 37: remark #1527-D: (ULP 2.1) Detected SW delay loop using empty loop. Recommend using a timer module instead
"../main.c", line 63: remark #1527-D: (ULP 2.1) Detected SW delay loop using __delay_cycles. Recommend using a timer module instead
"../main.c", line 63: remark #1527-D: (ULP 2.1) Detected SW delay loop using __delay_cycles. Recommend using a timer module instead
Finished building: "../main.c"
 
Building target: "23-uartADC.out"
Invoking: MSP430 Linker
"D:/learnData/ccs/ccs/tools/compiler/ti-cgt-msp430_21.6.1.LTS/bin/cl430" -vmsp --abi=eabi --use_hw_mpy=none --advice:power=all -g --define=__MSP430G2553__ --display_error_number --diag_warning=225 --diag_wrap=off --printf_support=minimal -z -m"23-uartADC.map" --stack_size=80 --heap_size=80 -i"D:/learnData/ccs/ccs/ccs_base/msp430/include" -i"D:/learnData/ccs/ccs/tools/compiler/ti-cgt-msp430_21.6.1.LTS/lib" -i"D:/learnData/ccs/ccs/tools/compiler/ti-cgt-msp430_21.6.1.LTS/include" --reread_libs --warn_sections --diag_wrap=off --display_error_number --xml_link_info="23-uartADC_linkInfo.xml" --use_hw_mpy=none --rom_model -o "23-uartADC.out" "./main.obj" "../lnk_msp430g2553.cmd"  -llibc.a 
<Linking>
remark #10371-D: (ULP 1.1) Detected no uses of low power mode state changing instructions
remark #10372-D: (ULP 4.1) Detected uninitialized Port 2 in this project. Recommend initializing all unused ports to eliminate wasted current consumption on unused pins.
remark #10372-D: (ULP 4.1) Detected uninitialized Port 3 in this project. Recommend initializing all unused ports to eliminate wasted current consumption on unused pins.
Finished building target: "23-uartADC.out"
 

**** Build Finished ****

**** Build of configuration Debug for project 24-spiShift ****

"D:\\learnData\\ccs\\ccs\\utils\\bin\\gmake" -k all 
 
Building file: "../main.c"
Invoking: MSP430 Compiler
"D:/learnData/ccs/ccs/tools/compiler/ti-cgt-msp430_21.6.1.LTS/bin/cl430" -vmsp --abi=eabi --use_hw_mpy=none --include_path="D:/learnData/ccs/ccs/ccs_base/msp430/include" --include_path="D:/learnData/ccs/ccs/tools/compiler/ti-cgt-msp430_21.6.1.LTS/include" --advice:power=all -g --define=__MSP430G2553__ --display_error_number --diag_warning=225 --diag_wrap=off --printf_support=minimal --preproc_with_compile --preproc_dependency="main.d_raw"  "../main.c"
"../main.c", line 20: remark #1528-D: (ULP 3.1) Detected flag polling using IFG2. Recommend using an interrupt combined with enter LPMx and ISR
"../main.c", line 22: remark #1528-D: (ULP 3.1) Detected flag polling using UCBUSY. Recommend using an interrupt combined with enter LPMx and ISR
"../main.c", line 27: remark #1528-D: (ULP 3.1) Detected flag polling using IFG2. Recommend using an interrupt combined with enter LPMx and ISR
"../main.c", line 29: remark #1528-D: (ULP 3.1) Detected flag polling using UCBUSY. Recommend using an interrupt combined with enter LPMx and ISR
"../main.c", line 24: remark #1527-D: (ULP 2.1) Detected SW delay loop using __delay_cycles. Recommend using a timer module instead
"../main.c", line 31: remark #1527-D: (ULP 2.1) Detected SW delay loop using __delay_cycles. Recommend using a timer module instead
Finished building: "../main.c"
 
Building target: "24-spiShift.out"
Invoking: MSP430 Linker
"D:/learnData/ccs/ccs/tools/compiler/ti-cgt-msp430_21.6.1.LTS/bin/cl430" -vmsp --abi=eabi --use_hw_mpy=none --advice:power=all -g --define=__MSP430G2553__ --display_error_number --diag_warning=225 --diag_wrap=off --printf_support=minimal -z -m"24-spiShift.map" --stack_size=80 --heap_size=80 -i"D:/learnData/ccs/ccs/ccs_base/msp430/include" -i"D:/learnData/ccs/ccs/tools/compiler/ti-cgt-msp430_21.6.1.LTS/lib" -i"D:/learnData/ccs/ccs/tools/compiler/ti-cgt-msp430_21.6.1.LTS/include" --reread_libs --warn_sections --diag_wrap=off --display_error_number --xml_link_info="24-spiShift_linkInfo.xml" --use_hw_mpy=none --rom_model -o "24-spiShift.out" "./main.obj" "../lnk_msp430g2553.cmd"  -llibc.a 
<Linking>
remark #10371-D: (ULP 1.1) Detected no uses of low power mode state changing instructions
remark #10372-D: (ULP 4.1) Detected uninitialized Port 2 in this project. Recommend initializing all unused ports to eliminate wasted current consumption on unused pins.
remark #10372-D: (ULP 4.1) Detected uninitialized Port 3 in this project. Recommend initializing all unused ports to eliminate wasted current consumption on unused pins.
Finished building target: "24-spiShift.out"
 

**** Build Finished ****

**** Build of configuration Debug for project 25-i2cTempSensor ****

"D:\\learnData\\ccs\\ccs\\utils\\bin\\gmake" -k all 
 
Building file: "../main.c"
Invoking: MSP430 Compiler
"D:/learnData/ccs/ccs/tools/compiler/ti-cgt-msp430_21.6.1.LTS/bin/cl430" -vmsp --abi=eabi --use_hw_mpy=none --include_path="D:/learnData/ccs/ccs/ccs_base/msp430/include" --include_path="D:/learnData/ccs/ccs/tools/compiler/ti-cgt-msp430_21.6.1.LTS/include" --advice:power=all -g --define=__MSP430G2553__ --display_error_number --diag_warning=225 --diag_wrap=off --printf_support=minimal --preproc_with_compile --preproc_dependency="main.d_raw"  "../main.c"
"../main.c", line 28: remark #1530-D: (ULP 5.1) Detected divide operation(s). Recommend moving them to RAM during run time or not using as these are processing/power intensive
"../main.c", line 29: remark #1527-D: (ULP 2.1) Detected SW delay loop using __delay_cycles. Recommend using a timer module instead
Finished building: "../main.c"
 
Building target: "25-i2cTempSensor.out"
Invoking: MSP430 Linker
"D:/learnData/ccs/ccs/tools/compiler/ti-cgt-msp430_21.6.1.LTS/bin/cl430" -vmsp --abi=eabi --use_hw_mpy=none --advice:power=all -g --define=__MSP430G2553__ --display_error_number --diag_warning=225 --diag_wrap=off --printf_support=minimal -z -m"25-i2cTempSensor.map" --stack_size=80 --heap_size=80 -i"D:/learnData/ccs/ccs/ccs_base/msp430/include" -i"D:/learnData/ccs/ccs/tools/compiler/ti-cgt-msp430_21.6.1.LTS/lib" -i"D:/learnData/ccs/ccs/tools/compiler/ti-cgt-msp430_21.6.1.LTS/include" --reread_libs --warn_sections --diag_wrap=off --display_error_number --xml_link_info="25-i2cTempSensor_linkInfo.xml" --use_hw_mpy=none --rom_model -o "25-i2cTempSensor.out" "./main.obj" "../lnk_msp430g2553.cmd"  -llibc.a 
<Linking>
remark #10372-D: (ULP 4.1) Detected uninitialized Port 2 in this project. Recommend initializing all unused ports to eliminate wasted current consumption on unused pins.
remark #10372-D: (ULP 4.1) Detected uninitialized Port 3 in this project. Recommend initializing all unused ports to eliminate wasted current consumption on unused pins.
Finished building target: "25-i2cTempSensor.out"
 

**** Build Finished ****

**** Build of configuration Debug for project 26-bitBangShift ****

"D:\\learnData\\ccs\\ccs\\utils\\bin\\gmake" -k all 
 
Building file: "../main.c"
Invoking: MSP430 Compiler
"D:/learnData/ccs/ccs/tools/compiler/ti-cgt-msp430_21.6.1.LTS/bin/cl430" -vmsp --abi=eabi --use_hw_mpy=none --include_path="D:/learnData/ccs/ccs/ccs_base/msp430/include" --include_path="D:/learnData/ccs/ccs/tools/compiler/ti-cgt-msp430_21.6.1.LTS/include" --advice:power=all -g --define=__MSP430G2553__ --display_error_number --diag_warning=225 --diag_wrap=off --printf_support=minimal --preproc_with_compile --preproc_dependency="main.d_raw"  "../main.c"
"../main.c", line 11: remark #1544-D: (ULP 13.1) Detected loop counting up. Recommend loops count down as detecting zeros is easier
"../main.c", line 18: remark #1540-D: (ULP 11.2) Assignment of higher bits (constants) to "P1OUT" within a loop. Recommend using lower 4 bits to allow use of constant generators
"../main.c", line 34: remark #1527-D: (ULP 2.1) Detected SW delay loop using __delay_cycles. Recommend using a timer module instead
Finished building: "../main.c"
 
Building target: "26-bitBangShift.out"
Invoking: MSP430 Linker
"D:/learnData/ccs/ccs/tools/compiler/ti-cgt-msp430_21.6.1.LTS/bin/cl430" -vmsp --abi=eabi --use_hw_mpy=none --advice:power=all -g --define=__MSP430G2553__ --display_error_number --diag_warning=225 --diag_wrap=off --printf_support=minimal -z -m"26-bitBangShift.map" --stack_size=80 --heap_size=80 -i"D:/learnData/ccs/ccs/ccs_base/msp430/include" -i"D:/learnData/ccs/ccs/tools/compiler/ti-cgt-msp430_21.6.1.LTS/lib" -i"D:/learnData/ccs/ccs/tools/compiler/ti-cgt-msp430_21.6.1.LTS/include" --reread_libs --warn_sections --diag_wrap=off --display_error_number --xml_link_info="26-bitBangShift_linkInfo.xml" --use_hw_mpy=none --rom_model -o "26-bitBangShift.out" "./main.obj" "../lnk_msp430g2553.cmd"  -llibc.a 
<Linking>
remark #10371-D: (ULP 1.1) Detected no uses of low power mode state changing instructions
remark #10372-D: (ULP 4.1) Detected uninitialized Port 2 in this project. Recommend initializing all unused ports to eliminate wasted current consumption on unused pins.
remark #10372-D: (ULP 4.1) Detected uninitialized Port 3 in this project. Recommend initializing all unused ports to eliminate wasted current consumption on unused pins.
Finished building target: "26-bitBangShift.out"
 

**** Build Finished ****

**** Build of configuration Debug for project 27-helloLCD ****

"D:\\learnData\\ccs\\ccs\\utils\\bin\\gmake" -k all 
 
Building file: "../lcd.c"
Invoking: MSP430 Compiler
"D:/learnData/ccs/ccs/tools/compiler/ti-cgt-msp430_21.6.1.LTS/bin/cl430" -vmsp --abi=eabi --use_hw_mpy=none --include_path="D:/learnData/ccs/ccs/ccs_base/msp430/include" --include_path="D:/learnData/ccs/ccs/tools/compiler/ti-cgt-msp430_21.6.1.LTS/include" --advice:power=all -g --define=__MSP430G2553__ --display_error_number --diag_warning=225 --diag_wrap=off --printf_support=minimal --preproc_with_compile --preproc_dependency="lcd.d_raw"  "../lcd.c"
"../lcd.c", line 41: remark #1544-D: (ULP 13.1) Detected loop counting up. Recommend loops count down as detecting zeros is easier
Finished building: "../lcd.c"
 
Building file: "../main.c"
Invoking: MSP430 Compiler
"D:/learnData/ccs/ccs/tools/compiler/ti-cgt-msp430_21.6.1.LTS/bin/cl430" -vmsp --abi=eabi --use_hw_mpy=none --include_path="D:/learnData/ccs/ccs/ccs_base/msp430/include" --include_path="D:/learnData/ccs/ccs/tools/compiler/ti-cgt-msp430_21.6.1.LTS/include" --advice:power=all -g --define=__MSP430G2553__ --display_error_number --diag_warning=225 --diag_wrap=off --printf_support=minimal --preproc_with_compile --preproc_dependency="main.d_raw"  "../main.c"
"../main.c", line 25: remark #1527-D: (ULP 2.1) Detected SW delay loop using empty loop. Recommend using a timer module instead
Finished building: "../main.c"
 
Building target: "27-helloLCD.out"
Invoking: MSP430 Linker
"D:/learnData/ccs/ccs/tools/compiler/ti-cgt-msp430_21.6.1.LTS/bin/cl430" -vmsp --abi=eabi --use_hw_mpy=none --advice:power=all -g --define=__MSP430G2553__ --display_error_number --diag_warning=225 --diag_wrap=off --printf_support=minimal -z -m"27-helloLCD.map" --stack_size=80 --heap_size=80 -i"D:/learnData/ccs/ccs/ccs_base/msp430/include" -i"D:/learnData/ccs/ccs/tools/compiler/ti-cgt-msp430_21.6.1.LTS/lib" -i"D:/learnData/ccs/ccs/tools/compiler/ti-cgt-msp430_21.6.1.LTS/include" --reread_libs --warn_sections --diag_wrap=off --display_error_number --xml_link_info="27-helloLCD_linkInfo.xml" --use_hw_mpy=none --rom_model -o "27-helloLCD.out" "./lcd.obj" "./main.obj" "../lnk_msp430g2553.cmd"  -llibc.a 
<Linking>
remark #10371-D: (ULP 1.1) Detected no uses of low power mode state changing instructions
remark #10372-D: (ULP 4.1) Detected uninitialized Port 1 in this project. Recommend initializing all unused ports to eliminate wasted current consumption on unused pins.
remark #10372-D: (ULP 4.1) Detected uninitialized Port 3 in this project. Recommend initializing all unused ports to eliminate wasted current consumption on unused pins.
Finished building target: "27-helloLCD.out"
 

**** Build Finished ****

**** Build of configuration Debug for project 28-simpleLCD ****

"D:\\learnData\\ccs\\ccs\\utils\\bin\\gmake" -k all 
 
Building file: "../main.c"
Invoking: MSP430 Compiler
"D:/learnData/ccs/ccs/tools/compiler/ti-cgt-msp430_21.6.1.LTS/bin/cl430" -vmsp --abi=eabi --use_hw_mpy=none --include_path="D:/learnData/ccs/ccs/ccs_base/msp430/include" --include_path="D:/learnData/ccs/ccs/tools/compiler/ti-cgt-msp430_21.6.1.LTS/include" --advice:power=all -g --define=__MSP430G2553__ --display_error_number --diag_warning=225 --diag_wrap=off --printf_support=minimal --preproc_with_compile --preproc_dependency="main.d_raw"  "../main.c"
"../main.c", line 108: remark #1527-D: (ULP 2.1) Detected SW delay loop using empty loop. Recommend using a timer module instead
Finished building: "../main.c"
 
Building target: "28-simpleLCD.out"
Invoking: MSP430 Linker
"D:/learnData/ccs/ccs/tools/compiler/ti-cgt-msp430_21.6.1.LTS/bin/cl430" -vmsp --abi=eabi --use_hw_mpy=none --advice:power=all -g --define=__MSP430G2553__ --display_error_number --diag_warning=225 --diag_wrap=off --printf_support=minimal -z -m"28-simpleLCD.map" --stack_size=80 --heap_size=80 -i"D:/learnData/ccs/ccs/ccs_base/msp430/include" -i"D:/learnData/ccs/ccs/tools/compiler/ti-cgt-msp430_21.6.1.LTS/lib" -i"D:/learnData/ccs/ccs/tools/compiler/ti-cgt-msp430_21.6.1.LTS/include" --reread_libs --warn_sections --diag_wrap=off --display_error_number --xml_link_info="28-simpleLCD_linkInfo.xml" --use_hw_mpy=none --rom_model -o "28-simpleLCD.out" "./main.obj" "../lnk_msp430g2553.cmd"  -llibc.a 
<Linking>
remark #10371-D: (ULP 1.1) Detected no uses of low power mode state changing instructions
remark #10372-D: (ULP 4.1) Detected uninitialized Port 1 in this project. Recommend initializing all unused ports to eliminate wasted current consumption on unused pins.
remark #10372-D: (ULP 4.1) Detected uninitialized Port 3 in this project. Recommend initializing all unused ports to eliminate wasted current consumption on unused pins.
Finished building target: "28-simpleLCD.out"
 

**** Build Finished ****

**** Build of configuration Debug for project 29-capTouch ****

"D:\\learnData\\ccs\\ccs\\utils\\bin\\gmake" -k all 
 
Building file: "../Application/main.c"
Invoking: MSP430 Compiler
"D:/learnData/ccs/ccs/tools/compiler/ti-cgt-msp430_21.6.1.LTS/bin/cl430" -vmsp --abi=eabi --use_hw_mpy=none --include_path="D:/learnData/ccs/ccs/ccs_base/msp430/include" --include_path="D:/learnData/ccs/ccs/tools/compiler/ti-cgt-msp430_21.6.1.LTS/include" --include_path="C:/Users/30628/workspace_v12/29-capTouch/Library" --include_path="C:/Users/30628/workspace_v12/29-capTouch/Application" --advice:power=all -g --gcc --define=__MSP430G2553__ --display_error_number --diag_warning=225 --diag_wrap=off --printf_support=minimal --preproc_with_compile --preproc_dependency="Application/main.d_raw" --obj_directory="Application"  "../Application/main.c"
"../Application/main.c", line 40: remark #1527-D: (ULP 2.1) Detected SW delay loop using __delay_cycles. Recommend using a timer module instead
"../Application/main.c", line 46: remark #1527-D: (ULP 2.1) Detected SW delay loop using __delay_cycles. Recommend using a timer module instead
"../Application/main.c", line 51: remark #1527-D: (ULP 2.1) Detected SW delay loop using __delay_cycles. Recommend using a timer module instead
Finished building: "../Application/main.c"
 
Building file: "../Application/structure.c"
Invoking: MSP430 Compiler
"D:/learnData/ccs/ccs/tools/compiler/ti-cgt-msp430_21.6.1.LTS/bin/cl430" -vmsp --abi=eabi --use_hw_mpy=none --include_path="D:/learnData/ccs/ccs/ccs_base/msp430/include" --include_path="D:/learnData/ccs/ccs/tools/compiler/ti-cgt-msp430_21.6.1.LTS/include" --include_path="C:/Users/30628/workspace_v12/29-capTouch/Library" --include_path="C:/Users/30628/workspace_v12/29-capTouch/Application" --advice:power=all -g --gcc --define=__MSP430G2553__ --display_error_number --diag_warning=225 --diag_wrap=off --printf_support=minimal --preproc_with_compile --preproc_dependency="Application/structure.d_raw" --obj_directory="Application"  "../Application/structure.c"
Finished building: "../Application/structure.c"
 
Building file: "../Library/CTS_HAL.c"
Invoking: MSP430 Compiler
"D:/learnData/ccs/ccs/tools/compiler/ti-cgt-msp430_21.6.1.LTS/bin/cl430" -vmsp --abi=eabi --use_hw_mpy=none --include_path="D:/learnData/ccs/ccs/ccs_base/msp430/include" --include_path="D:/learnData/ccs/ccs/tools/compiler/ti-cgt-msp430_21.6.1.LTS/include" --include_path="C:/Users/30628/workspace_v12/29-capTouch/Library" --include_path="C:/Users/30628/workspace_v12/29-capTouch/Application" --advice:power=all -g --gcc --define=__MSP430G2553__ --display_error_number --diag_warning=225 --diag_wrap=off --printf_support=minimal --preproc_with_compile --preproc_dependency="Library/CTS_HAL.d_raw" --obj_directory="Library"  "../Library/CTS_HAL.c"
"../Library/CTS_HAL.c", line 1869: remark #1544-D: (ULP 13.1) Detected loop counting up. Recommend loops count down as detecting zeros is easier
Finished building: "../Library/CTS_HAL.c"
 
Building file: "../Library/CTS_Layer.c"
Invoking: MSP430 Compiler
"D:/learnData/ccs/ccs/tools/compiler/ti-cgt-msp430_21.6.1.LTS/bin/cl430" -vmsp --abi=eabi --use_hw_mpy=none --include_path="D:/learnData/ccs/ccs/ccs_base/msp430/include" --include_path="D:/learnData/ccs/ccs/tools/compiler/ti-cgt-msp430_21.6.1.LTS/include" --include_path="C:/Users/30628/workspace_v12/29-capTouch/Library" --include_path="C:/Users/30628/workspace_v12/29-capTouch/Application" --advice:power=all -g --gcc --define=__MSP430G2553__ --display_error_number --diag_warning=225 --diag_wrap=off --printf_support=minimal --preproc_with_compile --preproc_dependency="Library/CTS_Layer.d_raw" --obj_directory="Library"  "../Library/CTS_Layer.c"
"../Library/CTS_Layer.c", line 357: remark #1544-D: (ULP 13.1) Detected loop counting up. Recommend loops count down as detecting zeros is easier
"../Library/CTS_Layer.c", line 359: remark #1544-D: (ULP 13.1) Detected loop counting up. Recommend loops count down as detecting zeros is easier
"../Library/CTS_Layer.c", line 362: remark #1545-D: (ULP 14.1) Array index of type "int". Recommend using "unsigned int"
"../Library/CTS_Layer.c", line 363: remark #1530-D: (ULP 5.1) Detected divide operation(s). Recommend moving them to RAM during run time or not using as these are processing/power intensive
"../Library/CTS_Layer.c", line 363: remark #1545-D: (ULP 14.1) Array index of type "int". Recommend using "unsigned int"
"../Library/CTS_Layer.c", line 431: remark #1544-D: (ULP 13.1) Detected loop counting up. Recommend loops count down as detecting zeros is easier
"../Library/CTS_Layer.c", line 448: remark #1545-D: (ULP 14.1) Array index of type "int". Recommend using "unsigned int"
"../Library/CTS_Layer.c", line 458: remark #1545-D: (ULP 14.1) Array index of type "int". Recommend using "unsigned int"
"../Library/CTS_Layer.c", line 459: remark #1530-D: (ULP 5.1) Detected divide operation(s). Recommend moving them to RAM during run time or not using as these are processing/power intensive
"../Library/CTS_Layer.c", line 465: remark #1545-D: (ULP 14.1) Array index of type "int". Recommend using "unsigned int"
"../Library/CTS_Layer.c", line 466: remark #1530-D: (ULP 5.1) Detected divide operation(s). Recommend moving them to RAM during run time or not using as these are processing/power intensive
"../Library/CTS_Layer.c", line 475: remark #1545-D: (ULP 14.1) Array index of type "int". Recommend using "unsigned int"
"../Library/CTS_Layer.c", line 491: remark #1545-D: (ULP 14.1) Array index of type "int". Recommend using "unsigned int"
"../Library/CTS_Layer.c", line 501: remark #1545-D: (ULP 14.1) Array index of type "int". Recommend using "unsigned int"
"../Library/CTS_Layer.c", line 502: remark #1530-D: (ULP 5.1) Detected divide operation(s). Recommend moving them to RAM during run time or not using as these are processing/power intensive
"../Library/CTS_Layer.c", line 508: remark #1545-D: (ULP 14.1) Array index of type "int". Recommend using "unsigned int"
"../Library/CTS_Layer.c", line 509: remark #1530-D: (ULP 5.1) Detected divide operation(s). Recommend moving them to RAM during run time or not using as these are processing/power intensive
"../Library/CTS_Layer.c", line 519: remark #1545-D: (ULP 14.1) Array index of type "int". Recommend using "unsigned int"
"../Library/CTS_Layer.c", line 532: remark #1530-D: (ULP 5.1) Detected divide operation(s). Recommend moving them to RAM during run time or not using as these are processing/power intensive
"../Library/CTS_Layer.c", line 533: remark #1545-D: (ULP 14.1) Array index of type "int". Recommend using "unsigned int"
"../Library/CTS_Layer.c", line 534: remark #1530-D: (ULP 5.1) Detected divide operation(s). Recommend moving them to RAM during run time or not using as these are processing/power intensive
"../Library/CTS_Layer.c", line 534: remark #1545-D: (ULP 14.1) Array index of type "int". Recommend using "unsigned int"
"../Library/CTS_Layer.c", line 537: remark #1530-D: (ULP 5.1) Detected divide operation(s). Recommend moving them to RAM during run time or not using as these are processing/power intensive
"../Library/CTS_Layer.c", line 538: remark #1545-D: (ULP 14.1) Array index of type "int". Recommend using "unsigned int"
"../Library/CTS_Layer.c", line 539: remark #1533-D: (ULP 6.1) Detected use of multiplication on a device that has no hardware multiplier
"../Library/CTS_Layer.c", line 539: remark #1530-D: (ULP 5.1) Detected divide operation(s). Recommend moving them to RAM during run time or not using as these are processing/power intensive
"../Library/CTS_Layer.c", line 539: remark #1545-D: (ULP 14.1) Array index of type "int". Recommend using "unsigned int"
"../Library/CTS_Layer.c", line 543: remark #1545-D: (ULP 14.1) Array index of type "int". Recommend using "unsigned int"
"../Library/CTS_Layer.c", line 544: remark #1533-D: (ULP 6.1) Detected use of multiplication on a device that has no hardware multiplier
"../Library/CTS_Layer.c", line 547: remark #1530-D: (ULP 5.1) Detected divide operation(s). Recommend moving them to RAM during run time or not using as these are processing/power intensive
"../Library/CTS_Layer.c", line 548: remark #1545-D: (ULP 14.1) Array index of type "int". Recommend using "unsigned int"
"../Library/CTS_Layer.c", line 549: remark #1533-D: (ULP 6.1) Detected use of multiplication on a device that has no hardware multiplier
"../Library/CTS_Layer.c", line 549: remark #1530-D: (ULP 5.1) Detected divide operation(s). Recommend moving them to RAM during run time or not using as these are processing/power intensive
"../Library/CTS_Layer.c", line 549: remark #1545-D: (ULP 14.1) Array index of type "int". Recommend using "unsigned int"
"../Library/CTS_Layer.c", line 553: remark #1545-D: (ULP 14.1) Array index of type "int". Recommend using "unsigned int"
"../Library/CTS_Layer.c", line 554: remark #1533-D: (ULP 6.1) Detected use of multiplication on a device that has no hardware multiplier
"../Library/CTS_Layer.c", line 557: remark #1530-D: (ULP 5.1) Detected divide operation(s). Recommend moving them to RAM during run time or not using as these are processing/power intensive
"../Library/CTS_Layer.c", line 558: remark #1545-D: (ULP 14.1) Array index of type "int". Recommend using "unsigned int"
"../Library/CTS_Layer.c", line 559: remark #1533-D: (ULP 6.1) Detected use of multiplication on a device that has no hardware multiplier
"../Library/CTS_Layer.c", line 559: remark #1530-D: (ULP 5.1) Detected divide operation(s). Recommend moving them to RAM during run time or not using as these are processing/power intensive
"../Library/CTS_Layer.c", line 559: remark #1545-D: (ULP 14.1) Array index of type "int". Recommend using "unsigned int"
"../Library/CTS_Layer.c", line 565: remark #1545-D: (ULP 14.1) Array index of type "int". Recommend using "unsigned int"
"../Library/CTS_Layer.c", line 574: remark #1545-D: (ULP 14.1) Array index of type "int". Recommend using "unsigned int"
"../Library/CTS_Layer.c", line 581: remark #1545-D: (ULP 14.1) Array index of type "int". Recommend using "unsigned int"
"../Library/CTS_Layer.c", line 600: remark #1530-D: (ULP 5.1) Detected divide operation(s). Recommend moving them to RAM during run time or not using as these are processing/power intensive
"../Library/CTS_Layer.c", line 601: remark #1545-D: (ULP 14.1) Array index of type "int". Recommend using "unsigned int"
"../Library/CTS_Layer.c", line 601: remark #1533-D: (ULP 6.1) Detected use of multiplication on a device that has no hardware multiplier
"../Library/CTS_Layer.c", line 601: remark #1530-D: (ULP 5.1) Detected divide operation(s). Recommend moving them to RAM during run time or not using as these are processing/power intensive
"../Library/CTS_Layer.c", line 601: remark #1545-D: (ULP 14.1) Array index of type "int". Recommend using "unsigned int"
"../Library/CTS_Layer.c", line 604: remark #1530-D: (ULP 5.1) Detected divide operation(s). Recommend moving them to RAM during run time or not using as these are processing/power intensive
"../Library/CTS_Layer.c", line 605: remark #1545-D: (ULP 14.1) Array index of type "int". Recommend using "unsigned int"
"../Library/CTS_Layer.c", line 605: remark #1530-D: (ULP 5.1) Detected divide operation(s). Recommend moving them to RAM during run time or not using as these are processing/power intensive
"../Library/CTS_Layer.c", line 605: remark #1545-D: (ULP 14.1) Array index of type "int". Recommend using "unsigned int"
"../Library/CTS_Layer.c", line 612: remark #1545-D: (ULP 14.1) Array index of type "int". Recommend using "unsigned int"
"../Library/CTS_Layer.c", line 620: remark #1545-D: (ULP 14.1) Array index of type "int". Recommend using "unsigned int"
"../Library/CTS_Layer.c", line 627: remark #1545-D: (ULP 14.1) Array index of type "int". Recommend using "unsigned int"
"../Library/CTS_Layer.c", line 706: remark #2553-D: (ULP 14.1) Array index (involving "index") of type "int". Recommend using "unsigned int"
"../Library/CTS_Layer.c", line 957: remark #1544-D: (ULP 13.1) Detected loop counting up. Recommend loops count down as detecting zeros is easier
"../Library/CTS_Layer.c", line 970: remark #1530-D: (ULP 5.1) Detected divide operation(s). Recommend moving them to RAM during run time or not using as these are processing/power intensive
"../Library/CTS_Layer.c", line 968: remark #1533-D: (ULP 6.1) Detected use of multiplication on a device that has no hardware multiplier
Finished building: "../Library/CTS_Layer.c"
 
Building target: "29-capTouch.out"
Invoking: MSP430 Linker
"D:/learnData/ccs/ccs/tools/compiler/ti-cgt-msp430_21.6.1.LTS/bin/cl430" -vmsp --abi=eabi --use_hw_mpy=none --advice:power=all -g --gcc --define=__MSP430G2553__ --display_error_number --diag_warning=225 --diag_wrap=off --printf_support=minimal -z -m"29-capTouch.map" --stack_size=80 --heap_size=80 -i"D:/learnData/ccs/ccs/ccs_base/msp430/include" -i"D:/learnData/ccs/ccs/tools/compiler/ti-cgt-msp430_21.6.1.LTS/lib" -i"D:/learnData/ccs/ccs/tools/compiler/ti-cgt-msp430_21.6.1.LTS/include" --reread_libs --warn_sections --diag_wrap=off --display_error_number --xml_link_info="29-capTouch_linkInfo.xml" --use_hw_mpy=none --rom_model -o "29-capTouch.out" "./Application/main.obj" "./Application/structure.obj" "./Library/CTS_HAL.obj" "./Library/CTS_Layer.obj" "../lnk_msp430g2553.cmd"  -llibc.a 
<Linking>
remark #10372-D: (ULP 4.1) Detected uninitialized Port 1 in this project. Recommend initializing all unused ports to eliminate wasted current consumption on unused pins.
remark #10372-D: (ULP 4.1) Detected uninitialized Port 3 in this project. Recommend initializing all unused ports to eliminate wasted current consumption on unused pins.
Finished building target: "29-capTouch.out"
 

**** Build Finished ****

**** Build of configuration Debug for project 30-melodyBuzzer ****

"D:\\learnData\\ccs\\ccs\\utils\\bin\\gmake" -k all 
 
Building file: "../main.c"
Invoking: MSP430 Compiler
"D:/learnData/ccs/ccs/tools/compiler/ti-cgt-msp430_21.6.1.LTS/bin/cl430" -vmsp --abi=eabi --use_hw_mpy=none --include_path="D:/learnData/ccs/ccs/ccs_base/msp430/include" --include_path="D:/learnData/ccs/ccs/tools/compiler/ti-cgt-msp430_21.6.1.LTS/include" --advice:power=all -g --define=__MSP430G2553__ --display_error_number --diag_warning=225 --diag_wrap=off --printf_support=minimal --preproc_with_compile --preproc_dependency="main.d_raw"  "../main.c"
"../main.c", line 18: remark #1530-D: (ULP 5.1) Detected divide operation(s). Recommend moving them to RAM during run time or not using as these are processing/power intensive
"../main.c", line 19: remark #1530-D: (ULP 5.1) Detected divide operation(s). Recommend moving them to RAM during run time or not using as these are processing/power intensive
"../main.c", line 19: remark #1533-D: (ULP 6.1) Detected use of multiplication on a device that has no hardware multiplier
"../main.c", line 23: remark #1530-D: (ULP 5.1) Detected divide operation(s). Recommend moving them to RAM during run time or not using as these are processing/power intensive
"../main.c", line 43: remark #1544-D: (ULP 13.1) Detected loop counting up. Recommend loops count down as detecting zeros is easier
"../main.c", line 44: remark #1530-D: (ULP 5.1) Detected divide operation(s). Recommend moving them to RAM during run time or not using as these are processing/power intensive
"../main.c", line 43: remark #1544-D: (ULP 13.1) Detected loop counting up. Recommend loops count down as detecting zeros is easier
Finished building: "../main.c"
 
Building target: "30-melodyBuzzer.out"
Invoking: MSP430 Linker
"D:/learnData/ccs/ccs/tools/compiler/ti-cgt-msp430_21.6.1.LTS/bin/cl430" -vmsp --abi=eabi --use_hw_mpy=none --advice:power=all -g --define=__MSP430G2553__ --display_error_number --diag_warning=225 --diag_wrap=off --printf_support=minimal -z -m"30-melodyBuzzer.map" --stack_size=80 --heap_size=80 -i"D:/learnData/ccs/ccs/ccs_base/msp430/include" -i"D:/learnData/ccs/ccs/tools/compiler/ti-cgt-msp430_21.6.1.LTS/lib" -i"D:/learnData/ccs/ccs/tools/compiler/ti-cgt-msp430_21.6.1.LTS/include" --reread_libs --warn_sections --diag_wrap=off --display_error_number --xml_link_info="30-melodyBuzzer_linkInfo.xml" --use_hw_mpy=none --rom_model -o "30-melodyBuzzer.out" "./main.obj" "../lnk_msp430g2553.cmd"  -llibc.a 
<Linking>
remark #10372-D: (ULP 4.1) Detected uninitialized Port 1 in this project. Recommend initializing all unused ports to eliminate wasted current consumption on unused pins.
remark #10372-D: (ULP 4.1) Detected uninitialized Port 3 in this project. Recommend initializing all unused ports to eliminate wasted current consumption on unused pins.
Finished building target: "30-melodyBuzzer.out"
 

**** Build Finished ****

**** Build of configuration Debug for project msp430 ****

"D:\\learnData\\ccs\\ccs\\utils\\bin\\gmake" -k -j 20 all -O 
 
Building file: "../msp430-examples-master/msp430-examples-master/00-blink/blink.c"
Invoking: Arm Compiler
"D:/learnData/ccs/ccs/tools/compiler/ti-cgt-arm_20.2.7.LTS/bin/armcl" -mv4 --code_state=32 --include_path="C:/Users/30628/workspace_v12/msp430" --include_path="D:/learnData/ccs/ccs/tools/compiler/ti-cgt-arm_20.2.7.LTS/include" -g --diag_warning=225 --diag_wrap=off --display_error_number --preproc_with_compile --preproc_dependency="msp430-examples-master/msp430-examples-master/00-blink/blink.d_raw" --obj_directory="msp430-examples-master/msp430-examples-master/00-blink"  "../msp430-examples-master/msp430-examples-master/00-blink/blink.c"
 
>> Compilation failure
msp430-examples-master/msp430-examples-master/00-blink/subdir_rules.mk:9: recipe for target 'msp430-examples-master/msp430-examples-master/00-blink/blink.obj' failed
"../msp430-examples-master/msp430-examples-master/00-blink/blink.c", line 21: fatal error #1965: cannot open source file "msp430.h"
1 catastrophic error detected in the compilation of "../msp430-examples-master/msp430-examples-master/00-blink/blink.c".
Compilation terminated.
gmake: *** [msp430-examples-master/msp430-examples-master/00-blink/blink.obj] Error 1
Building file: "../msp430-examples-master/msp430-examples-master/02-alternateBlink/main.c"
Invoking: Arm Compiler
"D:/learnData/ccs/ccs/tools/compiler/ti-cgt-arm_20.2.7.LTS/bin/armcl" -mv4 --code_state=32 --include_path="C:/Users/30628/workspace_v12/msp430" --include_path="D:/learnData/ccs/ccs/tools/compiler/ti-cgt-arm_20.2.7.LTS/include" -g --diag_warning=225 --diag_wrap=off --display_error_number --preproc_with_compile --preproc_dependency="msp430-examples-master/msp430-examples-master/02-alternateBlink/main.d_raw" --obj_directory="msp430-examples-master/msp430-examples-master/02-alternateBlink"  "../msp430-examples-master/msp430-examples-master/02-alternateBlink/main.c"
 
>> Compilation failure
msp430-examples-master/msp430-examples-master/02-alternateBlink/subdir_rules.mk:9: recipe for target 'msp430-examples-master/msp430-examples-master/02-alternateBlink/main.obj' failed
"../msp430-examples-master/msp430-examples-master/02-alternateBlink/main.c", line 1: fatal error #1965: cannot open source file "msp430.h"
1 catastrophic error detected in the compilation of "../msp430-examples-master/msp430-examples-master/02-alternateBlink/main.c".
Compilation terminated.
gmake: *** [msp430-examples-master/msp430-examples-master/02-alternateBlink/main.obj] Error 1
Building file: "../msp430-examples-master/msp430-examples-master/01-testProject/main.c"
Invoking: Arm Compiler
"D:/learnData/ccs/ccs/tools/compiler/ti-cgt-arm_20.2.7.LTS/bin/armcl" -mv4 --code_state=32 --include_path="C:/Users/30628/workspace_v12/msp430" --include_path="D:/learnData/ccs/ccs/tools/compiler/ti-cgt-arm_20.2.7.LTS/include" -g --diag_warning=225 --diag_wrap=off --display_error_number --preproc_with_compile --preproc_dependency="msp430-examples-master/msp430-examples-master/01-testProject/main.d_raw" --obj_directory="msp430-examples-master/msp430-examples-master/01-testProject"  "../msp430-examples-master/msp430-examples-master/01-testProject/main.c"
 
>> Compilation failure
msp430-examples-master/msp430-examples-master/01-testProject/subdir_rules.mk:9: recipe for target 'msp430-examples-master/msp430-examples-master/01-testProject/main.obj' failed
"../msp430-examples-master/msp430-examples-master/01-testProject/main.c", line 1: fatal error #1965: cannot open source file "msp430.h"
1 catastrophic error detected in the compilation of "../msp430-examples-master/msp430-examples-master/01-testProject/main.c".
Compilation terminated.
gmake: *** [msp430-examples-master/msp430-examples-master/01-testProject/main.obj] Error 1
Building file: "../msp430-examples-master/msp430-examples-master/03-testSwitch/main.c"
Invoking: Arm Compiler
"D:/learnData/ccs/ccs/tools/compiler/ti-cgt-arm_20.2.7.LTS/bin/armcl" -mv4 --code_state=32 --include_path="C:/Users/30628/workspace_v12/msp430" --include_path="D:/learnData/ccs/ccs/tools/compiler/ti-cgt-arm_20.2.7.LTS/include" -g --diag_warning=225 --diag_wrap=off --display_error_number --preproc_with_compile --preproc_dependency="msp430-examples-master/msp430-examples-master/03-testSwitch/main.d_raw" --obj_directory="msp430-examples-master/msp430-examples-master/03-testSwitch"  "../msp430-examples-master/msp430-examples-master/03-testSwitch/main.c"
 
>> Compilation failure
msp430-examples-master/msp430-examples-master/03-testSwitch/subdir_rules.mk:9: recipe for target 'msp430-examples-master/msp430-examples-master/03-testSwitch/main.obj' failed
"../msp430-examples-master/msp430-examples-master/03-testSwitch/main.c", line 1: fatal error #1965: cannot open source file "msp430.h"
1 catastrophic error detected in the compilation of "../msp430-examples-master/msp430-examples-master/03-testSwitch/main.c".
Compilation terminated.
gmake: *** [msp430-examples-master/msp430-examples-master/03-testSwitch/main.obj] Error 1
Building file: "../msp430-examples-master/msp430-examples-master/04-switchToggle/main.c"
Invoking: Arm Compiler
"D:/learnData/ccs/ccs/tools/compiler/ti-cgt-arm_20.2.7.LTS/bin/armcl" -mv4 --code_state=32 --include_path="C:/Users/30628/workspace_v12/msp430" --include_path="D:/learnData/ccs/ccs/tools/compiler/ti-cgt-arm_20.2.7.LTS/include" -g --diag_warning=225 --diag_wrap=off --display_error_number --preproc_with_compile --preproc_dependency="msp430-examples-master/msp430-examples-master/04-switchToggle/main.d_raw" --obj_directory="msp430-examples-master/msp430-examples-master/04-switchToggle"  "../msp430-examples-master/msp430-examples-master/04-switchToggle/main.c"
 
>> Compilation failure
msp430-examples-master/msp430-examples-master/04-switchToggle/subdir_rules.mk:9: recipe for target 'msp430-examples-master/msp430-examples-master/04-switchToggle/main.obj' failed
"../msp430-examples-master/msp430-examples-master/04-switchToggle/main.c", line 1: fatal error #1965: cannot open source file "msp430.h"
1 catastrophic error detected in the compilation of "../msp430-examples-master/msp430-examples-master/04-switchToggle/main.c".
Compilation terminated.
gmake: *** [msp430-examples-master/msp430-examples-master/04-switchToggle/main.obj] Error 1
Building file: "../msp430-examples-master/msp430-examples-master/05-switchAlternate/main.c"
Invoking: Arm Compiler
"D:/learnData/ccs/ccs/tools/compiler/ti-cgt-arm_20.2.7.LTS/bin/armcl" -mv4 --code_state=32 --include_path="C:/Users/30628/workspace_v12/msp430" --include_path="D:/learnData/ccs/ccs/tools/compiler/ti-cgt-arm_20.2.7.LTS/include" -g --diag_warning=225 --diag_wrap=off --display_error_number --preproc_with_compile --preproc_dependency="msp430-examples-master/msp430-examples-master/05-switchAlternate/main.d_raw" --obj_directory="msp430-examples-master/msp430-examples-master/05-switchAlternate"  "../msp430-examples-master/msp430-examples-master/05-switchAlternate/main.c"
 
>> Compilation failure
msp430-examples-master/msp430-examples-master/05-switchAlternate/subdir_rules.mk:9: recipe for target 'msp430-examples-master/msp430-examples-master/05-switchAlternate/main.obj' failed
"../msp430-examples-master/msp430-examples-master/05-switchAlternate/main.c", line 1: fatal error #1965: cannot open source file "msp430.h"
1 catastrophic error detected in the compilation of "../msp430-examples-master/msp430-examples-master/05-switchAlternate/main.c".
Compilation terminated.
gmake: *** [msp430-examples-master/msp430-examples-master/05-switchAlternate/main.obj] Error 1
Building file: "../msp430-examples-master/msp430-examples-master/06-switchInterrupt/main.c"
Invoking: Arm Compiler
"D:/learnData/ccs/ccs/tools/compiler/ti-cgt-arm_20.2.7.LTS/bin/armcl" -mv4 --code_state=32 --include_path="C:/Users/30628/workspace_v12/msp430" --include_path="D:/learnData/ccs/ccs/tools/compiler/ti-cgt-arm_20.2.7.LTS/include" -g --diag_warning=225 --diag_wrap=off --display_error_number --preproc_with_compile --preproc_dependency="msp430-examples-master/msp430-examples-master/06-switchInterrupt/main.d_raw" --obj_directory="msp430-examples-master/msp430-examples-master/06-switchInterrupt"  "../msp430-examples-master/msp430-examples-master/06-switchInterrupt/main.c"
 
>> Compilation failure
msp430-examples-master/msp430-examples-master/06-switchInterrupt/subdir_rules.mk:9: recipe for target 'msp430-examples-master/msp430-examples-master/06-switchInterrupt/main.obj' failed
"../msp430-examples-master/msp430-examples-master/06-switchInterrupt/main.c", line 1: fatal error #1965: cannot open source file "msp430.h"
1 catastrophic error detected in the compilation of "../msp430-examples-master/msp430-examples-master/06-switchInterrupt/main.c".
Compilation terminated.
gmake: *** [msp430-examples-master/msp430-examples-master/06-switchInterrupt/main.obj] Error 1
Building file: "../msp430-examples-master/msp430-examples-master/07-blinkWatchdog/main.c"
Invoking: Arm Compiler
"D:/learnData/ccs/ccs/tools/compiler/ti-cgt-arm_20.2.7.LTS/bin/armcl" -mv4 --code_state=32 --include_path="C:/Users/30628/workspace_v12/msp430" --include_path="D:/learnData/ccs/ccs/tools/compiler/ti-cgt-arm_20.2.7.LTS/include" -g --diag_warning=225 --diag_wrap=off --display_error_number --preproc_with_compile --preproc_dependency="msp430-examples-master/msp430-examples-master/07-blinkWatchdog/main.d_raw" --obj_directory="msp430-examples-master/msp430-examples-master/07-blinkWatchdog"  "../msp430-examples-master/msp430-examples-master/07-blinkWatchdog/main.c"
 
>> Compilation failure
msp430-examples-master/msp430-examples-master/07-blinkWatchdog/subdir_rules.mk:9: recipe for target 'msp430-examples-master/msp430-examples-master/07-blinkWatchdog/main.obj' failed
"../msp430-examples-master/msp430-examples-master/07-blinkWatchdog/main.c", line 1: fatal error #1965: cannot open source file "msp430.h"
1 catastrophic error detected in the compilation of "../msp430-examples-master/msp430-examples-master/07-blinkWatchdog/main.c".
Compilation terminated.
gmake: *** [msp430-examples-master/msp430-examples-master/07-blinkWatchdog/main.obj] Error 1
Building file: "../msp430-examples-master/msp430-examples-master/08-charlieplexing/main.c"
Invoking: Arm Compiler
"D:/learnData/ccs/ccs/tools/compiler/ti-cgt-arm_20.2.7.LTS/bin/armcl" -mv4 --code_state=32 --include_path="C:/Users/30628/workspace_v12/msp430" --include_path="D:/learnData/ccs/ccs/tools/compiler/ti-cgt-arm_20.2.7.LTS/include" -g --diag_warning=225 --diag_wrap=off --display_error_number --preproc_with_compile --preproc_dependency="msp430-examples-master/msp430-examples-master/08-charlieplexing/main.d_raw" --obj_directory="msp430-examples-master/msp430-examples-master/08-charlieplexing"  "../msp430-examples-master/msp430-examples-master/08-charlieplexing/main.c"
 
>> Compilation failure
msp430-examples-master/msp430-examples-master/08-charlieplexing/subdir_rules.mk:9: recipe for target 'msp430-examples-master/msp430-examples-master/08-charlieplexing/main.obj' failed
"../msp430-examples-master/msp430-examples-master/08-charlieplexing/main.c", line 1: fatal error #1965: cannot open source file "msp430.h"
1 catastrophic error detected in the compilation of "../msp430-examples-master/msp430-examples-master/08-charlieplexing/main.c".
Compilation terminated.
gmake: *** [msp430-examples-master/msp430-examples-master/08-charlieplexing/main.obj] Error 1
Building file: "../msp430-examples-master/msp430-examples-master/09-charlieSwitch/main.c"
Invoking: Arm Compiler
"D:/learnData/ccs/ccs/tools/compiler/ti-cgt-arm_20.2.7.LTS/bin/armcl" -mv4 --code_state=32 --include_path="C:/Users/30628/workspace_v12/msp430" --include_path="D:/learnData/ccs/ccs/tools/compiler/ti-cgt-arm_20.2.7.LTS/include" -g --diag_warning=225 --diag_wrap=off --display_error_number --preproc_with_compile --preproc_dependency="msp430-examples-master/msp430-examples-master/09-charlieSwitch/main.d_raw" --obj_directory="msp430-examples-master/msp430-examples-master/09-charlieSwitch"  "../msp430-examples-master/msp430-examples-master/09-charlieSwitch/main.c"
 
>> Compilation failure
msp430-examples-master/msp430-examples-master/09-charlieSwitch/subdir_rules.mk:9: recipe for target 'msp430-examples-master/msp430-examples-master/09-charlieSwitch/main.obj' failed
"../msp430-examples-master/msp430-examples-master/09-charlieSwitch/main.c", line 1: fatal error #1965: cannot open source file "msp430.h"
1 catastrophic error detected in the compilation of "../msp430-examples-master/msp430-examples-master/09-charlieSwitch/main.c".
Compilation terminated.
gmake: *** [msp430-examples-master/msp430-examples-master/09-charlieSwitch/main.obj] Error 1
Building file: "../msp430-examples-master/msp430-examples-master/10-timerBlink/main.c"
Invoking: Arm Compiler
"D:/learnData/ccs/ccs/tools/compiler/ti-cgt-arm_20.2.7.LTS/bin/armcl" -mv4 --code_state=32 --include_path="C:/Users/30628/workspace_v12/msp430" --include_path="D:/learnData/ccs/ccs/tools/compiler/ti-cgt-arm_20.2.7.LTS/include" -g --diag_warning=225 --diag_wrap=off --display_error_number --preproc_with_compile --preproc_dependency="msp430-examples-master/msp430-examples-master/10-timerBlink/main.d_raw" --obj_directory="msp430-examples-master/msp430-examples-master/10-timerBlink"  "../msp430-examples-master/msp430-examples-master/10-timerBlink/main.c"
 
>> Compilation failure
msp430-examples-master/msp430-examples-master/10-timerBlink/subdir_rules.mk:9: recipe for target 'msp430-examples-master/msp430-examples-master/10-timerBlink/main.obj' failed
"../msp430-examples-master/msp430-examples-master/10-timerBlink/main.c", line 1: fatal error #1965: cannot open source file "msp430.h"
1 catastrophic error detected in the compilation of "../msp430-examples-master/msp430-examples-master/10-timerBlink/main.c".
Compilation terminated.
gmake: *** [msp430-examples-master/msp430-examples-master/10-timerBlink/main.obj] Error 1
Building file: "../msp430-examples-master/msp430-examples-master/11-sevenSegment/main.c"
Invoking: Arm Compiler
"D:/learnData/ccs/ccs/tools/compiler/ti-cgt-arm_20.2.7.LTS/bin/armcl" -mv4 --code_state=32 --include_path="C:/Users/30628/workspace_v12/msp430" --include_path="D:/learnData/ccs/ccs/tools/compiler/ti-cgt-arm_20.2.7.LTS/include" -g --diag_warning=225 --diag_wrap=off --display_error_number --preproc_with_compile --preproc_dependency="msp430-examples-master/msp430-examples-master/11-sevenSegment/main.d_raw" --obj_directory="msp430-examples-master/msp430-examples-master/11-sevenSegment"  "../msp430-examples-master/msp430-examples-master/11-sevenSegment/main.c"
 
>> Compilation failure
msp430-examples-master/msp430-examples-master/11-sevenSegment/subdir_rules.mk:9: recipe for target 'msp430-examples-master/msp430-examples-master/11-sevenSegment/main.obj' failed
"../msp430-examples-master/msp430-examples-master/11-sevenSegment/main.c", line 1: fatal error #1965: cannot open source file "msp430.h"
1 catastrophic error detected in the compilation of "../msp430-examples-master/msp430-examples-master/11-sevenSegment/main.c".
Compilation terminated.
gmake: *** [msp430-examples-master/msp430-examples-master/11-sevenSegment/main.obj] Error 1
Building file: "../msp430-examples-master/msp430-examples-master/12-sevenSegCounter/main.c"
Invoking: Arm Compiler
"D:/learnData/ccs/ccs/tools/compiler/ti-cgt-arm_20.2.7.LTS/bin/armcl" -mv4 --code_state=32 --include_path="C:/Users/30628/workspace_v12/msp430" --include_path="D:/learnData/ccs/ccs/tools/compiler/ti-cgt-arm_20.2.7.LTS/include" -g --diag_warning=225 --diag_wrap=off --display_error_number --preproc_with_compile --preproc_dependency="msp430-examples-master/msp430-examples-master/12-sevenSegCounter/main.d_raw" --obj_directory="msp430-examples-master/msp430-examples-master/12-sevenSegCounter"  "../msp430-examples-master/msp430-examples-master/12-sevenSegCounter/main.c"
 
>> Compilation failure
msp430-examples-master/msp430-examples-master/12-sevenSegCounter/subdir_rules.mk:9: recipe for target 'msp430-examples-master/msp430-examples-master/12-sevenSegCounter/main.obj' failed
"../msp430-examples-master/msp430-examples-master/12-sevenSegCounter/main.c", line 1: fatal error #1965: cannot open source file "msp430.h"
1 catastrophic error detected in the compilation of "../msp430-examples-master/msp430-examples-master/12-sevenSegCounter/main.c".
Compilation terminated.
gmake: *** [msp430-examples-master/msp430-examples-master/12-sevenSegCounter/main.obj] Error 1
Building file: "../msp430-examples-master/msp430-examples-master/13-pwmTest/main.c"
Invoking: Arm Compiler
"D:/learnData/ccs/ccs/tools/compiler/ti-cgt-arm_20.2.7.LTS/bin/armcl" -mv4 --code_state=32 --include_path="C:/Users/30628/workspace_v12/msp430" --include_path="D:/learnData/ccs/ccs/tools/compiler/ti-cgt-arm_20.2.7.LTS/include" -g --diag_warning=225 --diag_wrap=off --display_error_number --preproc_with_compile --preproc_dependency="msp430-examples-master/msp430-examples-master/13-pwmTest/main.d_raw" --obj_directory="msp430-examples-master/msp430-examples-master/13-pwmTest"  "../msp430-examples-master/msp430-examples-master/13-pwmTest/main.c"
 
>> Compilation failure
msp430-examples-master/msp430-examples-master/13-pwmTest/subdir_rules.mk:9: recipe for target 'msp430-examples-master/msp430-examples-master/13-pwmTest/main.obj' failed
"../msp430-examples-master/msp430-examples-master/13-pwmTest/main.c", line 1: fatal error #1965: cannot open source file "msp430.h"
1 catastrophic error detected in the compilation of "../msp430-examples-master/msp430-examples-master/13-pwmTest/main.c".
Compilation terminated.
gmake: *** [msp430-examples-master/msp430-examples-master/13-pwmTest/main.obj] Error 1
Building file: "../msp430-examples-master/msp430-examples-master/14-softwarePWM/main.c"
Invoking: Arm Compiler
"D:/learnData/ccs/ccs/tools/compiler/ti-cgt-arm_20.2.7.LTS/bin/armcl" -mv4 --code_state=32 --include_path="C:/Users/30628/workspace_v12/msp430" --include_path="D:/learnData/ccs/ccs/tools/compiler/ti-cgt-arm_20.2.7.LTS/include" -g --diag_warning=225 --diag_wrap=off --display_error_number --preproc_with_compile --preproc_dependency="msp430-examples-master/msp430-examples-master/14-softwarePWM/main.d_raw" --obj_directory="msp430-examples-master/msp430-examples-master/14-softwarePWM"  "../msp430-examples-master/msp430-examples-master/14-softwarePWM/main.c"
 
>> Compilation failure
msp430-examples-master/msp430-examples-master/14-softwarePWM/subdir_rules.mk:9: recipe for target 'msp430-examples-master/msp430-examples-master/14-softwarePWM/main.obj' failed
"../msp430-examples-master/msp430-examples-master/14-softwarePWM/main.c", line 1: fatal error #1965: cannot open source file "msp430.h"
1 catastrophic error detected in the compilation of "../msp430-examples-master/msp430-examples-master/14-softwarePWM/main.c".
Compilation terminated.
gmake: *** [msp430-examples-master/msp430-examples-master/14-softwarePWM/main.obj] Error 1
Building file: "../msp430-examples-master/msp430-examples-master/15-timerCapture/main.c"
Invoking: Arm Compiler
"D:/learnData/ccs/ccs/tools/compiler/ti-cgt-arm_20.2.7.LTS/bin/armcl" -mv4 --code_state=32 --include_path="C:/Users/30628/workspace_v12/msp430" --include_path="D:/learnData/ccs/ccs/tools/compiler/ti-cgt-arm_20.2.7.LTS/include" -g --diag_warning=225 --diag_wrap=off --display_error_number --preproc_with_compile --preproc_dependency="msp430-examples-master/msp430-examples-master/15-timerCapture/main.d_raw" --obj_directory="msp430-examples-master/msp430-examples-master/15-timerCapture"  "../msp430-examples-master/msp430-examples-master/15-timerCapture/main.c"
 
>> Compilation failure
msp430-examples-master/msp430-examples-master/15-timerCapture/subdir_rules.mk:9: recipe for target 'msp430-examples-master/msp430-examples-master/15-timerCapture/main.obj' failed
"../msp430-examples-master/msp430-examples-master/15-timerCapture/main.c", line 1: fatal error #1965: cannot open source file "msp430.h"
1 catastrophic error detected in the compilation of "../msp430-examples-master/msp430-examples-master/15-timerCapture/main.c".
Compilation terminated.
gmake: *** [msp430-examples-master/msp430-examples-master/15-timerCapture/main.obj] Error 1
Building file: "../msp430-examples-master/msp430-examples-master/16-adcTest/main.c"
Invoking: Arm Compiler
"D:/learnData/ccs/ccs/tools/compiler/ti-cgt-arm_20.2.7.LTS/bin/armcl" -mv4 --code_state=32 --include_path="C:/Users/30628/workspace_v12/msp430" --include_path="D:/learnData/ccs/ccs/tools/compiler/ti-cgt-arm_20.2.7.LTS/include" -g --diag_warning=225 --diag_wrap=off --display_error_number --preproc_with_compile --preproc_dependency="msp430-examples-master/msp430-examples-master/16-adcTest/main.d_raw" --obj_directory="msp430-examples-master/msp430-examples-master/16-adcTest"  "../msp430-examples-master/msp430-examples-master/16-adcTest/main.c"
 
>> Compilation failure
msp430-examples-master/msp430-examples-master/16-adcTest/subdir_rules.mk:9: recipe for target 'msp430-examples-master/msp430-examples-master/16-adcTest/main.obj' failed
"../msp430-examples-master/msp430-examples-master/16-adcTest/main.c", line 1: fatal error #1965: cannot open source file "msp430.h"
1 catastrophic error detected in the compilation of "../msp430-examples-master/msp430-examples-master/16-adcTest/main.c".
Compilation terminated.
gmake: *** [msp430-examples-master/msp430-examples-master/16-adcTest/main.obj] Error 1
Building file: "../msp430-examples-master/msp430-examples-master/17-dcoTest/main.c"
Invoking: Arm Compiler
"D:/learnData/ccs/ccs/tools/compiler/ti-cgt-arm_20.2.7.LTS/bin/armcl" -mv4 --code_state=32 --include_path="C:/Users/30628/workspace_v12/msp430" --include_path="D:/learnData/ccs/ccs/tools/compiler/ti-cgt-arm_20.2.7.LTS/include" -g --diag_warning=225 --diag_wrap=off --display_error_number --preproc_with_compile --preproc_dependency="msp430-examples-master/msp430-examples-master/17-dcoTest/main.d_raw" --obj_directory="msp430-examples-master/msp430-examples-master/17-dcoTest"  "../msp430-examples-master/msp430-examples-master/17-dcoTest/main.c"
 
>> Compilation failure
msp430-examples-master/msp430-examples-master/17-dcoTest/subdir_rules.mk:9: recipe for target 'msp430-examples-master/msp430-examples-master/17-dcoTest/main.obj' failed
"../msp430-examples-master/msp430-examples-master/17-dcoTest/main.c", line 1: fatal error #1965: cannot open source file "msp430.h"
1 catastrophic error detected in the compilation of "../msp430-examples-master/msp430-examples-master/17-dcoTest/main.c".
Compilation terminated.
gmake: *** [msp430-examples-master/msp430-examples-master/17-dcoTest/main.obj] Error 1
Building file: "../msp430-examples-master/msp430-examples-master/18-adcPWM/main.c"
Invoking: Arm Compiler
"D:/learnData/ccs/ccs/tools/compiler/ti-cgt-arm_20.2.7.LTS/bin/armcl" -mv4 --code_state=32 --include_path="C:/Users/30628/workspace_v12/msp430" --include_path="D:/learnData/ccs/ccs/tools/compiler/ti-cgt-arm_20.2.7.LTS/include" -g --diag_warning=225 --diag_wrap=off --display_error_number --preproc_with_compile --preproc_dependency="msp430-examples-master/msp430-examples-master/18-adcPWM/main.d_raw" --obj_directory="msp430-examples-master/msp430-examples-master/18-adcPWM"  "../msp430-examples-master/msp430-examples-master/18-adcPWM/main.c"
 
>> Compilation failure
msp430-examples-master/msp430-examples-master/18-adcPWM/subdir_rules.mk:9: recipe for target 'msp430-examples-master/msp430-examples-master/18-adcPWM/main.obj' failed
"../msp430-examples-master/msp430-examples-master/18-adcPWM/main.c", line 1: fatal error #1965: cannot open source file "msp430.h"
1 catastrophic error detected in the compilation of "../msp430-examples-master/msp430-examples-master/18-adcPWM/main.c".
Compilation terminated.
gmake: *** [msp430-examples-master/msp430-examples-master/18-adcPWM/main.obj] Error 1
Building file: "../msp430-examples-master/msp430-examples-master/19-adcPWM-lpm/main.c"
Invoking: Arm Compiler
"D:/learnData/ccs/ccs/tools/compiler/ti-cgt-arm_20.2.7.LTS/bin/armcl" -mv4 --code_state=32 --include_path="C:/Users/30628/workspace_v12/msp430" --include_path="D:/learnData/ccs/ccs/tools/compiler/ti-cgt-arm_20.2.7.LTS/include" -g --diag_warning=225 --diag_wrap=off --display_error_number --preproc_with_compile --preproc_dependency="msp430-examples-master/msp430-examples-master/19-adcPWM-lpm/main.d_raw" --obj_directory="msp430-examples-master/msp430-examples-master/19-adcPWM-lpm"  "../msp430-examples-master/msp430-examples-master/19-adcPWM-lpm/main.c"
 
>> Compilation failure
msp430-examples-master/msp430-examples-master/19-adcPWM-lpm/subdir_rules.mk:9: recipe for target 'msp430-examples-master/msp430-examples-master/19-adcPWM-lpm/main.obj' failed
"../msp430-examples-master/msp430-examples-master/19-adcPWM-lpm/main.c", line 1: fatal error #1965: cannot open source file "msp430.h"
1 catastrophic error detected in the compilation of "../msp430-examples-master/msp430-examples-master/19-adcPWM-lpm/main.c".
Compilation terminated.
gmake: *** [msp430-examples-master/msp430-examples-master/19-adcPWM-lpm/main.obj] Error 1
Building file: "../msp430-examples-master/msp430-examples-master/20-uartEcho/main.c"
Invoking: Arm Compiler
"D:/learnData/ccs/ccs/tools/compiler/ti-cgt-arm_20.2.7.LTS/bin/armcl" -mv4 --code_state=32 --include_path="C:/Users/30628/workspace_v12/msp430" --include_path="D:/learnData/ccs/ccs/tools/compiler/ti-cgt-arm_20.2.7.LTS/include" -g --diag_warning=225 --diag_wrap=off --display_error_number --preproc_with_compile --preproc_dependency="msp430-examples-master/msp430-examples-master/20-uartEcho/main.d_raw" --obj_directory="msp430-examples-master/msp430-examples-master/20-uartEcho"  "../msp430-examples-master/msp430-examples-master/20-uartEcho/main.c"
 
>> Compilation failure
msp430-examples-master/msp430-examples-master/20-uartEcho/subdir_rules.mk:9: recipe for target 'msp430-examples-master/msp430-examples-master/20-uartEcho/main.obj' failed
"../msp430-examples-master/msp430-examples-master/20-uartEcho/main.c", line 1: fatal error #1965: cannot open source file "msp430.h"
1 catastrophic error detected in the compilation of "../msp430-examples-master/msp430-examples-master/20-uartEcho/main.c".
Compilation terminated.
gmake: *** [msp430-examples-master/msp430-examples-master/20-uartEcho/main.obj] Error 1
Building file: "../msp430-examples-master/msp430-examples-master/21-helloWorld/main.c"
Invoking: Arm Compiler
"D:/learnData/ccs/ccs/tools/compiler/ti-cgt-arm_20.2.7.LTS/bin/armcl" -mv4 --code_state=32 --include_path="C:/Users/30628/workspace_v12/msp430" --include_path="D:/learnData/ccs/ccs/tools/compiler/ti-cgt-arm_20.2.7.LTS/include" -g --diag_warning=225 --diag_wrap=off --display_error_number --preproc_with_compile --preproc_dependency="msp430-examples-master/msp430-examples-master/21-helloWorld/main.d_raw" --obj_directory="msp430-examples-master/msp430-examples-master/21-helloWorld"  "../msp430-examples-master/msp430-examples-master/21-helloWorld/main.c"
 
>> Compilation failure
msp430-examples-master/msp430-examples-master/21-helloWorld/subdir_rules.mk:9: recipe for target 'msp430-examples-master/msp430-examples-master/21-helloWorld/main.obj' failed
"../msp430-examples-master/msp430-examples-master/21-helloWorld/main.c", line 1: fatal error #1965: cannot open source file "msp430.h"
1 catastrophic error detected in the compilation of "../msp430-examples-master/msp430-examples-master/21-helloWorld/main.c".
Compilation terminated.
gmake: *** [msp430-examples-master/msp430-examples-master/21-helloWorld/main.obj] Error 1
Building file: "../msp430-examples-master/msp430-examples-master/22-uartPrintNum/main.c"
Invoking: Arm Compiler
"D:/learnData/ccs/ccs/tools/compiler/ti-cgt-arm_20.2.7.LTS/bin/armcl" -mv4 --code_state=32 --include_path="C:/Users/30628/workspace_v12/msp430" --include_path="D:/learnData/ccs/ccs/tools/compiler/ti-cgt-arm_20.2.7.LTS/include" -g --diag_warning=225 --diag_wrap=off --display_error_number --preproc_with_compile --preproc_dependency="msp430-examples-master/msp430-examples-master/22-uartPrintNum/main.d_raw" --obj_directory="msp430-examples-master/msp430-examples-master/22-uartPrintNum"  "../msp430-examples-master/msp430-examples-master/22-uartPrintNum/main.c"
 
>> Compilation failure
msp430-examples-master/msp430-examples-master/22-uartPrintNum/subdir_rules.mk:9: recipe for target 'msp430-examples-master/msp430-examples-master/22-uartPrintNum/main.obj' failed
"../msp430-examples-master/msp430-examples-master/22-uartPrintNum/main.c", line 1: fatal error #1965: cannot open source file "msp430.h"
1 catastrophic error detected in the compilation of "../msp430-examples-master/msp430-examples-master/22-uartPrintNum/main.c".
Compilation terminated.
gmake: *** [msp430-examples-master/msp430-examples-master/22-uartPrintNum/main.obj] Error 1
Building file: "../msp430-examples-master/msp430-examples-master/23-uartADC/main.c"
Invoking: Arm Compiler
"D:/learnData/ccs/ccs/tools/compiler/ti-cgt-arm_20.2.7.LTS/bin/armcl" -mv4 --code_state=32 --include_path="C:/Users/30628/workspace_v12/msp430" --include_path="D:/learnData/ccs/ccs/tools/compiler/ti-cgt-arm_20.2.7.LTS/include" -g --diag_warning=225 --diag_wrap=off --display_error_number --preproc_with_compile --preproc_dependency="msp430-examples-master/msp430-examples-master/23-uartADC/main.d_raw" --obj_directory="msp430-examples-master/msp430-examples-master/23-uartADC"  "../msp430-examples-master/msp430-examples-master/23-uartADC/main.c"
 
>> Compilation failure
msp430-examples-master/msp430-examples-master/23-uartADC/subdir_rules.mk:9: recipe for target 'msp430-examples-master/msp430-examples-master/23-uartADC/main.obj' failed
"../msp430-examples-master/msp430-examples-master/23-uartADC/main.c", line 1: fatal error #1965: cannot open source file "msp430.h"
1 catastrophic error detected in the compilation of "../msp430-examples-master/msp430-examples-master/23-uartADC/main.c".
Compilation terminated.
gmake: *** [msp430-examples-master/msp430-examples-master/23-uartADC/main.obj] Error 1
Building file: "../msp430-examples-master/msp430-examples-master/24-spiShift/main.c"
Invoking: Arm Compiler
"D:/learnData/ccs/ccs/tools/compiler/ti-cgt-arm_20.2.7.LTS/bin/armcl" -mv4 --code_state=32 --include_path="C:/Users/30628/workspace_v12/msp430" --include_path="D:/learnData/ccs/ccs/tools/compiler/ti-cgt-arm_20.2.7.LTS/include" -g --diag_warning=225 --diag_wrap=off --display_error_number --preproc_with_compile --preproc_dependency="msp430-examples-master/msp430-examples-master/24-spiShift/main.d_raw" --obj_directory="msp430-examples-master/msp430-examples-master/24-spiShift"  "../msp430-examples-master/msp430-examples-master/24-spiShift/main.c"
 
>> Compilation failure
msp430-examples-master/msp430-examples-master/24-spiShift/subdir_rules.mk:9: recipe for target 'msp430-examples-master/msp430-examples-master/24-spiShift/main.obj' failed
"../msp430-examples-master/msp430-examples-master/24-spiShift/main.c", line 1: fatal error #1965: cannot open source file "msp430.h"
1 catastrophic error detected in the compilation of "../msp430-examples-master/msp430-examples-master/24-spiShift/main.c".
Compilation terminated.
gmake: *** [msp430-examples-master/msp430-examples-master/24-spiShift/main.obj] Error 1
Building file: "../msp430-examples-master/msp430-examples-master/25-i2cTempSensor/main.c"
Invoking: Arm Compiler
"D:/learnData/ccs/ccs/tools/compiler/ti-cgt-arm_20.2.7.LTS/bin/armcl" -mv4 --code_state=32 --include_path="C:/Users/30628/workspace_v12/msp430" --include_path="D:/learnData/ccs/ccs/tools/compiler/ti-cgt-arm_20.2.7.LTS/include" -g --diag_warning=225 --diag_wrap=off --display_error_number --preproc_with_compile --preproc_dependency="msp430-examples-master/msp430-examples-master/25-i2cTempSensor/main.d_raw" --obj_directory="msp430-examples-master/msp430-examples-master/25-i2cTempSensor"  "../msp430-examples-master/msp430-examples-master/25-i2cTempSensor/main.c"
 
>> Compilation failure
msp430-examples-master/msp430-examples-master/25-i2cTempSensor/subdir_rules.mk:9: recipe for target 'msp430-examples-master/msp430-examples-master/25-i2cTempSensor/main.obj' failed
"../msp430-examples-master/msp430-examples-master/25-i2cTempSensor/main.c", line 1: fatal error #1965: cannot open source file "msp430.h"
1 catastrophic error detected in the compilation of "../msp430-examples-master/msp430-examples-master/25-i2cTempSensor/main.c".
Compilation terminated.
gmake: *** [msp430-examples-master/msp430-examples-master/25-i2cTempSensor/main.obj] Error 1
Building file: "../msp430-examples-master/msp430-examples-master/26-bitBangShift/main.c"
Invoking: Arm Compiler
"D:/learnData/ccs/ccs/tools/compiler/ti-cgt-arm_20.2.7.LTS/bin/armcl" -mv4 --code_state=32 --include_path="C:/Users/30628/workspace_v12/msp430" --include_path="D:/learnData/ccs/ccs/tools/compiler/ti-cgt-arm_20.2.7.LTS/include" -g --diag_warning=225 --diag_wrap=off --display_error_number --preproc_with_compile --preproc_dependency="msp430-examples-master/msp430-examples-master/26-bitBangShift/main.d_raw" --obj_directory="msp430-examples-master/msp430-examples-master/26-bitBangShift"  "../msp430-examples-master/msp430-examples-master/26-bitBangShift/main.c"
 
>> Compilation failure
msp430-examples-master/msp430-examples-master/26-bitBangShift/subdir_rules.mk:9: recipe for target 'msp430-examples-master/msp430-examples-master/26-bitBangShift/main.obj' failed
"../msp430-examples-master/msp430-examples-master/26-bitBangShift/main.c", line 1: fatal error #1965: cannot open source file "msp430.h"
1 catastrophic error detected in the compilation of "../msp430-examples-master/msp430-examples-master/26-bitBangShift/main.c".
Compilation terminated.
gmake: *** [msp430-examples-master/msp430-examples-master/26-bitBangShift/main.obj] Error 1
Building file: "../msp430-examples-master/msp430-examples-master/27-helloLCD/lcd.c"
Invoking: Arm Compiler
"D:/learnData/ccs/ccs/tools/compiler/ti-cgt-arm_20.2.7.LTS/bin/armcl" -mv4 --code_state=32 --include_path="C:/Users/30628/workspace_v12/msp430" --include_path="D:/learnData/ccs/ccs/tools/compiler/ti-cgt-arm_20.2.7.LTS/include" -g --diag_warning=225 --diag_wrap=off --display_error_number --preproc_with_compile --preproc_dependency="msp430-examples-master/msp430-examples-master/27-helloLCD/lcd.d_raw" --obj_directory="msp430-examples-master/msp430-examples-master/27-helloLCD"  "../msp430-examples-master/msp430-examples-master/27-helloLCD/lcd.c"
 
>> Compilation failure
msp430-examples-master/msp430-examples-master/27-helloLCD/subdir_rules.mk:9: recipe for target 'msp430-examples-master/msp430-examples-master/27-helloLCD/lcd.obj' failed
"../msp430-examples-master/msp430-examples-master/27-helloLCD/lcd.c", line 1: fatal error #1965: cannot open source file "msp430.h"
1 catastrophic error detected in the compilation of "../msp430-examples-master/msp430-examples-master/27-helloLCD/lcd.c".
Compilation terminated.
gmake: *** [msp430-examples-master/msp430-examples-master/27-helloLCD/lcd.obj] Error 1
Building file: "../msp430-examples-master/msp430-examples-master/27-helloLCD/main.c"
Invoking: Arm Compiler
"D:/learnData/ccs/ccs/tools/compiler/ti-cgt-arm_20.2.7.LTS/bin/armcl" -mv4 --code_state=32 --include_path="C:/Users/30628/workspace_v12/msp430" --include_path="D:/learnData/ccs/ccs/tools/compiler/ti-cgt-arm_20.2.7.LTS/include" -g --diag_warning=225 --diag_wrap=off --display_error_number --preproc_with_compile --preproc_dependency="msp430-examples-master/msp430-examples-master/27-helloLCD/main.d_raw" --obj_directory="msp430-examples-master/msp430-examples-master/27-helloLCD"  "../msp430-examples-master/msp430-examples-master/27-helloLCD/main.c"
 
>> Compilation failure
msp430-examples-master/msp430-examples-master/27-helloLCD/subdir_rules.mk:9: recipe for target 'msp430-examples-master/msp430-examples-master/27-helloLCD/main.obj' failed
"../msp430-examples-master/msp430-examples-master/27-helloLCD/main.c", line 1: fatal error #1965: cannot open source file "msp430.h"
1 catastrophic error detected in the compilation of "../msp430-examples-master/msp430-examples-master/27-helloLCD/main.c".
Compilation terminated.
gmake: *** [msp430-examples-master/msp430-examples-master/27-helloLCD/main.obj] Error 1
Building file: "../msp430-examples-master/msp430-examples-master/28-simpleLCD/main.c"
Invoking: Arm Compiler
"D:/learnData/ccs/ccs/tools/compiler/ti-cgt-arm_20.2.7.LTS/bin/armcl" -mv4 --code_state=32 --include_path="C:/Users/30628/workspace_v12/msp430" --include_path="D:/learnData/ccs/ccs/tools/compiler/ti-cgt-arm_20.2.7.LTS/include" -g --diag_warning=225 --diag_wrap=off --display_error_number --preproc_with_compile --preproc_dependency="msp430-examples-master/msp430-examples-master/28-simpleLCD/main.d_raw" --obj_directory="msp430-examples-master/msp430-examples-master/28-simpleLCD"  "../msp430-examples-master/msp430-examples-master/28-simpleLCD/main.c"
 
>> Compilation failure
msp430-examples-master/msp430-examples-master/28-simpleLCD/subdir_rules.mk:9: recipe for target 'msp430-examples-master/msp430-examples-master/28-simpleLCD/main.obj' failed
"../msp430-examples-master/msp430-examples-master/28-simpleLCD/main.c", line 1: fatal error #1965: cannot open source file "msp430.h"
1 catastrophic error detected in the compilation of "../msp430-examples-master/msp430-examples-master/28-simpleLCD/main.c".
Compilation terminated.
gmake: *** [msp430-examples-master/msp430-examples-master/28-simpleLCD/main.obj] Error 1
Building file: "../msp430-examples-master/msp430-examples-master/29-capTouch/Application/main.c"
Invoking: Arm Compiler
"D:/learnData/ccs/ccs/tools/compiler/ti-cgt-arm_20.2.7.LTS/bin/armcl" -mv4 --code_state=32 --include_path="C:/Users/30628/workspace_v12/msp430" --include_path="D:/learnData/ccs/ccs/tools/compiler/ti-cgt-arm_20.2.7.LTS/include" -g --diag_warning=225 --diag_wrap=off --display_error_number --preproc_with_compile --preproc_dependency="msp430-examples-master/msp430-examples-master/29-capTouch/Application/main.d_raw" --obj_directory="msp430-examples-master/msp430-examples-master/29-capTouch/Application"  "../msp430-examples-master/msp430-examples-master/29-capTouch/Application/main.c"
 
>> Compilation failure
msp430-examples-master/msp430-examples-master/29-capTouch/Application/subdir_rules.mk:9: recipe for target 'msp430-examples-master/msp430-examples-master/29-capTouch/Application/main.obj' failed
"../msp430-examples-master/msp430-examples-master/29-capTouch/Application/main.c", line 1: fatal error #1965: cannot open source file "CTS_Layer.h"
1 catastrophic error detected in the compilation of "../msp430-examples-master/msp430-examples-master/29-capTouch/Application/main.c".
Compilation terminated.
gmake: *** [msp430-examples-master/msp430-examples-master/29-capTouch/Application/main.obj] Error 1
Building file: "../msp430-examples-master/msp430-examples-master/29-capTouch/Application/structure.c"
Invoking: Arm Compiler
"D:/learnData/ccs/ccs/tools/compiler/ti-cgt-arm_20.2.7.LTS/bin/armcl" -mv4 --code_state=32 --include_path="C:/Users/30628/workspace_v12/msp430" --include_path="D:/learnData/ccs/ccs/tools/compiler/ti-cgt-arm_20.2.7.LTS/include" -g --diag_warning=225 --diag_wrap=off --display_error_number --preproc_with_compile --preproc_dependency="msp430-examples-master/msp430-examples-master/29-capTouch/Application/structure.d_raw" --obj_directory="msp430-examples-master/msp430-examples-master/29-capTouch/Application"  "../msp430-examples-master/msp430-examples-master/29-capTouch/Application/structure.c"
 
>> Compilation failure
msp430-examples-master/msp430-examples-master/29-capTouch/Application/subdir_rules.mk:9: recipe for target 'msp430-examples-master/msp430-examples-master/29-capTouch/Application/structure.obj' failed
"..\msp430-examples-master\msp430-examples-master\29-capTouch\Application\structure.h", line 49: fatal error #1965: cannot open source file "msp430.h"
1 catastrophic error detected in the compilation of "../msp430-examples-master/msp430-examples-master/29-capTouch/Application/structure.c".
Compilation terminated.
gmake: *** [msp430-examples-master/msp430-examples-master/29-capTouch/Application/structure.obj] Error 1
Building file: "../msp430-examples-master/msp430-examples-master/29-capTouch/Library/CTS_HAL.c"
Invoking: Arm Compiler
"D:/learnData/ccs/ccs/tools/compiler/ti-cgt-arm_20.2.7.LTS/bin/armcl" -mv4 --code_state=32 --include_path="C:/Users/30628/workspace_v12/msp430" --include_path="D:/learnData/ccs/ccs/tools/compiler/ti-cgt-arm_20.2.7.LTS/include" -g --diag_warning=225 --diag_wrap=off --display_error_number --preproc_with_compile --preproc_dependency="msp430-examples-master/msp430-examples-master/29-capTouch/Library/CTS_HAL.d_raw" --obj_directory="msp430-examples-master/msp430-examples-master/29-capTouch/Library"  "../msp430-examples-master/msp430-examples-master/29-capTouch/Library/CTS_HAL.c"
 
>> Compilation failure
msp430-examples-master/msp430-examples-master/29-capTouch/Library/subdir_rules.mk:9: recipe for target 'msp430-examples-master/msp430-examples-master/29-capTouch/Library/CTS_HAL.obj' failed
"..\msp430-examples-master\msp430-examples-master\29-capTouch\Library\CTS_HAL.h", line 90: fatal error #1965: cannot open source file "structure.h"
1 catastrophic error detected in the compilation of "../msp430-examples-master/msp430-examples-master/29-capTouch/Library/CTS_HAL.c".
Compilation terminated.
gmake: *** [msp430-examples-master/msp430-examples-master/29-capTouch/Library/CTS_HAL.obj] Error 1
Building file: "../msp430-examples-master/msp430-examples-master/29-capTouch/Library/CTS_Layer.c"
Invoking: Arm Compiler
"D:/learnData/ccs/ccs/tools/compiler/ti-cgt-arm_20.2.7.LTS/bin/armcl" -mv4 --code_state=32 --include_path="C:/Users/30628/workspace_v12/msp430" --include_path="D:/learnData/ccs/ccs/tools/compiler/ti-cgt-arm_20.2.7.LTS/include" -g --diag_warning=225 --diag_wrap=off --display_error_number --preproc_with_compile --preproc_dependency="msp430-examples-master/msp430-examples-master/29-capTouch/Library/CTS_Layer.d_raw" --obj_directory="msp430-examples-master/msp430-examples-master/29-capTouch/Library"  "../msp430-examples-master/msp430-examples-master/29-capTouch/Library/CTS_Layer.c"
 
>> Compilation failure
msp430-examples-master/msp430-examples-master/29-capTouch/Library/subdir_rules.mk:9: recipe for target 'msp430-examples-master/msp430-examples-master/29-capTouch/Library/CTS_Layer.obj' failed
"..\msp430-examples-master\msp430-examples-master\29-capTouch\Library\CTS_HAL.h", line 90: fatal error #1965: cannot open source file "structure.h"
1 catastrophic error detected in the compilation of "../msp430-examples-master/msp430-examples-master/29-capTouch/Library/CTS_Layer.c".
Compilation terminated.
gmake: *** [msp430-examples-master/msp430-examples-master/29-capTouch/Library/CTS_Layer.obj] Error 1
Building file: "../msp430-examples-master/msp430-examples-master/30-melodyBuzzer/main.c"
Invoking: Arm Compiler
"D:/learnData/ccs/ccs/tools/compiler/ti-cgt-arm_20.2.7.LTS/bin/armcl" -mv4 --code_state=32 --include_path="C:/Users/30628/workspace_v12/msp430" --include_path="D:/learnData/ccs/ccs/tools/compiler/ti-cgt-arm_20.2.7.LTS/include" -g --diag_warning=225 --diag_wrap=off --display_error_number --preproc_with_compile --preproc_dependency="msp430-examples-master/msp430-examples-master/30-melodyBuzzer/main.d_raw" --obj_directory="msp430-examples-master/msp430-examples-master/30-melodyBuzzer"  "../msp430-examples-master/msp430-examples-master/30-melodyBuzzer/main.c"
 
>> Compilation failure
msp430-examples-master/msp430-examples-master/30-melodyBuzzer/subdir_rules.mk:9: recipe for target 'msp430-examples-master/msp430-examples-master/30-melodyBuzzer/main.obj' failed
"../msp430-examples-master/msp430-examples-master/30-melodyBuzzer/main.c", line 1: fatal error #1965: cannot open source file "msp430.h"
1 catastrophic error detected in the compilation of "../msp430-examples-master/msp430-examples-master/30-melodyBuzzer/main.c".
Compilation terminated.
gmake: *** [msp430-examples-master/msp430-examples-master/30-melodyBuzzer/main.obj] Error 1
gmake: Target 'all' not remade because of errors.

**** Build Finished ****

**** Build of configuration Debug for project msp430_20240926_ver1 ****

"D:\\learnData\\ccs\\ccs\\utils\\bin\\gmake" -k -j 20 all -O 
 
Building file: "../main.c"
Invoking: MSP430 Compiler
"D:/learnData/ccs/ccs/tools/compiler/ti-cgt-msp430_21.6.1.LTS/bin/cl430" -vmsp --use_hw_mpy=none --include_path="D:/learnData/ccs/ccs/ccs_base/msp430/include" --include_path="C:/Users/30628/workspace_v12/msp430_20240926_ver1" --include_path="D:/learnData/ccs/ccs/tools/compiler/ti-cgt-msp430_21.6.1.LTS/include" --advice:power=all --define=__MSP430G2533__ -g --printf_support=minimal --diag_warning=225 --diag_wrap=off --display_error_number --preproc_with_compile --preproc_dependency="main.d_raw"  "../main.c"
Finished building: "../main.c"
 
Building target: "msp430_20240926_ver1.out"
Invoking: MSP430 Linker
"D:/learnData/ccs/ccs/tools/compiler/ti-cgt-msp430_21.6.1.LTS/bin/cl430" -vmsp --use_hw_mpy=none --advice:power=all --define=__MSP430G2533__ -g --printf_support=minimal --diag_warning=225 --diag_wrap=off --display_error_number -z -m"msp430_20240926_ver1.map" --heap_size=80 --stack_size=80 -i"D:/learnData/ccs/ccs/ccs_base/msp430/include" -i"D:/learnData/ccs/ccs/tools/compiler/ti-cgt-msp430_21.6.1.LTS/lib" -i"D:/learnData/ccs/ccs/tools/compiler/ti-cgt-msp430_21.6.1.LTS/include" --reread_libs --diag_wrap=off --display_error_number --warn_sections --xml_link_info="msp430_20240926_ver1_linkInfo.xml" --use_hw_mpy=none --rom_model -o "msp430_20240926_ver1.out" "./main.obj" "../lnk_msp430g2533.cmd"  -llibc.a 
<Linking>
remark #10371-D: (ULP 1.1) Detected no uses of low power mode state changing instructions
remark #10372-D: (ULP 4.1) Detected uninitialized Port 1 in this project. Recommend initializing all unused ports to eliminate wasted current consumption on unused pins.
remark #10372-D: (ULP 4.1) Detected uninitialized Port 2 in this project. Recommend initializing all unused ports to eliminate wasted current consumption on unused pins.
remark #10372-D: (ULP 4.1) Detected uninitialized Port 3 in this project. Recommend initializing all unused ports to eliminate wasted current consumption on unused pins.
Finished building target: "msp430_20240926_ver1.out"
 

**** Build Finished ****

**** Build of configuration Debug for project 21-helloWorld ****

"D:\\learnData\\ccs\\ccs\\utils\\bin\\gmake" -k all 
 
gmake: Nothing to be done for 'all'.

**** Build Finished ****

**** Build of configuration Debug for project msp430_20240926_ver1 ****

"D:\\learnData\\ccs\\ccs\\utils\\bin\\gmake" -k -j 20 all -O 
 
gmake[1]: 'msp430_20240926_ver1.out' is up to date.

**** Build Finished ****

**** Build of configuration Debug for project 21-helloWorld ****

"D:\\learnData\\ccs\\ccs\\utils\\bin\\gmake" -k all 
 
gmake: Nothing to be done for 'all'.

**** Build Finished ****

**** Build of configuration Debug for project 21-helloWorld ****

"D:\\learnData\\ccs\\ccs\\utils\\bin\\gmake" -k all 
 
gmake: Nothing to be done for 'all'.

**** Build Finished ****

**** Build of configuration Debug for project 21-helloWorld ****

"D:\\learnData\\ccs\\ccs\\utils\\bin\\gmake" -k all 
 
gmake: Nothing to be done for 'all'.

**** Build Finished ****

**** Build of configuration Debug for project 21-helloWorld ****

"D:\\learnData\\ccs\\ccs\\utils\\bin\\gmake" -k all 
 
gmake: Nothing to be done for 'all'.

**** Build Finished ****

**** Build of configuration Debug for project 21-helloWorld ****

"D:\\learnData\\ccs\\ccs\\utils\\bin\\gmake" -k all 
 
gmake: Nothing to be done for 'all'.

**** Build Finished ****

**** Build of configuration Debug for project 21-helloWorld ****

"D:\\learnData\\ccs\\ccs\\utils\\bin\\gmake" -k all 
 
gmake: Nothing to be done for 'all'.

**** Build Finished ****

**** Build of configuration Debug for project test ****

"D:\\learnData\\ccs\\ccs\\utils\\bin\\gmake" -k -j 20 all -O 
 
Building file: "../main.c"
Invoking: MSP430 Compiler
"D:/learnData/ccs/ccs/tools/compiler/ti-cgt-msp430_21.6.1.LTS/bin/cl430" -vmsp --use_hw_mpy=none --include_path="D:/learnData/ccs/ccs/ccs_base/msp430/include" --include_path="C:/Users/30628/workspace_v12/test" --include_path="D:/learnData/ccs/ccs/tools/compiler/ti-cgt-msp430_21.6.1.LTS/include" --advice:power=all --define=__MSP430G2533__ -g --printf_support=minimal --diag_warning=225 --diag_wrap=off --display_error_number --preproc_with_compile --preproc_dependency="main.d_raw"  "../main.c"
"../main.c", line 10: remark #1528-D: (ULP 3.1) Detected flag polling using IFG2. Recommend using an interrupt combined with enter LPMx and ISR
"../main.c", line 21: remark #1527-D: (ULP 2.1) Detected SW delay loop using empty loop. Recommend using a timer module instead
"../main.c", line 39: remark #1527-D: (ULP 2.1) Detected SW delay loop using __delay_cycles. Recommend using a timer module instead
Finished building: "../main.c"
 
Building target: "test.out"
Invoking: MSP430 Linker
"D:/learnData/ccs/ccs/tools/compiler/ti-cgt-msp430_21.6.1.LTS/bin/cl430" -vmsp --use_hw_mpy=none --advice:power=all --define=__MSP430G2533__ -g --printf_support=minimal --diag_warning=225 --diag_wrap=off --display_error_number -z -m"test.map" --heap_size=80 --stack_size=80 -i"D:/learnData/ccs/ccs/ccs_base/msp430/include" -i"D:/learnData/ccs/ccs/tools/compiler/ti-cgt-msp430_21.6.1.LTS/lib" -i"D:/learnData/ccs/ccs/tools/compiler/ti-cgt-msp430_21.6.1.LTS/include" --reread_libs --diag_wrap=off --display_error_number --warn_sections --xml_link_info="test_linkInfo.xml" --use_hw_mpy=none --rom_model -o "test.out" "./main.obj" "../lnk_msp430g2533.cmd"  -llibc.a 
<Linking>
remark #10371-D: (ULP 1.1) Detected no uses of low power mode state changing instructions
remark #10372-D: (ULP 4.1) Detected uninitialized Port 2 in this project. Recommend initializing all unused ports to eliminate wasted current consumption on unused pins.
remark #10372-D: (ULP 4.1) Detected uninitialized Port 3 in this project. Recommend initializing all unused ports to eliminate wasted current consumption on unused pins.
Finished building target: "test.out"
 

**** Build Finished ****

**** Build of configuration Debug for project test ****

"D:\\learnData\\ccs\\ccs\\utils\\bin\\gmake" -k -j 20 all -O 
 
gmake[1]: 'test.out' is up to date.

**** Build Finished ****

**** Build of configuration Debug for project test ****

"D:\\learnData\\ccs\\ccs\\utils\\bin\\gmake" -k -j 20 all -O 
 
Building target: "test.out"
Invoking: MSP430 Linker
"D:/learnData/ccs/ccs/tools/compiler/ti-cgt-msp430_21.6.1.LTS/bin/cl430" -vmsp --use_hw_mpy=none --advice:power=all --define=__MSP430G2533__ -g --printf_support=minimal --diag_warning=225 --diag_wrap=off --display_error_number -z -m"test.map" --heap_size=80 --stack_size=80 -i"D:/learnData/ccs/ccs/ccs_base/msp430/include" -i"D:/learnData/ccs/ccs/tools/compiler/ti-cgt-msp430_21.6.1.LTS/lib" -i"D:/learnData/ccs/ccs/tools/compiler/ti-cgt-msp430_21.6.1.LTS/include" --reread_libs --diag_wrap=off --display_error_number --warn_sections --xml_link_info="test_linkInfo.xml" --use_hw_mpy=none --rom_model -o "test.out" "./main.obj" "../lnk_msp430g2533.cmd"  -llibc.a 
<Linking>
remark #10371-D: (ULP 1.1) Detected no uses of low power mode state changing instructions
remark #10372-D: (ULP 4.1) Detected uninitialized Port 2 in this project. Recommend initializing all unused ports to eliminate wasted current consumption on unused pins.
remark #10372-D: (ULP 4.1) Detected uninitialized Port 3 in this project. Recommend initializing all unused ports to eliminate wasted current consumption on unused pins.
Finished building target: "test.out"
 

**** Build Finished ****

**** Build of configuration Debug for project test ****

"D:\\learnData\\ccs\\ccs\\utils\\bin\\gmake" -k -j 20 all -O 
 
gmake[1]: 'test.out' is up to date.

**** Build Finished ****

**** Build of configuration Debug for project test ****

"D:\\learnData\\ccs\\ccs\\utils\\bin\\gmake" -k -j 20 all -O 
 
gmake[1]: 'test.out' is up to date.

**** Build Finished ****

**** Build of configuration Debug for project test ****

"D:\\learnData\\ccs\\ccs\\utils\\bin\\gmake" -k -j 20 all -O 
 
gmake[1]: 'test.out' is up to date.

**** Build Finished ****

**** Build of configuration Debug for project blinkTest ****

"D:\\learnData\\ccs\\ccs\\utils\\bin\\gmake" -k -j 20 all -O 
 
Building file: "../blink.c"
Invoking: MSP430 Compiler
"D:/learnData/ccs/ccs/tools/compiler/ti-cgt-msp430_21.6.1.LTS/bin/cl430" -vmsp --use_hw_mpy=none --include_path="D:/learnData/ccs/ccs/ccs_base/msp430/include" --include_path="C:/Users/30628/workspace_v12/blinkTest" --include_path="D:/learnData/ccs/ccs/tools/compiler/ti-cgt-msp430_21.6.1.LTS/include" --advice:power=all --define=__MSP430G2533__ -g --printf_support=minimal --diag_warning=225 --diag_wrap=off --display_error_number --preproc_with_compile --preproc_dependency="blink.d_raw"  "../blink.c"
"../blink.c", line 17: remark #1527-D: (ULP 2.1) Detected SW delay loop using empty loop. Recommend using a timer module instead
Finished building: "../blink.c"
 
Building target: "blinkTest.out"
Invoking: MSP430 Linker
"D:/learnData/ccs/ccs/tools/compiler/ti-cgt-msp430_21.6.1.LTS/bin/cl430" -vmsp --use_hw_mpy=none --advice:power=all --define=__MSP430G2533__ -g --printf_support=minimal --diag_warning=225 --diag_wrap=off --display_error_number -z -m"blinkTest.map" --heap_size=80 --stack_size=80 -i"D:/learnData/ccs/ccs/ccs_base/msp430/include" -i"D:/learnData/ccs/ccs/tools/compiler/ti-cgt-msp430_21.6.1.LTS/lib" -i"D:/learnData/ccs/ccs/tools/compiler/ti-cgt-msp430_21.6.1.LTS/include" --reread_libs --diag_wrap=off --display_error_number --warn_sections --xml_link_info="blinkTest_linkInfo.xml" --use_hw_mpy=none --rom_model -o "blinkTest.out" "./blink.obj" "../lnk_msp430g2533.cmd"  -llibc.a 
<Linking>
remark #10371-D: (ULP 1.1) Detected no uses of low power mode state changing instructions
remark #10372-D: (ULP 4.1) Detected uninitialized Port 2 in this project. Recommend initializing all unused ports to eliminate wasted current consumption on unused pins.
remark #10372-D: (ULP 4.1) Detected uninitialized Port 3 in this project. Recommend initializing all unused ports to eliminate wasted current consumption on unused pins.
Finished building target: "blinkTest.out"
 

**** Build Finished ****

**** Build of configuration Debug for project test ****

"D:\\learnData\\ccs\\ccs\\utils\\bin\\gmake" -k -j 20 all -O 
 
gmake[1]: 'test.out' is up to date.

**** Build Finished ****

**** Build of configuration Debug for project test ****

"D:\\learnData\\ccs\\ccs\\utils\\bin\\gmake" -k -j 20 all -O 
 
gmake[1]: 'test.out' is up to date.

**** Build Finished ****

**** Build of configuration Debug for project blinkTest ****

"D:\\learnData\\ccs\\ccs\\utils\\bin\\gmake" -k -j 20 all -O 
 
gmake[1]: 'blinkTest.out' is up to date.

**** Build Finished ****

**** Build of configuration Debug for project blinkTest ****

"D:\\learnData\\ccs\\ccs\\utils\\bin\\gmake" -k -j 20 all -O 
 
gmake[1]: 'blinkTest.out' is up to date.

**** Build Finished ****

**** Build of configuration Debug for project blinkTest ****

"D:\\learnData\\ccs\\ccs\\utils\\bin\\gmake" -k -j 20 all -O 
 
gmake[1]: 'blinkTest.out' is up to date.

**** Build Finished ****

**** Build of configuration Debug for project blinkTest ****

"D:\\learnData\\ccs\\ccs\\utils\\bin\\gmake" -k -j 20 all -O 
 
gmake[1]: 'blinkTest.out' is up to date.

**** Build Finished ****

**** Build of configuration Debug for project blinkTest ****

"D:\\learnData\\ccs\\ccs\\utils\\bin\\gmake" -k -j 20 all -O 
 
gmake[1]: 'blinkTest.out' is up to date.

**** Build Finished ****
